[2025-03-05T13:28:59.278+0000] {local_task_job_runner.py:123} INFO - ::group::Pre task execution logs
[2025-03-05T13:28:59.306+0000] {taskinstance.py:2614} INFO - Dependencies all met for dep_context=non-requeueable deps ti=<TaskInstance: crawl_categories_dag.crawl_categories manual__2025-03-04T15:43:45.224788+00:00 [queued]>
[2025-03-05T13:28:59.321+0000] {taskinstance.py:2614} INFO - Dependencies all met for dep_context=requeueable deps ti=<TaskInstance: crawl_categories_dag.crawl_categories manual__2025-03-04T15:43:45.224788+00:00 [queued]>
[2025-03-05T13:28:59.322+0000] {taskinstance.py:2867} INFO - Starting attempt 2 of 2
[2025-03-05T13:28:59.345+0000] {taskinstance.py:2890} INFO - Executing <Task(PythonOperator): crawl_categories> on 2025-03-04 15:43:45.224788+00:00
[2025-03-05T13:28:59.359+0000] {logging_mixin.py:190} WARNING - /home/***/.local/lib/python3.12/site-packages/***/task/task_runner/standard_task_runner.py:70 DeprecationWarning: This process (pid=170) is multi-threaded, use of fork() may lead to deadlocks in the child.
[2025-03-05T13:28:59.362+0000] {standard_task_runner.py:72} INFO - Started process 193 to run task
[2025-03-05T13:28:59.359+0000] {standard_task_runner.py:104} INFO - Running: ['***', 'tasks', 'run', 'crawl_categories_dag', 'crawl_categories', 'manual__2025-03-04T15:43:45.224788+00:00', '--job-id', '29', '--raw', '--subdir', 'DAGS_FOLDER/crawl_categories_dag.py', '--cfg-path', '/tmp/tmpb_haixmu']
[2025-03-05T13:28:59.364+0000] {standard_task_runner.py:105} INFO - Job 29: Subtask crawl_categories
[2025-03-05T13:28:59.387+0000] {logging_mixin.py:190} WARNING - /home/***/.local/lib/python3.12/site-packages/***/settings.py:209 DeprecationWarning: The sql_alchemy_conn option in [core] has been moved to the sql_alchemy_conn option in [database] - the old setting has been used, but please update your config.
[2025-03-05T13:28:59.438+0000] {task_command.py:467} INFO - Running <TaskInstance: crawl_categories_dag.crawl_categories manual__2025-03-04T15:43:45.224788+00:00 [running]> on host 0dad6d57031a
[2025-03-05T13:28:59.577+0000] {taskinstance.py:3134} INFO - Exporting env vars: AIRFLOW_CTX_DAG_OWNER='***' AIRFLOW_CTX_DAG_ID='crawl_categories_dag' AIRFLOW_CTX_TASK_ID='crawl_categories' AIRFLOW_CTX_EXECUTION_DATE='2025-03-04T15:43:45.224788+00:00' AIRFLOW_CTX_TRY_NUMBER='2' AIRFLOW_CTX_DAG_RUN_ID='manual__2025-03-04T15:43:45.224788+00:00'
[2025-03-05T13:28:59.579+0000] {taskinstance.py:732} INFO - ::endgroup::
[2025-03-05T13:29:00.240+0000] {logging_mixin.py:190} INFO - Đã lưu 26 category_id vào file: /opt/***/dags/categories/categories_id.csv
[2025-03-05T13:29:00.241+0000] {python.py:240} INFO - Done. Returned value was: None
[2025-03-05T13:29:00.258+0000] {taskinstance.py:341} INFO - ::group::Post task execution logs
[2025-03-05T13:29:00.259+0000] {taskinstance.py:353} INFO - Marking task as SUCCESS. dag_id=crawl_categories_dag, task_id=crawl_categories, run_id=manual__2025-03-04T15:43:45.224788+00:00, execution_date=20250304T154345, start_date=20250305T132859, end_date=20250305T132900
[2025-03-05T13:29:00.344+0000] {local_task_job_runner.py:266} INFO - Task exited with return code 0
[2025-03-05T13:29:00.367+0000] {taskinstance.py:3901} INFO - 0 downstream tasks scheduled from follow-on schedule check
[2025-03-05T13:29:00.371+0000] {local_task_job_runner.py:245} INFO - ::endgroup::
