[2025-03-04T15:24:42.950+0000] {processor.py:186} INFO - Started process (PID=401) to work on /opt/airflow/dags/crawl_categories_dag.py
[2025-03-04T15:24:42.955+0000] {processor.py:914} INFO - Processing file /opt/airflow/dags/crawl_categories_dag.py for tasks to queue
[2025-03-04T15:24:42.963+0000] {logging_mixin.py:190} INFO - [2025-03-04T15:24:42.962+0000] {dagbag.py:588} INFO - Filling up the DagBag from /opt/airflow/dags/crawl_categories_dag.py
[2025-03-04T15:24:49.043+0000] {processor.py:925} INFO - DAG(s) 'crawl_categories_dag' retrieved from /opt/airflow/dags/crawl_categories_dag.py
[2025-03-04T15:24:49.223+0000] {logging_mixin.py:190} INFO - [2025-03-04T15:24:49.222+0000] {override.py:1912} INFO - Created Permission View: can read on DAG:crawl_categories_dag
[2025-03-04T15:24:49.417+0000] {logging_mixin.py:190} INFO - [2025-03-04T15:24:49.416+0000] {override.py:1912} INFO - Created Permission View: can delete on DAG:crawl_categories_dag
[2025-03-04T15:24:49.479+0000] {logging_mixin.py:190} INFO - [2025-03-04T15:24:49.478+0000] {override.py:1912} INFO - Created Permission View: can edit on DAG:crawl_categories_dag
[2025-03-04T15:24:49.495+0000] {logging_mixin.py:190} INFO - [2025-03-04T15:24:49.495+0000] {override.py:1912} INFO - Created Permission View: menu access on DAG Run:crawl_categories_dag
[2025-03-04T15:24:49.508+0000] {logging_mixin.py:190} INFO - [2025-03-04T15:24:49.507+0000] {override.py:1912} INFO - Created Permission View: can read on DAG Run:crawl_categories_dag
[2025-03-04T15:24:49.522+0000] {logging_mixin.py:190} INFO - [2025-03-04T15:24:49.522+0000] {override.py:1912} INFO - Created Permission View: can delete on DAG Run:crawl_categories_dag
[2025-03-04T15:24:49.537+0000] {logging_mixin.py:190} INFO - [2025-03-04T15:24:49.537+0000] {override.py:1912} INFO - Created Permission View: can create on DAG Run:crawl_categories_dag
[2025-03-04T15:24:49.539+0000] {logging_mixin.py:190} INFO - [2025-03-04T15:24:49.538+0000] {dag.py:3239} INFO - Sync 1 DAGs
[2025-03-04T15:24:49.577+0000] {logging_mixin.py:190} INFO - [2025-03-04T15:24:49.576+0000] {dag.py:3262} INFO - Creating ORM DAG for crawl_categories_dag
[2025-03-04T15:24:49.602+0000] {logging_mixin.py:190} INFO - [2025-03-04T15:24:49.602+0000] {dag.py:4180} INFO - Setting next_dagrun for crawl_categories_dag to 2025-03-03 00:00:00+00:00, run_after=2025-03-04 00:00:00+00:00
[2025-03-04T15:24:49.652+0000] {processor.py:208} INFO - Processing /opt/airflow/dags/crawl_categories_dag.py took 6.729 seconds
[2025-03-04T15:25:20.181+0000] {processor.py:186} INFO - Started process (PID=412) to work on /opt/airflow/dags/crawl_categories_dag.py
[2025-03-04T15:25:20.182+0000] {processor.py:914} INFO - Processing file /opt/airflow/dags/crawl_categories_dag.py for tasks to queue
[2025-03-04T15:25:20.185+0000] {logging_mixin.py:190} INFO - [2025-03-04T15:25:20.184+0000] {dagbag.py:588} INFO - Filling up the DagBag from /opt/airflow/dags/crawl_categories_dag.py
[2025-03-04T15:25:20.871+0000] {processor.py:925} INFO - DAG(s) 'crawl_categories_dag' retrieved from /opt/airflow/dags/crawl_categories_dag.py
[2025-03-04T15:25:20.907+0000] {logging_mixin.py:190} INFO - [2025-03-04T15:25:20.906+0000] {dag.py:3239} INFO - Sync 1 DAGs
[2025-03-04T15:25:20.941+0000] {logging_mixin.py:190} INFO - [2025-03-04T15:25:20.941+0000] {dag.py:4180} INFO - Setting next_dagrun for crawl_categories_dag to 2025-03-03 00:00:00+00:00, run_after=2025-03-04 00:00:00+00:00
[2025-03-04T15:25:20.959+0000] {processor.py:208} INFO - Processing /opt/airflow/dags/crawl_categories_dag.py took 0.784 seconds
[2025-03-04T15:25:51.379+0000] {processor.py:186} INFO - Started process (PID=431) to work on /opt/airflow/dags/crawl_categories_dag.py
[2025-03-04T15:25:51.381+0000] {processor.py:914} INFO - Processing file /opt/airflow/dags/crawl_categories_dag.py for tasks to queue
[2025-03-04T15:25:51.385+0000] {logging_mixin.py:190} INFO - [2025-03-04T15:25:51.384+0000] {dagbag.py:588} INFO - Filling up the DagBag from /opt/airflow/dags/crawl_categories_dag.py
[2025-03-04T15:25:52.343+0000] {processor.py:925} INFO - DAG(s) 'crawl_categories_dag' retrieved from /opt/airflow/dags/crawl_categories_dag.py
[2025-03-04T15:25:52.380+0000] {logging_mixin.py:190} INFO - [2025-03-04T15:25:52.379+0000] {dag.py:3239} INFO - Sync 1 DAGs
[2025-03-04T15:25:52.420+0000] {logging_mixin.py:190} INFO - [2025-03-04T15:25:52.420+0000] {dag.py:4180} INFO - Setting next_dagrun for crawl_categories_dag to 2025-03-04 00:00:00+00:00, run_after=2025-03-05 00:00:00+00:00
[2025-03-04T15:25:52.458+0000] {processor.py:208} INFO - Processing /opt/airflow/dags/crawl_categories_dag.py took 1.088 seconds
[2025-03-04T15:26:21.895+0000] {processor.py:186} INFO - Started process (PID=442) to work on /opt/airflow/dags/crawl_categories_dag.py
[2025-03-04T15:26:21.896+0000] {processor.py:914} INFO - Processing file /opt/airflow/dags/crawl_categories_dag.py for tasks to queue
[2025-03-04T15:26:21.898+0000] {logging_mixin.py:190} INFO - [2025-03-04T15:26:21.898+0000] {dagbag.py:588} INFO - Filling up the DagBag from /opt/airflow/dags/crawl_categories_dag.py
[2025-03-04T15:26:22.555+0000] {processor.py:925} INFO - DAG(s) 'crawl_categories_dag' retrieved from /opt/airflow/dags/crawl_categories_dag.py
[2025-03-04T15:26:22.582+0000] {logging_mixin.py:190} INFO - [2025-03-04T15:26:22.582+0000] {dag.py:3239} INFO - Sync 1 DAGs
[2025-03-04T15:26:22.611+0000] {logging_mixin.py:190} INFO - [2025-03-04T15:26:22.610+0000] {dag.py:4180} INFO - Setting next_dagrun for crawl_categories_dag to 2025-03-04 00:00:00+00:00, run_after=2025-03-05 00:00:00+00:00
[2025-03-04T15:26:22.641+0000] {processor.py:208} INFO - Processing /opt/airflow/dags/crawl_categories_dag.py took 0.752 seconds
[2025-03-04T15:26:39.952+0000] {processor.py:186} INFO - Started process (PID=453) to work on /opt/airflow/dags/crawl_categories_dag.py
[2025-03-04T15:26:39.953+0000] {processor.py:914} INFO - Processing file /opt/airflow/dags/crawl_categories_dag.py for tasks to queue
[2025-03-04T15:26:39.956+0000] {logging_mixin.py:190} INFO - [2025-03-04T15:26:39.955+0000] {dagbag.py:588} INFO - Filling up the DagBag from /opt/airflow/dags/crawl_categories_dag.py
[2025-03-04T15:26:39.977+0000] {logging_mixin.py:190} INFO - [2025-03-04T15:26:39.976+0000] {dagbag.py:387} ERROR - Failed to import: /opt/airflow/dags/crawl_categories_dag.py
Traceback (most recent call last):
  File "/home/airflow/.local/lib/python3.12/site-packages/airflow/models/dagbag.py", line 383, in parse
    loader.exec_module(new_module)
  File "<frozen importlib._bootstrap_external>", line 995, in exec_module
  File "<frozen importlib._bootstrap_external>", line 1133, in get_code
  File "<frozen importlib._bootstrap_external>", line 1063, in source_to_code
  File "<frozen importlib._bootstrap>", line 488, in _call_with_frames_removed
  File "/opt/airflow/dags/crawl_categories_dag.py", line 45
    categories_id = []
IndentationError: unexpected indent
[2025-03-04T15:26:39.977+0000] {processor.py:927} WARNING - No viable dags retrieved from /opt/airflow/dags/crawl_categories_dag.py
[2025-03-04T15:26:40.000+0000] {processor.py:208} INFO - Processing /opt/airflow/dags/crawl_categories_dag.py took 0.054 seconds
[2025-03-04T15:26:41.996+0000] {processor.py:186} INFO - Started process (PID=458) to work on /opt/airflow/dags/crawl_categories_dag.py
[2025-03-04T15:26:41.997+0000] {processor.py:914} INFO - Processing file /opt/airflow/dags/crawl_categories_dag.py for tasks to queue
[2025-03-04T15:26:42.000+0000] {logging_mixin.py:190} INFO - [2025-03-04T15:26:41.999+0000] {dagbag.py:588} INFO - Filling up the DagBag from /opt/airflow/dags/crawl_categories_dag.py
[2025-03-04T15:26:42.567+0000] {processor.py:925} INFO - DAG(s) 'crawl_categories_dag' retrieved from /opt/airflow/dags/crawl_categories_dag.py
[2025-03-04T15:26:42.595+0000] {logging_mixin.py:190} INFO - [2025-03-04T15:26:42.594+0000] {dag.py:3239} INFO - Sync 1 DAGs
[2025-03-04T15:26:42.619+0000] {logging_mixin.py:190} INFO - [2025-03-04T15:26:42.619+0000] {dag.py:4180} INFO - Setting next_dagrun for crawl_categories_dag to 2025-03-04 00:00:00+00:00, run_after=2025-03-05 00:00:00+00:00
[2025-03-04T15:26:42.642+0000] {processor.py:208} INFO - Processing /opt/airflow/dags/crawl_categories_dag.py took 0.652 seconds
[2025-03-04T15:26:47.802+0000] {processor.py:186} INFO - Started process (PID=464) to work on /opt/airflow/dags/crawl_categories_dag.py
[2025-03-04T15:26:47.803+0000] {processor.py:914} INFO - Processing file /opt/airflow/dags/crawl_categories_dag.py for tasks to queue
[2025-03-04T15:26:47.805+0000] {logging_mixin.py:190} INFO - [2025-03-04T15:26:47.805+0000] {dagbag.py:588} INFO - Filling up the DagBag from /opt/airflow/dags/crawl_categories_dag.py
[2025-03-04T15:26:48.656+0000] {processor.py:925} INFO - DAG(s) 'crawl_categories_dag' retrieved from /opt/airflow/dags/crawl_categories_dag.py
[2025-03-04T15:26:48.690+0000] {logging_mixin.py:190} INFO - [2025-03-04T15:26:48.689+0000] {dag.py:3239} INFO - Sync 1 DAGs
[2025-03-04T15:26:48.717+0000] {logging_mixin.py:190} INFO - [2025-03-04T15:26:48.717+0000] {dag.py:4180} INFO - Setting next_dagrun for crawl_categories_dag to 2025-03-04 00:00:00+00:00, run_after=2025-03-05 00:00:00+00:00
[2025-03-04T15:26:48.743+0000] {processor.py:208} INFO - Processing /opt/airflow/dags/crawl_categories_dag.py took 0.948 seconds
[2025-03-04T15:27:02.050+0000] {processor.py:186} INFO - Started process (PID=475) to work on /opt/airflow/dags/crawl_categories_dag.py
[2025-03-04T15:27:02.053+0000] {processor.py:914} INFO - Processing file /opt/airflow/dags/crawl_categories_dag.py for tasks to queue
[2025-03-04T15:27:02.058+0000] {logging_mixin.py:190} INFO - [2025-03-04T15:27:02.057+0000] {dagbag.py:588} INFO - Filling up the DagBag from /opt/airflow/dags/crawl_categories_dag.py
[2025-03-04T15:27:02.734+0000] {processor.py:925} INFO - DAG(s) 'crawl_categories_dag' retrieved from /opt/airflow/dags/crawl_categories_dag.py
[2025-03-04T15:27:02.758+0000] {logging_mixin.py:190} INFO - [2025-03-04T15:27:02.757+0000] {dag.py:3239} INFO - Sync 1 DAGs
[2025-03-04T15:27:02.783+0000] {logging_mixin.py:190} INFO - [2025-03-04T15:27:02.782+0000] {dag.py:4180} INFO - Setting next_dagrun for crawl_categories_dag to 2025-03-04 00:00:00+00:00, run_after=2025-03-05 00:00:00+00:00
[2025-03-04T15:27:02.808+0000] {processor.py:208} INFO - Processing /opt/airflow/dags/crawl_categories_dag.py took 0.776 seconds
[2025-03-04T15:27:33.624+0000] {processor.py:186} INFO - Started process (PID=490) to work on /opt/airflow/dags/crawl_categories_dag.py
[2025-03-04T15:27:33.625+0000] {processor.py:914} INFO - Processing file /opt/airflow/dags/crawl_categories_dag.py for tasks to queue
[2025-03-04T15:27:33.628+0000] {logging_mixin.py:190} INFO - [2025-03-04T15:27:33.627+0000] {dagbag.py:588} INFO - Filling up the DagBag from /opt/airflow/dags/crawl_categories_dag.py
[2025-03-04T15:27:34.245+0000] {processor.py:925} INFO - DAG(s) 'crawl_categories_dag' retrieved from /opt/airflow/dags/crawl_categories_dag.py
[2025-03-04T15:27:34.272+0000] {logging_mixin.py:190} INFO - [2025-03-04T15:27:34.272+0000] {dag.py:3239} INFO - Sync 1 DAGs
[2025-03-04T15:27:34.318+0000] {logging_mixin.py:190} INFO - [2025-03-04T15:27:34.318+0000] {dag.py:4180} INFO - Setting next_dagrun for crawl_categories_dag to 2025-03-04 00:00:00+00:00, run_after=2025-03-05 00:00:00+00:00
[2025-03-04T15:27:34.340+0000] {processor.py:208} INFO - Processing /opt/airflow/dags/crawl_categories_dag.py took 0.722 seconds
[2025-03-04T15:28:05.074+0000] {processor.py:186} INFO - Started process (PID=501) to work on /opt/airflow/dags/crawl_categories_dag.py
[2025-03-04T15:28:05.076+0000] {processor.py:914} INFO - Processing file /opt/airflow/dags/crawl_categories_dag.py for tasks to queue
[2025-03-04T15:28:05.078+0000] {logging_mixin.py:190} INFO - [2025-03-04T15:28:05.078+0000] {dagbag.py:588} INFO - Filling up the DagBag from /opt/airflow/dags/crawl_categories_dag.py
[2025-03-04T15:28:05.796+0000] {processor.py:925} INFO - DAG(s) 'crawl_categories_dag' retrieved from /opt/airflow/dags/crawl_categories_dag.py
[2025-03-04T15:28:05.816+0000] {logging_mixin.py:190} INFO - [2025-03-04T15:28:05.816+0000] {dag.py:3239} INFO - Sync 1 DAGs
[2025-03-04T15:28:05.837+0000] {logging_mixin.py:190} INFO - [2025-03-04T15:28:05.837+0000] {dag.py:4180} INFO - Setting next_dagrun for crawl_categories_dag to 2025-03-04 00:00:00+00:00, run_after=2025-03-05 00:00:00+00:00
[2025-03-04T15:28:05.866+0000] {processor.py:208} INFO - Processing /opt/airflow/dags/crawl_categories_dag.py took 0.799 seconds
[2025-03-04T15:28:36.752+0000] {processor.py:186} INFO - Started process (PID=514) to work on /opt/airflow/dags/crawl_categories_dag.py
[2025-03-04T15:28:36.753+0000] {processor.py:914} INFO - Processing file /opt/airflow/dags/crawl_categories_dag.py for tasks to queue
[2025-03-04T15:28:36.756+0000] {logging_mixin.py:190} INFO - [2025-03-04T15:28:36.755+0000] {dagbag.py:588} INFO - Filling up the DagBag from /opt/airflow/dags/crawl_categories_dag.py
[2025-03-04T15:28:37.404+0000] {processor.py:925} INFO - DAG(s) 'crawl_categories_dag' retrieved from /opt/airflow/dags/crawl_categories_dag.py
[2025-03-04T15:28:37.429+0000] {logging_mixin.py:190} INFO - [2025-03-04T15:28:37.429+0000] {dag.py:3239} INFO - Sync 1 DAGs
[2025-03-04T15:28:37.452+0000] {logging_mixin.py:190} INFO - [2025-03-04T15:28:37.452+0000] {dag.py:4180} INFO - Setting next_dagrun for crawl_categories_dag to 2025-03-04 00:00:00+00:00, run_after=2025-03-05 00:00:00+00:00
[2025-03-04T15:28:37.474+0000] {processor.py:208} INFO - Processing /opt/airflow/dags/crawl_categories_dag.py took 0.729 seconds
[2025-03-04T15:29:08.157+0000] {processor.py:186} INFO - Started process (PID=525) to work on /opt/airflow/dags/crawl_categories_dag.py
[2025-03-04T15:29:08.158+0000] {processor.py:914} INFO - Processing file /opt/airflow/dags/crawl_categories_dag.py for tasks to queue
[2025-03-04T15:29:08.161+0000] {logging_mixin.py:190} INFO - [2025-03-04T15:29:08.160+0000] {dagbag.py:588} INFO - Filling up the DagBag from /opt/airflow/dags/crawl_categories_dag.py
[2025-03-04T15:29:08.947+0000] {processor.py:925} INFO - DAG(s) 'crawl_categories_dag' retrieved from /opt/airflow/dags/crawl_categories_dag.py
[2025-03-04T15:29:08.979+0000] {logging_mixin.py:190} INFO - [2025-03-04T15:29:08.979+0000] {dag.py:3239} INFO - Sync 1 DAGs
[2025-03-04T15:29:09.011+0000] {logging_mixin.py:190} INFO - [2025-03-04T15:29:09.011+0000] {dag.py:4180} INFO - Setting next_dagrun for crawl_categories_dag to 2025-03-04 00:00:00+00:00, run_after=2025-03-05 00:00:00+00:00
[2025-03-04T15:29:09.046+0000] {processor.py:208} INFO - Processing /opt/airflow/dags/crawl_categories_dag.py took 0.894 seconds
[2025-03-04T15:36:27.403+0000] {processor.py:186} INFO - Started process (PID=169) to work on /opt/airflow/dags/crawl_categories_dag.py
[2025-03-04T15:36:27.415+0000] {processor.py:914} INFO - Processing file /opt/airflow/dags/crawl_categories_dag.py for tasks to queue
[2025-03-04T15:36:27.422+0000] {logging_mixin.py:190} INFO - [2025-03-04T15:36:27.420+0000] {dagbag.py:588} INFO - Filling up the DagBag from /opt/airflow/dags/crawl_categories_dag.py
[2025-03-04T15:36:30.394+0000] {processor.py:925} INFO - DAG(s) 'crawl_categories_dag' retrieved from /opt/airflow/dags/crawl_categories_dag.py
[2025-03-04T15:36:30.424+0000] {logging_mixin.py:190} INFO - [2025-03-04T15:36:30.424+0000] {dag.py:3239} INFO - Sync 1 DAGs
[2025-03-04T15:36:30.465+0000] {logging_mixin.py:190} INFO - [2025-03-04T15:36:30.464+0000] {dag.py:4180} INFO - Setting next_dagrun for crawl_categories_dag to 2025-03-04 00:00:00+00:00, run_after=2025-03-05 00:00:00+00:00
[2025-03-04T15:36:30.496+0000] {processor.py:208} INFO - Processing /opt/airflow/dags/crawl_categories_dag.py took 3.114 seconds
[2025-03-04T15:37:00.842+0000] {processor.py:186} INFO - Started process (PID=188) to work on /opt/airflow/dags/crawl_categories_dag.py
[2025-03-04T15:37:00.843+0000] {processor.py:914} INFO - Processing file /opt/airflow/dags/crawl_categories_dag.py for tasks to queue
[2025-03-04T15:37:00.845+0000] {logging_mixin.py:190} INFO - [2025-03-04T15:37:00.845+0000] {dagbag.py:588} INFO - Filling up the DagBag from /opt/airflow/dags/crawl_categories_dag.py
[2025-03-04T15:37:01.453+0000] {processor.py:925} INFO - DAG(s) 'crawl_categories_dag' retrieved from /opt/airflow/dags/crawl_categories_dag.py
[2025-03-04T15:37:01.474+0000] {logging_mixin.py:190} INFO - [2025-03-04T15:37:01.473+0000] {dag.py:3239} INFO - Sync 1 DAGs
[2025-03-04T15:37:01.496+0000] {logging_mixin.py:190} INFO - [2025-03-04T15:37:01.495+0000] {dag.py:4180} INFO - Setting next_dagrun for crawl_categories_dag to 2025-03-04 00:00:00+00:00, run_after=2025-03-05 00:00:00+00:00
[2025-03-04T15:37:01.534+0000] {processor.py:208} INFO - Processing /opt/airflow/dags/crawl_categories_dag.py took 0.699 seconds
[2025-03-04T15:37:32.114+0000] {processor.py:186} INFO - Started process (PID=199) to work on /opt/airflow/dags/crawl_categories_dag.py
[2025-03-04T15:37:32.116+0000] {processor.py:914} INFO - Processing file /opt/airflow/dags/crawl_categories_dag.py for tasks to queue
[2025-03-04T15:37:32.118+0000] {logging_mixin.py:190} INFO - [2025-03-04T15:37:32.118+0000] {dagbag.py:588} INFO - Filling up the DagBag from /opt/airflow/dags/crawl_categories_dag.py
[2025-03-04T15:37:32.734+0000] {processor.py:925} INFO - DAG(s) 'crawl_categories_dag' retrieved from /opt/airflow/dags/crawl_categories_dag.py
[2025-03-04T15:37:32.754+0000] {logging_mixin.py:190} INFO - [2025-03-04T15:37:32.754+0000] {dag.py:3239} INFO - Sync 1 DAGs
[2025-03-04T15:37:32.776+0000] {logging_mixin.py:190} INFO - [2025-03-04T15:37:32.775+0000] {dag.py:4180} INFO - Setting next_dagrun for crawl_categories_dag to 2025-03-04 00:00:00+00:00, run_after=2025-03-05 00:00:00+00:00
[2025-03-04T15:37:32.795+0000] {processor.py:208} INFO - Processing /opt/airflow/dags/crawl_categories_dag.py took 0.687 seconds
[2025-03-04T15:38:03.632+0000] {processor.py:186} INFO - Started process (PID=210) to work on /opt/airflow/dags/crawl_categories_dag.py
[2025-03-04T15:38:03.633+0000] {processor.py:914} INFO - Processing file /opt/airflow/dags/crawl_categories_dag.py for tasks to queue
[2025-03-04T15:38:03.637+0000] {logging_mixin.py:190} INFO - [2025-03-04T15:38:03.637+0000] {dagbag.py:588} INFO - Filling up the DagBag from /opt/airflow/dags/crawl_categories_dag.py
[2025-03-04T15:38:04.295+0000] {processor.py:925} INFO - DAG(s) 'crawl_categories_dag' retrieved from /opt/airflow/dags/crawl_categories_dag.py
[2025-03-04T15:38:04.323+0000] {logging_mixin.py:190} INFO - [2025-03-04T15:38:04.322+0000] {dag.py:3239} INFO - Sync 1 DAGs
[2025-03-04T15:38:04.351+0000] {logging_mixin.py:190} INFO - [2025-03-04T15:38:04.351+0000] {dag.py:4180} INFO - Setting next_dagrun for crawl_categories_dag to 2025-03-04 00:00:00+00:00, run_after=2025-03-05 00:00:00+00:00
[2025-03-04T15:38:04.394+0000] {processor.py:208} INFO - Processing /opt/airflow/dags/crawl_categories_dag.py took 0.770 seconds
[2025-03-04T15:38:34.809+0000] {processor.py:186} INFO - Started process (PID=221) to work on /opt/airflow/dags/crawl_categories_dag.py
[2025-03-04T15:38:34.810+0000] {processor.py:914} INFO - Processing file /opt/airflow/dags/crawl_categories_dag.py for tasks to queue
[2025-03-04T15:38:34.812+0000] {logging_mixin.py:190} INFO - [2025-03-04T15:38:34.812+0000] {dagbag.py:588} INFO - Filling up the DagBag from /opt/airflow/dags/crawl_categories_dag.py
[2025-03-04T15:38:35.561+0000] {processor.py:925} INFO - DAG(s) 'crawl_categories_dag' retrieved from /opt/airflow/dags/crawl_categories_dag.py
[2025-03-04T15:38:35.583+0000] {logging_mixin.py:190} INFO - [2025-03-04T15:38:35.582+0000] {dag.py:3239} INFO - Sync 1 DAGs
[2025-03-04T15:38:35.607+0000] {logging_mixin.py:190} INFO - [2025-03-04T15:38:35.607+0000] {dag.py:4180} INFO - Setting next_dagrun for crawl_categories_dag to 2025-03-04 00:00:00+00:00, run_after=2025-03-05 00:00:00+00:00
[2025-03-04T15:38:35.625+0000] {processor.py:208} INFO - Processing /opt/airflow/dags/crawl_categories_dag.py took 0.822 seconds
[2025-03-04T15:39:06.024+0000] {processor.py:186} INFO - Started process (PID=236) to work on /opt/airflow/dags/crawl_categories_dag.py
[2025-03-04T15:39:06.026+0000] {processor.py:914} INFO - Processing file /opt/airflow/dags/crawl_categories_dag.py for tasks to queue
[2025-03-04T15:39:06.033+0000] {logging_mixin.py:190} INFO - [2025-03-04T15:39:06.032+0000] {dagbag.py:588} INFO - Filling up the DagBag from /opt/airflow/dags/crawl_categories_dag.py
[2025-03-04T15:39:06.936+0000] {processor.py:925} INFO - DAG(s) 'crawl_categories_dag' retrieved from /opt/airflow/dags/crawl_categories_dag.py
[2025-03-04T15:39:06.963+0000] {logging_mixin.py:190} INFO - [2025-03-04T15:39:06.963+0000] {dag.py:3239} INFO - Sync 1 DAGs
[2025-03-04T15:39:06.990+0000] {logging_mixin.py:190} INFO - [2025-03-04T15:39:06.990+0000] {dag.py:4180} INFO - Setting next_dagrun for crawl_categories_dag to 2025-03-04 00:00:00+00:00, run_after=2025-03-05 00:00:00+00:00
[2025-03-04T15:39:07.032+0000] {processor.py:208} INFO - Processing /opt/airflow/dags/crawl_categories_dag.py took 1.023 seconds
[2025-03-04T15:39:37.521+0000] {processor.py:186} INFO - Started process (PID=247) to work on /opt/airflow/dags/crawl_categories_dag.py
[2025-03-04T15:39:37.523+0000] {processor.py:914} INFO - Processing file /opt/airflow/dags/crawl_categories_dag.py for tasks to queue
[2025-03-04T15:39:37.527+0000] {logging_mixin.py:190} INFO - [2025-03-04T15:39:37.527+0000] {dagbag.py:588} INFO - Filling up the DagBag from /opt/airflow/dags/crawl_categories_dag.py
[2025-03-04T15:39:38.527+0000] {processor.py:925} INFO - DAG(s) 'crawl_categories_dag' retrieved from /opt/airflow/dags/crawl_categories_dag.py
[2025-03-04T15:39:38.562+0000] {logging_mixin.py:190} INFO - [2025-03-04T15:39:38.562+0000] {dag.py:3239} INFO - Sync 1 DAGs
[2025-03-04T15:39:38.602+0000] {logging_mixin.py:190} INFO - [2025-03-04T15:39:38.602+0000] {dag.py:4180} INFO - Setting next_dagrun for crawl_categories_dag to 2025-03-04 00:00:00+00:00, run_after=2025-03-05 00:00:00+00:00
[2025-03-04T15:39:38.632+0000] {processor.py:208} INFO - Processing /opt/airflow/dags/crawl_categories_dag.py took 1.121 seconds
[2025-03-04T15:40:01.936+0000] {processor.py:186} INFO - Started process (PID=258) to work on /opt/airflow/dags/crawl_categories_dag.py
[2025-03-04T15:40:01.938+0000] {processor.py:914} INFO - Processing file /opt/airflow/dags/crawl_categories_dag.py for tasks to queue
[2025-03-04T15:40:01.944+0000] {logging_mixin.py:190} INFO - [2025-03-04T15:40:01.943+0000] {dagbag.py:588} INFO - Filling up the DagBag from /opt/airflow/dags/crawl_categories_dag.py
[2025-03-04T15:40:02.942+0000] {processor.py:925} INFO - DAG(s) 'crawl_categories_dag' retrieved from /opt/airflow/dags/crawl_categories_dag.py
[2025-03-04T15:40:02.972+0000] {logging_mixin.py:190} INFO - [2025-03-04T15:40:02.972+0000] {dag.py:3239} INFO - Sync 1 DAGs
[2025-03-04T15:40:03.008+0000] {logging_mixin.py:190} INFO - [2025-03-04T15:40:03.008+0000] {dag.py:4180} INFO - Setting next_dagrun for crawl_categories_dag to 2025-03-04 00:00:00+00:00, run_after=2025-03-05 00:00:00+00:00
[2025-03-04T15:40:03.048+0000] {processor.py:208} INFO - Processing /opt/airflow/dags/crawl_categories_dag.py took 1.122 seconds
[2025-03-04T15:40:05.066+0000] {processor.py:186} INFO - Started process (PID=264) to work on /opt/airflow/dags/crawl_categories_dag.py
[2025-03-04T15:40:05.068+0000] {processor.py:914} INFO - Processing file /opt/airflow/dags/crawl_categories_dag.py for tasks to queue
[2025-03-04T15:40:05.071+0000] {logging_mixin.py:190} INFO - [2025-03-04T15:40:05.070+0000] {dagbag.py:588} INFO - Filling up the DagBag from /opt/airflow/dags/crawl_categories_dag.py
[2025-03-04T15:40:05.772+0000] {processor.py:925} INFO - DAG(s) 'crawl_categories_dag' retrieved from /opt/airflow/dags/crawl_categories_dag.py
[2025-03-04T15:40:05.801+0000] {logging_mixin.py:190} INFO - [2025-03-04T15:40:05.801+0000] {dag.py:3239} INFO - Sync 1 DAGs
[2025-03-04T15:40:05.839+0000] {logging_mixin.py:190} INFO - [2025-03-04T15:40:05.839+0000] {dag.py:4180} INFO - Setting next_dagrun for crawl_categories_dag to 2025-03-04 00:00:00+00:00, run_after=2025-03-05 00:00:00+00:00
[2025-03-04T15:40:05.867+0000] {processor.py:208} INFO - Processing /opt/airflow/dags/crawl_categories_dag.py took 0.809 seconds
[2025-03-04T15:40:37.233+0000] {processor.py:186} INFO - Started process (PID=279) to work on /opt/airflow/dags/crawl_categories_dag.py
[2025-03-04T15:40:37.235+0000] {processor.py:914} INFO - Processing file /opt/airflow/dags/crawl_categories_dag.py for tasks to queue
[2025-03-04T15:40:37.238+0000] {logging_mixin.py:190} INFO - [2025-03-04T15:40:37.237+0000] {dagbag.py:588} INFO - Filling up the DagBag from /opt/airflow/dags/crawl_categories_dag.py
[2025-03-04T15:40:38.076+0000] {processor.py:925} INFO - DAG(s) 'crawl_categories_dag' retrieved from /opt/airflow/dags/crawl_categories_dag.py
[2025-03-04T15:40:38.105+0000] {logging_mixin.py:190} INFO - [2025-03-04T15:40:38.105+0000] {dag.py:3239} INFO - Sync 1 DAGs
[2025-03-04T15:40:38.136+0000] {logging_mixin.py:190} INFO - [2025-03-04T15:40:38.136+0000] {dag.py:4180} INFO - Setting next_dagrun for crawl_categories_dag to 2025-03-04 00:00:00+00:00, run_after=2025-03-05 00:00:00+00:00
[2025-03-04T15:40:38.161+0000] {processor.py:208} INFO - Processing /opt/airflow/dags/crawl_categories_dag.py took 0.935 seconds
[2025-03-04T15:41:08.535+0000] {processor.py:186} INFO - Started process (PID=290) to work on /opt/airflow/dags/crawl_categories_dag.py
[2025-03-04T15:41:08.536+0000] {processor.py:914} INFO - Processing file /opt/airflow/dags/crawl_categories_dag.py for tasks to queue
[2025-03-04T15:41:08.540+0000] {logging_mixin.py:190} INFO - [2025-03-04T15:41:08.539+0000] {dagbag.py:588} INFO - Filling up the DagBag from /opt/airflow/dags/crawl_categories_dag.py
[2025-03-04T15:41:09.349+0000] {processor.py:925} INFO - DAG(s) 'crawl_categories_dag' retrieved from /opt/airflow/dags/crawl_categories_dag.py
[2025-03-04T15:41:09.371+0000] {logging_mixin.py:190} INFO - [2025-03-04T15:41:09.371+0000] {dag.py:3239} INFO - Sync 1 DAGs
[2025-03-04T15:41:09.395+0000] {logging_mixin.py:190} INFO - [2025-03-04T15:41:09.395+0000] {dag.py:4180} INFO - Setting next_dagrun for crawl_categories_dag to 2025-03-04 00:00:00+00:00, run_after=2025-03-05 00:00:00+00:00
[2025-03-04T15:41:09.431+0000] {processor.py:208} INFO - Processing /opt/airflow/dags/crawl_categories_dag.py took 0.903 seconds
[2025-03-04T15:41:39.543+0000] {processor.py:186} INFO - Started process (PID=301) to work on /opt/airflow/dags/crawl_categories_dag.py
[2025-03-04T15:41:39.545+0000] {processor.py:914} INFO - Processing file /opt/airflow/dags/crawl_categories_dag.py for tasks to queue
[2025-03-04T15:41:39.550+0000] {logging_mixin.py:190} INFO - [2025-03-04T15:41:39.550+0000] {dagbag.py:588} INFO - Filling up the DagBag from /opt/airflow/dags/crawl_categories_dag.py
[2025-03-04T15:41:41.678+0000] {processor.py:925} INFO - DAG(s) 'crawl_categories_dag' retrieved from /opt/airflow/dags/crawl_categories_dag.py
[2025-03-04T15:41:41.731+0000] {logging_mixin.py:190} INFO - [2025-03-04T15:41:41.730+0000] {dag.py:3239} INFO - Sync 1 DAGs
[2025-03-04T15:41:41.815+0000] {logging_mixin.py:190} INFO - [2025-03-04T15:41:41.814+0000] {dag.py:4180} INFO - Setting next_dagrun for crawl_categories_dag to 2025-03-04 00:00:00+00:00, run_after=2025-03-05 00:00:00+00:00
[2025-03-04T15:41:41.867+0000] {processor.py:208} INFO - Processing /opt/airflow/dags/crawl_categories_dag.py took 2.339 seconds
[2025-03-04T15:42:12.035+0000] {processor.py:186} INFO - Started process (PID=312) to work on /opt/airflow/dags/crawl_categories_dag.py
[2025-03-04T15:42:12.037+0000] {processor.py:914} INFO - Processing file /opt/airflow/dags/crawl_categories_dag.py for tasks to queue
[2025-03-04T15:42:12.042+0000] {logging_mixin.py:190} INFO - [2025-03-04T15:42:12.041+0000] {dagbag.py:588} INFO - Filling up the DagBag from /opt/airflow/dags/crawl_categories_dag.py
[2025-03-04T15:42:13.153+0000] {processor.py:925} INFO - DAG(s) 'crawl_categories_dag' retrieved from /opt/airflow/dags/crawl_categories_dag.py
[2025-03-04T15:42:13.193+0000] {logging_mixin.py:190} INFO - [2025-03-04T15:42:13.192+0000] {dag.py:3239} INFO - Sync 1 DAGs
[2025-03-04T15:42:13.243+0000] {logging_mixin.py:190} INFO - [2025-03-04T15:42:13.243+0000] {dag.py:4180} INFO - Setting next_dagrun for crawl_categories_dag to 2025-03-04 00:00:00+00:00, run_after=2025-03-05 00:00:00+00:00
[2025-03-04T15:42:13.296+0000] {processor.py:208} INFO - Processing /opt/airflow/dags/crawl_categories_dag.py took 1.272 seconds
[2025-03-04T15:42:43.763+0000] {processor.py:186} INFO - Started process (PID=323) to work on /opt/airflow/dags/crawl_categories_dag.py
[2025-03-04T15:42:43.765+0000] {processor.py:914} INFO - Processing file /opt/airflow/dags/crawl_categories_dag.py for tasks to queue
[2025-03-04T15:42:43.769+0000] {logging_mixin.py:190} INFO - [2025-03-04T15:42:43.769+0000] {dagbag.py:588} INFO - Filling up the DagBag from /opt/airflow/dags/crawl_categories_dag.py
[2025-03-04T15:42:44.954+0000] {processor.py:925} INFO - DAG(s) 'crawl_categories_dag' retrieved from /opt/airflow/dags/crawl_categories_dag.py
[2025-03-04T15:42:44.992+0000] {logging_mixin.py:190} INFO - [2025-03-04T15:42:44.991+0000] {dag.py:3239} INFO - Sync 1 DAGs
[2025-03-04T15:42:45.029+0000] {logging_mixin.py:190} INFO - [2025-03-04T15:42:45.029+0000] {dag.py:4180} INFO - Setting next_dagrun for crawl_categories_dag to 2025-03-04 00:00:00+00:00, run_after=2025-03-05 00:00:00+00:00
[2025-03-04T15:42:45.078+0000] {processor.py:208} INFO - Processing /opt/airflow/dags/crawl_categories_dag.py took 1.326 seconds
[2025-03-04T15:43:15.322+0000] {processor.py:186} INFO - Started process (PID=334) to work on /opt/airflow/dags/crawl_categories_dag.py
[2025-03-04T15:43:15.324+0000] {processor.py:914} INFO - Processing file /opt/airflow/dags/crawl_categories_dag.py for tasks to queue
[2025-03-04T15:43:15.350+0000] {logging_mixin.py:190} INFO - [2025-03-04T15:43:15.349+0000] {dagbag.py:588} INFO - Filling up the DagBag from /opt/airflow/dags/crawl_categories_dag.py
[2025-03-04T15:43:16.781+0000] {processor.py:925} INFO - DAG(s) 'crawl_categories_dag' retrieved from /opt/airflow/dags/crawl_categories_dag.py
[2025-03-04T15:43:16.847+0000] {logging_mixin.py:190} INFO - [2025-03-04T15:43:16.845+0000] {dag.py:3239} INFO - Sync 1 DAGs
[2025-03-04T15:43:16.916+0000] {logging_mixin.py:190} INFO - [2025-03-04T15:43:16.915+0000] {dag.py:4180} INFO - Setting next_dagrun for crawl_categories_dag to 2025-03-04 00:00:00+00:00, run_after=2025-03-05 00:00:00+00:00
[2025-03-04T15:43:16.973+0000] {processor.py:208} INFO - Processing /opt/airflow/dags/crawl_categories_dag.py took 1.664 seconds
[2025-03-04T15:43:36.032+0000] {processor.py:186} INFO - Started process (PID=345) to work on /opt/airflow/dags/crawl_categories_dag.py
[2025-03-04T15:43:36.033+0000] {processor.py:914} INFO - Processing file /opt/airflow/dags/crawl_categories_dag.py for tasks to queue
[2025-03-04T15:43:36.036+0000] {logging_mixin.py:190} INFO - [2025-03-04T15:43:36.035+0000] {dagbag.py:588} INFO - Filling up the DagBag from /opt/airflow/dags/crawl_categories_dag.py
[2025-03-04T15:43:36.873+0000] {processor.py:925} INFO - DAG(s) 'crawl_categories_dag' retrieved from /opt/airflow/dags/crawl_categories_dag.py
[2025-03-04T15:43:36.905+0000] {logging_mixin.py:190} INFO - [2025-03-04T15:43:36.904+0000] {dag.py:3239} INFO - Sync 1 DAGs
[2025-03-04T15:43:36.943+0000] {logging_mixin.py:190} INFO - [2025-03-04T15:43:36.943+0000] {dag.py:4180} INFO - Setting next_dagrun for crawl_categories_dag to 2025-03-04 00:00:00+00:00, run_after=2025-03-05 00:00:00+00:00
[2025-03-04T15:43:36.987+0000] {processor.py:208} INFO - Processing /opt/airflow/dags/crawl_categories_dag.py took 0.964 seconds
[2025-03-04T15:43:38.133+0000] {processor.py:186} INFO - Started process (PID=351) to work on /opt/airflow/dags/crawl_categories_dag.py
[2025-03-04T15:43:38.134+0000] {processor.py:914} INFO - Processing file /opt/airflow/dags/crawl_categories_dag.py for tasks to queue
[2025-03-04T15:43:38.137+0000] {logging_mixin.py:190} INFO - [2025-03-04T15:43:38.137+0000] {dagbag.py:588} INFO - Filling up the DagBag from /opt/airflow/dags/crawl_categories_dag.py
[2025-03-04T15:43:39.465+0000] {processor.py:925} INFO - DAG(s) 'crawl_categories_dag' retrieved from /opt/airflow/dags/crawl_categories_dag.py
[2025-03-04T15:43:39.509+0000] {logging_mixin.py:190} INFO - [2025-03-04T15:43:39.509+0000] {dag.py:3239} INFO - Sync 1 DAGs
[2025-03-04T15:43:39.548+0000] {logging_mixin.py:190} INFO - [2025-03-04T15:43:39.548+0000] {dag.py:4180} INFO - Setting next_dagrun for crawl_categories_dag to 2025-03-04 00:00:00+00:00, run_after=2025-03-05 00:00:00+00:00
[2025-03-04T15:43:39.592+0000] {processor.py:208} INFO - Processing /opt/airflow/dags/crawl_categories_dag.py took 1.468 seconds
[2025-03-04T15:44:09.669+0000] {processor.py:186} INFO - Started process (PID=370) to work on /opt/airflow/dags/crawl_categories_dag.py
[2025-03-04T15:44:09.670+0000] {processor.py:914} INFO - Processing file /opt/airflow/dags/crawl_categories_dag.py for tasks to queue
[2025-03-04T15:44:09.672+0000] {logging_mixin.py:190} INFO - [2025-03-04T15:44:09.672+0000] {dagbag.py:588} INFO - Filling up the DagBag from /opt/airflow/dags/crawl_categories_dag.py
[2025-03-04T15:44:10.343+0000] {processor.py:925} INFO - DAG(s) 'crawl_categories_dag' retrieved from /opt/airflow/dags/crawl_categories_dag.py
[2025-03-04T15:44:10.370+0000] {logging_mixin.py:190} INFO - [2025-03-04T15:44:10.370+0000] {dag.py:3239} INFO - Sync 1 DAGs
[2025-03-04T15:44:10.402+0000] {logging_mixin.py:190} INFO - [2025-03-04T15:44:10.402+0000] {dag.py:4180} INFO - Setting next_dagrun for crawl_categories_dag to 2025-03-04 00:00:00+00:00, run_after=2025-03-05 00:00:00+00:00
[2025-03-04T15:44:10.443+0000] {processor.py:208} INFO - Processing /opt/airflow/dags/crawl_categories_dag.py took 0.781 seconds
[2025-03-04T15:44:40.849+0000] {processor.py:186} INFO - Started process (PID=381) to work on /opt/airflow/dags/crawl_categories_dag.py
[2025-03-04T15:44:40.851+0000] {processor.py:914} INFO - Processing file /opt/airflow/dags/crawl_categories_dag.py for tasks to queue
[2025-03-04T15:44:40.855+0000] {logging_mixin.py:190} INFO - [2025-03-04T15:44:40.854+0000] {dagbag.py:588} INFO - Filling up the DagBag from /opt/airflow/dags/crawl_categories_dag.py
[2025-03-04T15:44:41.771+0000] {processor.py:925} INFO - DAG(s) 'crawl_categories_dag' retrieved from /opt/airflow/dags/crawl_categories_dag.py
[2025-03-04T15:44:41.804+0000] {logging_mixin.py:190} INFO - [2025-03-04T15:44:41.803+0000] {dag.py:3239} INFO - Sync 1 DAGs
[2025-03-04T15:44:41.839+0000] {logging_mixin.py:190} INFO - [2025-03-04T15:44:41.839+0000] {dag.py:4180} INFO - Setting next_dagrun for crawl_categories_dag to 2025-03-04 00:00:00+00:00, run_after=2025-03-05 00:00:00+00:00
[2025-03-04T15:44:41.876+0000] {processor.py:208} INFO - Processing /opt/airflow/dags/crawl_categories_dag.py took 1.041 seconds
[2025-03-04T15:44:55.069+0000] {processor.py:186} INFO - Started process (PID=387) to work on /opt/airflow/dags/crawl_categories_dag.py
[2025-03-04T15:44:55.070+0000] {processor.py:914} INFO - Processing file /opt/airflow/dags/crawl_categories_dag.py for tasks to queue
[2025-03-04T15:44:55.073+0000] {logging_mixin.py:190} INFO - [2025-03-04T15:44:55.072+0000] {dagbag.py:588} INFO - Filling up the DagBag from /opt/airflow/dags/crawl_categories_dag.py
[2025-03-04T15:44:55.748+0000] {processor.py:925} INFO - DAG(s) 'crawl_categories_dag' retrieved from /opt/airflow/dags/crawl_categories_dag.py
[2025-03-04T15:44:55.774+0000] {logging_mixin.py:190} INFO - [2025-03-04T15:44:55.774+0000] {dag.py:3239} INFO - Sync 1 DAGs
[2025-03-04T15:44:55.799+0000] {logging_mixin.py:190} INFO - [2025-03-04T15:44:55.799+0000] {dag.py:4180} INFO - Setting next_dagrun for crawl_categories_dag to 2025-03-04 00:00:00+00:00, run_after=2025-03-05 00:00:00+00:00
[2025-03-04T15:44:55.822+0000] {processor.py:208} INFO - Processing /opt/airflow/dags/crawl_categories_dag.py took 0.760 seconds
[2025-03-04T15:44:57.910+0000] {processor.py:186} INFO - Started process (PID=393) to work on /opt/airflow/dags/crawl_categories_dag.py
[2025-03-04T15:44:57.911+0000] {processor.py:914} INFO - Processing file /opt/airflow/dags/crawl_categories_dag.py for tasks to queue
[2025-03-04T15:44:57.914+0000] {logging_mixin.py:190} INFO - [2025-03-04T15:44:57.913+0000] {dagbag.py:588} INFO - Filling up the DagBag from /opt/airflow/dags/crawl_categories_dag.py
[2025-03-04T15:44:58.545+0000] {processor.py:925} INFO - DAG(s) 'crawl_categories_dag' retrieved from /opt/airflow/dags/crawl_categories_dag.py
[2025-03-04T15:44:58.580+0000] {logging_mixin.py:190} INFO - [2025-03-04T15:44:58.579+0000] {dag.py:3239} INFO - Sync 1 DAGs
[2025-03-04T15:44:58.615+0000] {logging_mixin.py:190} INFO - [2025-03-04T15:44:58.614+0000] {dag.py:4180} INFO - Setting next_dagrun for crawl_categories_dag to 2025-03-04 00:00:00+00:00, run_after=2025-03-05 00:00:00+00:00
[2025-03-04T15:44:58.643+0000] {processor.py:208} INFO - Processing /opt/airflow/dags/crawl_categories_dag.py took 0.740 seconds
[2025-03-04T15:45:01.749+0000] {processor.py:186} INFO - Started process (PID=399) to work on /opt/airflow/dags/crawl_categories_dag.py
[2025-03-04T15:45:01.751+0000] {processor.py:914} INFO - Processing file /opt/airflow/dags/crawl_categories_dag.py for tasks to queue
[2025-03-04T15:45:01.754+0000] {logging_mixin.py:190} INFO - [2025-03-04T15:45:01.753+0000] {dagbag.py:588} INFO - Filling up the DagBag from /opt/airflow/dags/crawl_categories_dag.py
[2025-03-04T15:45:02.548+0000] {processor.py:925} INFO - DAG(s) 'crawl_categories_dag' retrieved from /opt/airflow/dags/crawl_categories_dag.py
[2025-03-04T15:45:02.571+0000] {logging_mixin.py:190} INFO - [2025-03-04T15:45:02.570+0000] {dag.py:3239} INFO - Sync 1 DAGs
[2025-03-04T15:45:02.595+0000] {logging_mixin.py:190} INFO - [2025-03-04T15:45:02.595+0000] {dag.py:4180} INFO - Setting next_dagrun for crawl_categories_dag to 2025-03-04 00:00:00+00:00, run_after=2025-03-05 00:00:00+00:00
[2025-03-04T15:45:02.624+0000] {processor.py:208} INFO - Processing /opt/airflow/dags/crawl_categories_dag.py took 0.883 seconds
[2025-03-04T15:45:04.714+0000] {processor.py:186} INFO - Started process (PID=405) to work on /opt/airflow/dags/crawl_categories_dag.py
[2025-03-04T15:45:04.716+0000] {processor.py:914} INFO - Processing file /opt/airflow/dags/crawl_categories_dag.py for tasks to queue
[2025-03-04T15:45:04.718+0000] {logging_mixin.py:190} INFO - [2025-03-04T15:45:04.718+0000] {dagbag.py:588} INFO - Filling up the DagBag from /opt/airflow/dags/crawl_categories_dag.py
[2025-03-04T15:45:05.425+0000] {processor.py:925} INFO - DAG(s) 'crawl_categories_dag' retrieved from /opt/airflow/dags/crawl_categories_dag.py
[2025-03-04T15:45:05.451+0000] {logging_mixin.py:190} INFO - [2025-03-04T15:45:05.450+0000] {dag.py:3239} INFO - Sync 1 DAGs
[2025-03-04T15:45:05.477+0000] {logging_mixin.py:190} INFO - [2025-03-04T15:45:05.476+0000] {dag.py:4180} INFO - Setting next_dagrun for crawl_categories_dag to 2025-03-04 00:00:00+00:00, run_after=2025-03-05 00:00:00+00:00
[2025-03-04T15:45:05.507+0000] {processor.py:208} INFO - Processing /opt/airflow/dags/crawl_categories_dag.py took 0.799 seconds
[2025-03-04T15:45:06.430+0000] {processor.py:186} INFO - Started process (PID=416) to work on /opt/airflow/dags/crawl_categories_dag.py
[2025-03-04T15:45:06.431+0000] {processor.py:914} INFO - Processing file /opt/airflow/dags/crawl_categories_dag.py for tasks to queue
[2025-03-04T15:45:06.433+0000] {logging_mixin.py:190} INFO - [2025-03-04T15:45:06.433+0000] {dagbag.py:588} INFO - Filling up the DagBag from /opt/airflow/dags/crawl_categories_dag.py
[2025-03-04T15:45:07.177+0000] {processor.py:925} INFO - DAG(s) 'crawl_categories_dag' retrieved from /opt/airflow/dags/crawl_categories_dag.py
[2025-03-04T15:45:07.202+0000] {logging_mixin.py:190} INFO - [2025-03-04T15:45:07.201+0000] {dag.py:3239} INFO - Sync 1 DAGs
[2025-03-04T15:45:07.228+0000] {logging_mixin.py:190} INFO - [2025-03-04T15:45:07.228+0000] {dag.py:4180} INFO - Setting next_dagrun for crawl_categories_dag to 2025-03-04 00:00:00+00:00, run_after=2025-03-05 00:00:00+00:00
[2025-03-04T15:45:07.253+0000] {processor.py:208} INFO - Processing /opt/airflow/dags/crawl_categories_dag.py took 0.832 seconds
[2025-03-04T15:45:37.882+0000] {processor.py:186} INFO - Started process (PID=435) to work on /opt/airflow/dags/crawl_categories_dag.py
[2025-03-04T15:45:37.885+0000] {processor.py:914} INFO - Processing file /opt/airflow/dags/crawl_categories_dag.py for tasks to queue
[2025-03-04T15:45:37.889+0000] {logging_mixin.py:190} INFO - [2025-03-04T15:45:37.889+0000] {dagbag.py:588} INFO - Filling up the DagBag from /opt/airflow/dags/crawl_categories_dag.py
[2025-03-04T15:45:38.622+0000] {processor.py:925} INFO - DAG(s) 'crawl_categories_dag' retrieved from /opt/airflow/dags/crawl_categories_dag.py
[2025-03-04T15:45:38.647+0000] {logging_mixin.py:190} INFO - [2025-03-04T15:45:38.647+0000] {dag.py:3239} INFO - Sync 1 DAGs
[2025-03-04T15:45:38.689+0000] {logging_mixin.py:190} INFO - [2025-03-04T15:45:38.689+0000] {dag.py:4180} INFO - Setting next_dagrun for crawl_categories_dag to 2025-03-04 00:00:00+00:00, run_after=2025-03-05 00:00:00+00:00
[2025-03-04T15:45:38.710+0000] {processor.py:208} INFO - Processing /opt/airflow/dags/crawl_categories_dag.py took 0.848 seconds
[2025-03-04T15:46:09.282+0000] {processor.py:186} INFO - Started process (PID=446) to work on /opt/airflow/dags/crawl_categories_dag.py
[2025-03-04T15:46:09.285+0000] {processor.py:914} INFO - Processing file /opt/airflow/dags/crawl_categories_dag.py for tasks to queue
[2025-03-04T15:46:09.294+0000] {logging_mixin.py:190} INFO - [2025-03-04T15:46:09.293+0000] {dagbag.py:588} INFO - Filling up the DagBag from /opt/airflow/dags/crawl_categories_dag.py
[2025-03-04T15:46:11.084+0000] {processor.py:925} INFO - DAG(s) 'crawl_categories_dag' retrieved from /opt/airflow/dags/crawl_categories_dag.py
[2025-03-04T15:46:11.135+0000] {logging_mixin.py:190} INFO - [2025-03-04T15:46:11.135+0000] {dag.py:3239} INFO - Sync 1 DAGs
[2025-03-04T15:46:11.201+0000] {logging_mixin.py:190} INFO - [2025-03-04T15:46:11.201+0000] {dag.py:4180} INFO - Setting next_dagrun for crawl_categories_dag to 2025-03-04 00:00:00+00:00, run_after=2025-03-05 00:00:00+00:00
[2025-03-04T15:46:11.236+0000] {processor.py:208} INFO - Processing /opt/airflow/dags/crawl_categories_dag.py took 1.975 seconds
[2025-03-04T15:46:29.782+0000] {processor.py:186} INFO - Started process (PID=452) to work on /opt/airflow/dags/crawl_categories_dag.py
[2025-03-04T15:46:29.784+0000] {processor.py:914} INFO - Processing file /opt/airflow/dags/crawl_categories_dag.py for tasks to queue
[2025-03-04T15:46:29.799+0000] {logging_mixin.py:190} INFO - [2025-03-04T15:46:29.798+0000] {dagbag.py:588} INFO - Filling up the DagBag from /opt/airflow/dags/crawl_categories_dag.py
[2025-03-04T15:46:31.441+0000] {processor.py:925} INFO - DAG(s) 'crawl_categories_dag' retrieved from /opt/airflow/dags/crawl_categories_dag.py
[2025-03-04T15:46:31.481+0000] {logging_mixin.py:190} INFO - [2025-03-04T15:46:31.480+0000] {dag.py:3239} INFO - Sync 1 DAGs
[2025-03-04T15:46:31.539+0000] {logging_mixin.py:190} INFO - [2025-03-04T15:46:31.537+0000] {dag.py:4180} INFO - Setting next_dagrun for crawl_categories_dag to 2025-03-04 00:00:00+00:00, run_after=2025-03-05 00:00:00+00:00
[2025-03-04T15:46:31.598+0000] {processor.py:208} INFO - Processing /opt/airflow/dags/crawl_categories_dag.py took 1.852 seconds
