[2025-03-04T14:29:55.290+0000] {processor.py:186} INFO - Started process (PID=44) to work on /home/airflow/.local/lib/python3.12/site-packages/airflow/example_dags/example_kubernetes_executor.py
[2025-03-04T14:29:55.292+0000] {processor.py:914} INFO - Processing file /home/airflow/.local/lib/python3.12/site-packages/airflow/example_dags/example_kubernetes_executor.py for tasks to queue
[2025-03-04T14:29:55.297+0000] {logging_mixin.py:190} INFO - [2025-03-04T14:29:55.296+0000] {dagbag.py:588} INFO - Filling up the DagBag from /home/airflow/.local/lib/python3.12/site-packages/airflow/example_dags/example_kubernetes_executor.py
[2025-03-04T14:29:55.353+0000] {processor.py:925} INFO - DAG(s) 'example_kubernetes_executor' retrieved from /home/airflow/.local/lib/python3.12/site-packages/airflow/example_dags/example_kubernetes_executor.py
[2025-03-04T14:29:55.918+0000] {logging_mixin.py:190} INFO - [2025-03-04T14:29:55.917+0000] {override.py:1912} INFO - Created Permission View: can delete on DAG:example_kubernetes_executor
[2025-03-04T14:29:55.963+0000] {logging_mixin.py:190} INFO - [2025-03-04T14:29:55.963+0000] {override.py:1912} INFO - Created Permission View: can read on DAG:example_kubernetes_executor
[2025-03-04T14:29:56.000+0000] {logging_mixin.py:190} INFO - [2025-03-04T14:29:55.999+0000] {override.py:1912} INFO - Created Permission View: can edit on DAG:example_kubernetes_executor
[2025-03-04T14:29:56.045+0000] {logging_mixin.py:190} INFO - [2025-03-04T14:29:56.044+0000] {override.py:1912} INFO - Created Permission View: can delete on DAG Run:example_kubernetes_executor
[2025-03-04T14:29:56.082+0000] {logging_mixin.py:190} INFO - [2025-03-04T14:29:56.081+0000] {override.py:1912} INFO - Created Permission View: menu access on DAG Run:example_kubernetes_executor
[2025-03-04T14:29:56.110+0000] {logging_mixin.py:190} INFO - [2025-03-04T14:29:56.109+0000] {override.py:1912} INFO - Created Permission View: can read on DAG Run:example_kubernetes_executor
[2025-03-04T14:29:56.134+0000] {logging_mixin.py:190} INFO - [2025-03-04T14:29:56.133+0000] {override.py:1912} INFO - Created Permission View: can create on DAG Run:example_kubernetes_executor
[2025-03-04T14:29:56.135+0000] {logging_mixin.py:190} INFO - [2025-03-04T14:29:56.135+0000] {dag.py:3239} INFO - Sync 1 DAGs
[2025-03-04T14:29:56.188+0000] {logging_mixin.py:190} INFO - [2025-03-04T14:29:56.188+0000] {dag.py:3262} INFO - Creating ORM DAG for example_kubernetes_executor
[2025-03-04T14:29:56.193+0000] {logging_mixin.py:190} INFO - [2025-03-04T14:29:56.192+0000] {dag.py:4180} INFO - Setting next_dagrun for example_kubernetes_executor to None, run_after=None
[2025-03-04T14:29:56.271+0000] {processor.py:208} INFO - Processing /home/airflow/.local/lib/python3.12/site-packages/airflow/example_dags/example_kubernetes_executor.py took 0.996 seconds
[2025-03-04T14:30:26.541+0000] {processor.py:186} INFO - Started process (PID=107) to work on /home/airflow/.local/lib/python3.12/site-packages/airflow/example_dags/example_kubernetes_executor.py
[2025-03-04T14:30:26.542+0000] {processor.py:914} INFO - Processing file /home/airflow/.local/lib/python3.12/site-packages/airflow/example_dags/example_kubernetes_executor.py for tasks to queue
[2025-03-04T14:30:26.545+0000] {logging_mixin.py:190} INFO - [2025-03-04T14:30:26.544+0000] {dagbag.py:588} INFO - Filling up the DagBag from /home/airflow/.local/lib/python3.12/site-packages/airflow/example_dags/example_kubernetes_executor.py
[2025-03-04T14:30:26.562+0000] {processor.py:925} INFO - DAG(s) 'example_kubernetes_executor' retrieved from /home/airflow/.local/lib/python3.12/site-packages/airflow/example_dags/example_kubernetes_executor.py
[2025-03-04T14:30:26.587+0000] {logging_mixin.py:190} INFO - [2025-03-04T14:30:26.587+0000] {dag.py:3239} INFO - Sync 1 DAGs
[2025-03-04T14:30:26.601+0000] {logging_mixin.py:190} INFO - [2025-03-04T14:30:26.601+0000] {dag.py:4180} INFO - Setting next_dagrun for example_kubernetes_executor to None, run_after=None
[2025-03-04T14:30:26.621+0000] {processor.py:208} INFO - Processing /home/airflow/.local/lib/python3.12/site-packages/airflow/example_dags/example_kubernetes_executor.py took 0.087 seconds
[2025-03-04T14:30:57.185+0000] {processor.py:186} INFO - Started process (PID=170) to work on /home/airflow/.local/lib/python3.12/site-packages/airflow/example_dags/example_kubernetes_executor.py
[2025-03-04T14:30:57.187+0000] {processor.py:914} INFO - Processing file /home/airflow/.local/lib/python3.12/site-packages/airflow/example_dags/example_kubernetes_executor.py for tasks to queue
[2025-03-04T14:30:57.190+0000] {logging_mixin.py:190} INFO - [2025-03-04T14:30:57.189+0000] {dagbag.py:588} INFO - Filling up the DagBag from /home/airflow/.local/lib/python3.12/site-packages/airflow/example_dags/example_kubernetes_executor.py
[2025-03-04T14:30:57.206+0000] {processor.py:925} INFO - DAG(s) 'example_kubernetes_executor' retrieved from /home/airflow/.local/lib/python3.12/site-packages/airflow/example_dags/example_kubernetes_executor.py
[2025-03-04T14:30:57.241+0000] {logging_mixin.py:190} INFO - [2025-03-04T14:30:57.240+0000] {dag.py:3239} INFO - Sync 1 DAGs
[2025-03-04T14:30:57.263+0000] {logging_mixin.py:190} INFO - [2025-03-04T14:30:57.263+0000] {dag.py:4180} INFO - Setting next_dagrun for example_kubernetes_executor to None, run_after=None
[2025-03-04T14:30:57.288+0000] {processor.py:208} INFO - Processing /home/airflow/.local/lib/python3.12/site-packages/airflow/example_dags/example_kubernetes_executor.py took 0.109 seconds
