[2025-03-04T14:29:57.530+0000] {processor.py:186} INFO - Started process (PID=46) to work on /home/airflow/.local/lib/python3.12/site-packages/airflow/example_dags/example_trigger_controller_dag.py
[2025-03-04T14:29:57.565+0000] {processor.py:914} INFO - Processing file /home/airflow/.local/lib/python3.12/site-packages/airflow/example_dags/example_trigger_controller_dag.py for tasks to queue
[2025-03-04T14:29:57.596+0000] {logging_mixin.py:190} INFO - [2025-03-04T14:29:57.588+0000] {dagbag.py:588} INFO - Filling up the DagBag from /home/airflow/.local/lib/python3.12/site-packages/airflow/example_dags/example_trigger_controller_dag.py
[2025-03-04T14:29:57.659+0000] {processor.py:925} INFO - DAG(s) 'example_trigger_controller_dag' retrieved from /home/airflow/.local/lib/python3.12/site-packages/airflow/example_dags/example_trigger_controller_dag.py
[2025-03-04T14:29:58.336+0000] {logging_mixin.py:190} INFO - [2025-03-04T14:29:58.334+0000] {override.py:1912} INFO - Created Permission View: can delete on DAG:example_trigger_controller_dag
[2025-03-04T14:29:58.361+0000] {logging_mixin.py:190} INFO - [2025-03-04T14:29:58.361+0000] {override.py:1912} INFO - Created Permission View: can read on DAG:example_trigger_controller_dag
[2025-03-04T14:29:58.375+0000] {logging_mixin.py:190} INFO - [2025-03-04T14:29:58.374+0000] {override.py:1912} INFO - Created Permission View: can edit on DAG:example_trigger_controller_dag
[2025-03-04T14:29:58.388+0000] {logging_mixin.py:190} INFO - [2025-03-04T14:29:58.387+0000] {override.py:1912} INFO - Created Permission View: can delete on DAG Run:example_trigger_controller_dag
[2025-03-04T14:29:58.398+0000] {logging_mixin.py:190} INFO - [2025-03-04T14:29:58.398+0000] {override.py:1912} INFO - Created Permission View: menu access on DAG Run:example_trigger_controller_dag
[2025-03-04T14:29:58.409+0000] {logging_mixin.py:190} INFO - [2025-03-04T14:29:58.408+0000] {override.py:1912} INFO - Created Permission View: can read on DAG Run:example_trigger_controller_dag
[2025-03-04T14:29:58.418+0000] {logging_mixin.py:190} INFO - [2025-03-04T14:29:58.418+0000] {override.py:1912} INFO - Created Permission View: can create on DAG Run:example_trigger_controller_dag
[2025-03-04T14:29:58.419+0000] {logging_mixin.py:190} INFO - [2025-03-04T14:29:58.419+0000] {dag.py:3239} INFO - Sync 1 DAGs
[2025-03-04T14:29:58.445+0000] {logging_mixin.py:190} INFO - [2025-03-04T14:29:58.444+0000] {dag.py:3262} INFO - Creating ORM DAG for example_trigger_controller_dag
[2025-03-04T14:29:58.460+0000] {logging_mixin.py:190} INFO - [2025-03-04T14:29:58.459+0000] {dag.py:4180} INFO - Setting next_dagrun for example_trigger_controller_dag to 2021-01-01 00:00:00+00:00, run_after=2021-01-01 00:00:00+00:00
[2025-03-04T14:29:58.493+0000] {processor.py:208} INFO - Processing /home/airflow/.local/lib/python3.12/site-packages/airflow/example_dags/example_trigger_controller_dag.py took 1.024 seconds
[2025-03-04T14:30:28.676+0000] {processor.py:186} INFO - Started process (PID=108) to work on /home/airflow/.local/lib/python3.12/site-packages/airflow/example_dags/example_trigger_controller_dag.py
[2025-03-04T14:30:28.678+0000] {processor.py:914} INFO - Processing file /home/airflow/.local/lib/python3.12/site-packages/airflow/example_dags/example_trigger_controller_dag.py for tasks to queue
[2025-03-04T14:30:28.682+0000] {logging_mixin.py:190} INFO - [2025-03-04T14:30:28.681+0000] {dagbag.py:588} INFO - Filling up the DagBag from /home/airflow/.local/lib/python3.12/site-packages/airflow/example_dags/example_trigger_controller_dag.py
[2025-03-04T14:30:28.697+0000] {processor.py:925} INFO - DAG(s) 'example_trigger_controller_dag' retrieved from /home/airflow/.local/lib/python3.12/site-packages/airflow/example_dags/example_trigger_controller_dag.py
[2025-03-04T14:30:28.728+0000] {logging_mixin.py:190} INFO - [2025-03-04T14:30:28.727+0000] {dag.py:3239} INFO - Sync 1 DAGs
[2025-03-04T14:30:28.767+0000] {logging_mixin.py:190} INFO - [2025-03-04T14:30:28.767+0000] {dag.py:4180} INFO - Setting next_dagrun for example_trigger_controller_dag to 2021-01-01 00:00:00+00:00, run_after=2021-01-01 00:00:00+00:00
[2025-03-04T14:30:28.803+0000] {processor.py:208} INFO - Processing /home/airflow/.local/lib/python3.12/site-packages/airflow/example_dags/example_trigger_controller_dag.py took 0.135 seconds
[2025-03-04T14:30:59.341+0000] {processor.py:186} INFO - Started process (PID=171) to work on /home/airflow/.local/lib/python3.12/site-packages/airflow/example_dags/example_trigger_controller_dag.py
[2025-03-04T14:30:59.349+0000] {processor.py:914} INFO - Processing file /home/airflow/.local/lib/python3.12/site-packages/airflow/example_dags/example_trigger_controller_dag.py for tasks to queue
[2025-03-04T14:30:59.354+0000] {logging_mixin.py:190} INFO - [2025-03-04T14:30:59.353+0000] {dagbag.py:588} INFO - Filling up the DagBag from /home/airflow/.local/lib/python3.12/site-packages/airflow/example_dags/example_trigger_controller_dag.py
[2025-03-04T14:30:59.373+0000] {processor.py:925} INFO - DAG(s) 'example_trigger_controller_dag' retrieved from /home/airflow/.local/lib/python3.12/site-packages/airflow/example_dags/example_trigger_controller_dag.py
[2025-03-04T14:30:59.400+0000] {logging_mixin.py:190} INFO - [2025-03-04T14:30:59.400+0000] {dag.py:3239} INFO - Sync 1 DAGs
[2025-03-04T14:30:59.425+0000] {logging_mixin.py:190} INFO - [2025-03-04T14:30:59.424+0000] {dag.py:4180} INFO - Setting next_dagrun for example_trigger_controller_dag to 2021-01-01 00:00:00+00:00, run_after=2021-01-01 00:00:00+00:00
[2025-03-04T14:30:59.467+0000] {processor.py:208} INFO - Processing /home/airflow/.local/lib/python3.12/site-packages/airflow/example_dags/example_trigger_controller_dag.py took 0.137 seconds
