[2025-03-04T14:30:07.626+0000] {processor.py:186} INFO - Started process (PID=76) to work on /home/airflow/.local/lib/python3.12/site-packages/airflow/example_dags/example_trigger_target_dag.py
[2025-03-04T14:30:07.627+0000] {processor.py:914} INFO - Processing file /home/airflow/.local/lib/python3.12/site-packages/airflow/example_dags/example_trigger_target_dag.py for tasks to queue
[2025-03-04T14:30:07.630+0000] {logging_mixin.py:190} INFO - [2025-03-04T14:30:07.630+0000] {dagbag.py:588} INFO - Filling up the DagBag from /home/airflow/.local/lib/python3.12/site-packages/airflow/example_dags/example_trigger_target_dag.py
[2025-03-04T14:30:07.643+0000] {processor.py:925} INFO - DAG(s) 'example_trigger_target_dag' retrieved from /home/airflow/.local/lib/python3.12/site-packages/airflow/example_dags/example_trigger_target_dag.py
[2025-03-04T14:30:07.818+0000] {logging_mixin.py:190} INFO - [2025-03-04T14:30:07.817+0000] {override.py:1912} INFO - Created Permission View: can delete on DAG:example_trigger_target_dag
[2025-03-04T14:30:07.835+0000] {logging_mixin.py:190} INFO - [2025-03-04T14:30:07.835+0000] {override.py:1912} INFO - Created Permission View: can read on DAG:example_trigger_target_dag
[2025-03-04T14:30:07.847+0000] {logging_mixin.py:190} INFO - [2025-03-04T14:30:07.846+0000] {override.py:1912} INFO - Created Permission View: can edit on DAG:example_trigger_target_dag
[2025-03-04T14:30:07.859+0000] {logging_mixin.py:190} INFO - [2025-03-04T14:30:07.859+0000] {override.py:1912} INFO - Created Permission View: can delete on DAG Run:example_trigger_target_dag
[2025-03-04T14:30:07.870+0000] {logging_mixin.py:190} INFO - [2025-03-04T14:30:07.870+0000] {override.py:1912} INFO - Created Permission View: menu access on DAG Run:example_trigger_target_dag
[2025-03-04T14:30:07.881+0000] {logging_mixin.py:190} INFO - [2025-03-04T14:30:07.881+0000] {override.py:1912} INFO - Created Permission View: can read on DAG Run:example_trigger_target_dag
[2025-03-04T14:30:07.893+0000] {logging_mixin.py:190} INFO - [2025-03-04T14:30:07.893+0000] {override.py:1912} INFO - Created Permission View: can create on DAG Run:example_trigger_target_dag
[2025-03-04T14:30:07.894+0000] {logging_mixin.py:190} INFO - [2025-03-04T14:30:07.894+0000] {dag.py:3239} INFO - Sync 1 DAGs
[2025-03-04T14:30:07.921+0000] {logging_mixin.py:190} INFO - [2025-03-04T14:30:07.920+0000] {dag.py:3262} INFO - Creating ORM DAG for example_trigger_target_dag
[2025-03-04T14:30:07.922+0000] {logging_mixin.py:190} INFO - [2025-03-04T14:30:07.922+0000] {dag.py:4180} INFO - Setting next_dagrun for example_trigger_target_dag to None, run_after=None
[2025-03-04T14:30:07.948+0000] {processor.py:208} INFO - Processing /home/airflow/.local/lib/python3.12/site-packages/airflow/example_dags/example_trigger_target_dag.py took 0.332 seconds
[2025-03-04T14:30:38.414+0000] {processor.py:186} INFO - Started process (PID=139) to work on /home/airflow/.local/lib/python3.12/site-packages/airflow/example_dags/example_trigger_target_dag.py
[2025-03-04T14:30:38.416+0000] {processor.py:914} INFO - Processing file /home/airflow/.local/lib/python3.12/site-packages/airflow/example_dags/example_trigger_target_dag.py for tasks to queue
[2025-03-04T14:30:38.420+0000] {logging_mixin.py:190} INFO - [2025-03-04T14:30:38.420+0000] {dagbag.py:588} INFO - Filling up the DagBag from /home/airflow/.local/lib/python3.12/site-packages/airflow/example_dags/example_trigger_target_dag.py
[2025-03-04T14:30:38.435+0000] {processor.py:925} INFO - DAG(s) 'example_trigger_target_dag' retrieved from /home/airflow/.local/lib/python3.12/site-packages/airflow/example_dags/example_trigger_target_dag.py
[2025-03-04T14:30:38.465+0000] {logging_mixin.py:190} INFO - [2025-03-04T14:30:38.465+0000] {dag.py:3239} INFO - Sync 1 DAGs
[2025-03-04T14:30:38.492+0000] {logging_mixin.py:190} INFO - [2025-03-04T14:30:38.492+0000] {dag.py:4180} INFO - Setting next_dagrun for example_trigger_target_dag to None, run_after=None
[2025-03-04T14:30:38.521+0000] {processor.py:208} INFO - Processing /home/airflow/.local/lib/python3.12/site-packages/airflow/example_dags/example_trigger_target_dag.py took 0.117 seconds
[2025-03-04T14:31:09.213+0000] {processor.py:186} INFO - Started process (PID=202) to work on /home/airflow/.local/lib/python3.12/site-packages/airflow/example_dags/example_trigger_target_dag.py
[2025-03-04T14:31:09.215+0000] {processor.py:914} INFO - Processing file /home/airflow/.local/lib/python3.12/site-packages/airflow/example_dags/example_trigger_target_dag.py for tasks to queue
[2025-03-04T14:31:09.217+0000] {logging_mixin.py:190} INFO - [2025-03-04T14:31:09.217+0000] {dagbag.py:588} INFO - Filling up the DagBag from /home/airflow/.local/lib/python3.12/site-packages/airflow/example_dags/example_trigger_target_dag.py
[2025-03-04T14:31:09.226+0000] {processor.py:925} INFO - DAG(s) 'example_trigger_target_dag' retrieved from /home/airflow/.local/lib/python3.12/site-packages/airflow/example_dags/example_trigger_target_dag.py
[2025-03-04T14:31:09.248+0000] {logging_mixin.py:190} INFO - [2025-03-04T14:31:09.248+0000] {dag.py:3239} INFO - Sync 1 DAGs
[2025-03-04T14:31:09.265+0000] {logging_mixin.py:190} INFO - [2025-03-04T14:31:09.265+0000] {dag.py:4180} INFO - Setting next_dagrun for example_trigger_target_dag to None, run_after=None
[2025-03-04T14:31:09.294+0000] {processor.py:208} INFO - Processing /home/airflow/.local/lib/python3.12/site-packages/airflow/example_dags/example_trigger_target_dag.py took 0.088 seconds
