[2025-03-04T14:30:06.478+0000] {processor.py:186} INFO - Started process (PID=73) to work on /home/airflow/.local/lib/python3.12/site-packages/airflow/example_dags/example_dag_decorator.py
[2025-03-04T14:30:06.480+0000] {processor.py:914} INFO - Processing file /home/airflow/.local/lib/python3.12/site-packages/airflow/example_dags/example_dag_decorator.py for tasks to queue
[2025-03-04T14:30:06.486+0000] {logging_mixin.py:190} INFO - [2025-03-04T14:30:06.486+0000] {dagbag.py:588} INFO - Filling up the DagBag from /home/airflow/.local/lib/python3.12/site-packages/airflow/example_dags/example_dag_decorator.py
[2025-03-04T14:30:07.139+0000] {processor.py:925} INFO - DAG(s) 'example_dag_decorator' retrieved from /home/airflow/.local/lib/python3.12/site-packages/airflow/example_dags/example_dag_decorator.py
[2025-03-04T14:30:07.307+0000] {logging_mixin.py:190} INFO - [2025-03-04T14:30:07.307+0000] {override.py:1912} INFO - Created Permission View: can delete on DAG:example_dag_decorator
[2025-03-04T14:30:07.321+0000] {logging_mixin.py:190} INFO - [2025-03-04T14:30:07.321+0000] {override.py:1912} INFO - Created Permission View: can read on DAG:example_dag_decorator
[2025-03-04T14:30:07.332+0000] {logging_mixin.py:190} INFO - [2025-03-04T14:30:07.331+0000] {override.py:1912} INFO - Created Permission View: can edit on DAG:example_dag_decorator
[2025-03-04T14:30:07.344+0000] {logging_mixin.py:190} INFO - [2025-03-04T14:30:07.344+0000] {override.py:1912} INFO - Created Permission View: can delete on DAG Run:example_dag_decorator
[2025-03-04T14:30:07.354+0000] {logging_mixin.py:190} INFO - [2025-03-04T14:30:07.353+0000] {override.py:1912} INFO - Created Permission View: menu access on DAG Run:example_dag_decorator
[2025-03-04T14:30:07.363+0000] {logging_mixin.py:190} INFO - [2025-03-04T14:30:07.363+0000] {override.py:1912} INFO - Created Permission View: can read on DAG Run:example_dag_decorator
[2025-03-04T14:30:07.373+0000] {logging_mixin.py:190} INFO - [2025-03-04T14:30:07.373+0000] {override.py:1912} INFO - Created Permission View: can create on DAG Run:example_dag_decorator
[2025-03-04T14:30:07.374+0000] {logging_mixin.py:190} INFO - [2025-03-04T14:30:07.374+0000] {dag.py:3239} INFO - Sync 1 DAGs
[2025-03-04T14:30:07.392+0000] {logging_mixin.py:190} INFO - [2025-03-04T14:30:07.392+0000] {dag.py:3262} INFO - Creating ORM DAG for example_dag_decorator
[2025-03-04T14:30:07.394+0000] {logging_mixin.py:190} INFO - [2025-03-04T14:30:07.394+0000] {dag.py:4180} INFO - Setting next_dagrun for example_dag_decorator to None, run_after=None
[2025-03-04T14:30:07.424+0000] {processor.py:208} INFO - Processing /home/airflow/.local/lib/python3.12/site-packages/airflow/example_dags/example_dag_decorator.py took 0.957 seconds
[2025-03-04T14:30:37.580+0000] {processor.py:186} INFO - Started process (PID=136) to work on /home/airflow/.local/lib/python3.12/site-packages/airflow/example_dags/example_dag_decorator.py
[2025-03-04T14:30:37.581+0000] {processor.py:914} INFO - Processing file /home/airflow/.local/lib/python3.12/site-packages/airflow/example_dags/example_dag_decorator.py for tasks to queue
[2025-03-04T14:30:37.585+0000] {logging_mixin.py:190} INFO - [2025-03-04T14:30:37.584+0000] {dagbag.py:588} INFO - Filling up the DagBag from /home/airflow/.local/lib/python3.12/site-packages/airflow/example_dags/example_dag_decorator.py
[2025-03-04T14:30:37.715+0000] {processor.py:925} INFO - DAG(s) 'example_dag_decorator' retrieved from /home/airflow/.local/lib/python3.12/site-packages/airflow/example_dags/example_dag_decorator.py
[2025-03-04T14:30:37.853+0000] {logging_mixin.py:190} INFO - [2025-03-04T14:30:37.853+0000] {dag.py:3239} INFO - Sync 1 DAGs
[2025-03-04T14:30:37.870+0000] {logging_mixin.py:190} INFO - [2025-03-04T14:30:37.870+0000] {dag.py:4180} INFO - Setting next_dagrun for example_dag_decorator to None, run_after=None
[2025-03-04T14:30:37.909+0000] {processor.py:208} INFO - Processing /home/airflow/.local/lib/python3.12/site-packages/airflow/example_dags/example_dag_decorator.py took 0.335 seconds
[2025-03-04T14:31:08.485+0000] {processor.py:186} INFO - Started process (PID=198) to work on /home/airflow/.local/lib/python3.12/site-packages/airflow/example_dags/example_dag_decorator.py
[2025-03-04T14:31:08.486+0000] {processor.py:914} INFO - Processing file /home/airflow/.local/lib/python3.12/site-packages/airflow/example_dags/example_dag_decorator.py for tasks to queue
[2025-03-04T14:31:08.489+0000] {logging_mixin.py:190} INFO - [2025-03-04T14:31:08.489+0000] {dagbag.py:588} INFO - Filling up the DagBag from /home/airflow/.local/lib/python3.12/site-packages/airflow/example_dags/example_dag_decorator.py
[2025-03-04T14:31:08.592+0000] {processor.py:925} INFO - DAG(s) 'example_dag_decorator' retrieved from /home/airflow/.local/lib/python3.12/site-packages/airflow/example_dags/example_dag_decorator.py
[2025-03-04T14:31:08.706+0000] {logging_mixin.py:190} INFO - [2025-03-04T14:31:08.706+0000] {dag.py:3239} INFO - Sync 1 DAGs
[2025-03-04T14:31:08.720+0000] {logging_mixin.py:190} INFO - [2025-03-04T14:31:08.720+0000] {dag.py:4180} INFO - Setting next_dagrun for example_dag_decorator to None, run_after=None
[2025-03-04T14:31:08.745+0000] {processor.py:208} INFO - Processing /home/airflow/.local/lib/python3.12/site-packages/airflow/example_dags/example_dag_decorator.py took 0.266 seconds
