[2025-03-04T14:30:11.275+0000] {processor.py:186} INFO - Started process (PID=93) to work on /home/airflow/.local/lib/python3.12/site-packages/airflow/example_dags/example_setup_teardown.py
[2025-03-04T14:30:11.277+0000] {processor.py:914} INFO - Processing file /home/airflow/.local/lib/python3.12/site-packages/airflow/example_dags/example_setup_teardown.py for tasks to queue
[2025-03-04T14:30:11.281+0000] {logging_mixin.py:190} INFO - [2025-03-04T14:30:11.281+0000] {dagbag.py:588} INFO - Filling up the DagBag from /home/airflow/.local/lib/python3.12/site-packages/airflow/example_dags/example_setup_teardown.py
[2025-03-04T14:30:11.302+0000] {processor.py:925} INFO - DAG(s) 'example_setup_teardown' retrieved from /home/airflow/.local/lib/python3.12/site-packages/airflow/example_dags/example_setup_teardown.py
[2025-03-04T14:30:11.503+0000] {logging_mixin.py:190} INFO - [2025-03-04T14:30:11.502+0000] {override.py:1912} INFO - Created Permission View: can delete on DAG:example_setup_teardown
[2025-03-04T14:30:11.519+0000] {logging_mixin.py:190} INFO - [2025-03-04T14:30:11.519+0000] {override.py:1912} INFO - Created Permission View: can read on DAG:example_setup_teardown
[2025-03-04T14:30:11.532+0000] {logging_mixin.py:190} INFO - [2025-03-04T14:30:11.531+0000] {override.py:1912} INFO - Created Permission View: can edit on DAG:example_setup_teardown
[2025-03-04T14:30:11.546+0000] {logging_mixin.py:190} INFO - [2025-03-04T14:30:11.546+0000] {override.py:1912} INFO - Created Permission View: can delete on DAG Run:example_setup_teardown
[2025-03-04T14:30:11.558+0000] {logging_mixin.py:190} INFO - [2025-03-04T14:30:11.558+0000] {override.py:1912} INFO - Created Permission View: menu access on DAG Run:example_setup_teardown
[2025-03-04T14:30:11.568+0000] {logging_mixin.py:190} INFO - [2025-03-04T14:30:11.568+0000] {override.py:1912} INFO - Created Permission View: can read on DAG Run:example_setup_teardown
[2025-03-04T14:30:11.578+0000] {logging_mixin.py:190} INFO - [2025-03-04T14:30:11.578+0000] {override.py:1912} INFO - Created Permission View: can create on DAG Run:example_setup_teardown
[2025-03-04T14:30:11.579+0000] {logging_mixin.py:190} INFO - [2025-03-04T14:30:11.579+0000] {dag.py:3239} INFO - Sync 1 DAGs
[2025-03-04T14:30:11.603+0000] {logging_mixin.py:190} INFO - [2025-03-04T14:30:11.603+0000] {dag.py:3262} INFO - Creating ORM DAG for example_setup_teardown
[2025-03-04T14:30:11.605+0000] {logging_mixin.py:190} INFO - [2025-03-04T14:30:11.604+0000] {dag.py:4180} INFO - Setting next_dagrun for example_setup_teardown to None, run_after=None
[2025-03-04T14:30:11.634+0000] {processor.py:208} INFO - Processing /home/airflow/.local/lib/python3.12/site-packages/airflow/example_dags/example_setup_teardown.py took 0.370 seconds
[2025-03-04T14:30:41.768+0000] {processor.py:186} INFO - Started process (PID=156) to work on /home/airflow/.local/lib/python3.12/site-packages/airflow/example_dags/example_setup_teardown.py
[2025-03-04T14:30:41.769+0000] {processor.py:914} INFO - Processing file /home/airflow/.local/lib/python3.12/site-packages/airflow/example_dags/example_setup_teardown.py for tasks to queue
[2025-03-04T14:30:41.771+0000] {logging_mixin.py:190} INFO - [2025-03-04T14:30:41.771+0000] {dagbag.py:588} INFO - Filling up the DagBag from /home/airflow/.local/lib/python3.12/site-packages/airflow/example_dags/example_setup_teardown.py
[2025-03-04T14:30:41.779+0000] {processor.py:925} INFO - DAG(s) 'example_setup_teardown' retrieved from /home/airflow/.local/lib/python3.12/site-packages/airflow/example_dags/example_setup_teardown.py
[2025-03-04T14:30:41.800+0000] {logging_mixin.py:190} INFO - [2025-03-04T14:30:41.800+0000] {dag.py:3239} INFO - Sync 1 DAGs
[2025-03-04T14:30:41.814+0000] {logging_mixin.py:190} INFO - [2025-03-04T14:30:41.814+0000] {dag.py:4180} INFO - Setting next_dagrun for example_setup_teardown to None, run_after=None
[2025-03-04T14:30:41.835+0000] {processor.py:208} INFO - Processing /home/airflow/.local/lib/python3.12/site-packages/airflow/example_dags/example_setup_teardown.py took 0.073 seconds
