[2025-03-04T14:30:08.298+0000] {processor.py:186} INFO - Started process (PID=79) to work on /home/airflow/.local/lib/python3.12/site-packages/airflow/example_dags/example_task_group_decorator.py
[2025-03-04T14:30:08.300+0000] {processor.py:914} INFO - Processing file /home/airflow/.local/lib/python3.12/site-packages/airflow/example_dags/example_task_group_decorator.py for tasks to queue
[2025-03-04T14:30:08.304+0000] {logging_mixin.py:190} INFO - [2025-03-04T14:30:08.303+0000] {dagbag.py:588} INFO - Filling up the DagBag from /home/airflow/.local/lib/python3.12/site-packages/airflow/example_dags/example_task_group_decorator.py
[2025-03-04T14:30:08.338+0000] {processor.py:925} INFO - DAG(s) 'example_task_group_decorator' retrieved from /home/airflow/.local/lib/python3.12/site-packages/airflow/example_dags/example_task_group_decorator.py
[2025-03-04T14:30:08.510+0000] {logging_mixin.py:190} INFO - [2025-03-04T14:30:08.509+0000] {override.py:1912} INFO - Created Permission View: can delete on DAG:example_task_group_decorator
[2025-03-04T14:30:08.524+0000] {logging_mixin.py:190} INFO - [2025-03-04T14:30:08.524+0000] {override.py:1912} INFO - Created Permission View: can read on DAG:example_task_group_decorator
[2025-03-04T14:30:08.535+0000] {logging_mixin.py:190} INFO - [2025-03-04T14:30:08.535+0000] {override.py:1912} INFO - Created Permission View: can edit on DAG:example_task_group_decorator
[2025-03-04T14:30:08.549+0000] {logging_mixin.py:190} INFO - [2025-03-04T14:30:08.549+0000] {override.py:1912} INFO - Created Permission View: can delete on DAG Run:example_task_group_decorator
[2025-03-04T14:30:08.560+0000] {logging_mixin.py:190} INFO - [2025-03-04T14:30:08.559+0000] {override.py:1912} INFO - Created Permission View: menu access on DAG Run:example_task_group_decorator
[2025-03-04T14:30:08.571+0000] {logging_mixin.py:190} INFO - [2025-03-04T14:30:08.571+0000] {override.py:1912} INFO - Created Permission View: can read on DAG Run:example_task_group_decorator
[2025-03-04T14:30:08.583+0000] {logging_mixin.py:190} INFO - [2025-03-04T14:30:08.583+0000] {override.py:1912} INFO - Created Permission View: can create on DAG Run:example_task_group_decorator
[2025-03-04T14:30:08.584+0000] {logging_mixin.py:190} INFO - [2025-03-04T14:30:08.584+0000] {dag.py:3239} INFO - Sync 1 DAGs
[2025-03-04T14:30:08.608+0000] {logging_mixin.py:190} INFO - [2025-03-04T14:30:08.607+0000] {dag.py:3262} INFO - Creating ORM DAG for example_task_group_decorator
[2025-03-04T14:30:08.610+0000] {logging_mixin.py:190} INFO - [2025-03-04T14:30:08.609+0000] {dag.py:4180} INFO - Setting next_dagrun for example_task_group_decorator to None, run_after=None
[2025-03-04T14:30:08.639+0000] {processor.py:208} INFO - Processing /home/airflow/.local/lib/python3.12/site-packages/airflow/example_dags/example_task_group_decorator.py took 0.349 seconds
[2025-03-04T14:30:38.725+0000] {processor.py:186} INFO - Started process (PID=142) to work on /home/airflow/.local/lib/python3.12/site-packages/airflow/example_dags/example_task_group_decorator.py
[2025-03-04T14:30:38.727+0000] {processor.py:914} INFO - Processing file /home/airflow/.local/lib/python3.12/site-packages/airflow/example_dags/example_task_group_decorator.py for tasks to queue
[2025-03-04T14:30:38.730+0000] {logging_mixin.py:190} INFO - [2025-03-04T14:30:38.730+0000] {dagbag.py:588} INFO - Filling up the DagBag from /home/airflow/.local/lib/python3.12/site-packages/airflow/example_dags/example_task_group_decorator.py
[2025-03-04T14:30:38.753+0000] {processor.py:925} INFO - DAG(s) 'example_task_group_decorator' retrieved from /home/airflow/.local/lib/python3.12/site-packages/airflow/example_dags/example_task_group_decorator.py
[2025-03-04T14:30:38.788+0000] {logging_mixin.py:190} INFO - [2025-03-04T14:30:38.788+0000] {dag.py:3239} INFO - Sync 1 DAGs
[2025-03-04T14:30:38.808+0000] {logging_mixin.py:190} INFO - [2025-03-04T14:30:38.808+0000] {dag.py:4180} INFO - Setting next_dagrun for example_task_group_decorator to None, run_after=None
[2025-03-04T14:30:38.831+0000] {processor.py:208} INFO - Processing /home/airflow/.local/lib/python3.12/site-packages/airflow/example_dags/example_task_group_decorator.py took 0.114 seconds
[2025-03-04T14:31:09.681+0000] {processor.py:186} INFO - Started process (PID=205) to work on /home/airflow/.local/lib/python3.12/site-packages/airflow/example_dags/example_task_group_decorator.py
[2025-03-04T14:31:09.682+0000] {processor.py:914} INFO - Processing file /home/airflow/.local/lib/python3.12/site-packages/airflow/example_dags/example_task_group_decorator.py for tasks to queue
[2025-03-04T14:31:09.685+0000] {logging_mixin.py:190} INFO - [2025-03-04T14:31:09.685+0000] {dagbag.py:588} INFO - Filling up the DagBag from /home/airflow/.local/lib/python3.12/site-packages/airflow/example_dags/example_task_group_decorator.py
[2025-03-04T14:31:09.713+0000] {processor.py:925} INFO - DAG(s) 'example_task_group_decorator' retrieved from /home/airflow/.local/lib/python3.12/site-packages/airflow/example_dags/example_task_group_decorator.py
[2025-03-04T14:31:09.749+0000] {logging_mixin.py:190} INFO - [2025-03-04T14:31:09.749+0000] {dag.py:3239} INFO - Sync 1 DAGs
[2025-03-04T14:31:09.769+0000] {logging_mixin.py:190} INFO - [2025-03-04T14:31:09.769+0000] {dag.py:4180} INFO - Setting next_dagrun for example_task_group_decorator to None, run_after=None
[2025-03-04T14:31:09.798+0000] {processor.py:208} INFO - Processing /home/airflow/.local/lib/python3.12/site-packages/airflow/example_dags/example_task_group_decorator.py took 0.127 seconds
