[2025-03-04T14:29:59.961+0000] {processor.py:186} INFO - Started process (PID=50) to work on /home/airflow/.local/lib/python3.12/site-packages/airflow/example_dags/example_datasets.py
[2025-03-04T14:29:59.964+0000] {processor.py:914} INFO - Processing file /home/airflow/.local/lib/python3.12/site-packages/airflow/example_dags/example_datasets.py for tasks to queue
[2025-03-04T14:29:59.968+0000] {logging_mixin.py:190} INFO - [2025-03-04T14:29:59.968+0000] {dagbag.py:588} INFO - Filling up the DagBag from /home/airflow/.local/lib/python3.12/site-packages/airflow/example_dags/example_datasets.py
[2025-03-04T14:30:01.144+0000] {processor.py:925} INFO - DAG(s) 'dataset_produces_2', 'dataset_consumes_unknown_never_scheduled', 'consume_1_or_both_2_and_3_with_dataset_expressions', 'dataset_produces_1', 'conditional_dataset_and_time_based_timetable', 'consume_1_or_2_with_dataset_expressions', 'consume_1_and_2_with_dataset_expressions', 'dataset_consumes_1_never_scheduled', 'dataset_consumes_1_and_2', 'dataset_consumes_1' retrieved from /home/airflow/.local/lib/python3.12/site-packages/airflow/example_dags/example_datasets.py
[2025-03-04T14:30:01.295+0000] {logging_mixin.py:190} INFO - [2025-03-04T14:30:01.294+0000] {override.py:1912} INFO - Created Permission View: can delete on DAG:dataset_produces_2
[2025-03-04T14:30:01.310+0000] {logging_mixin.py:190} INFO - [2025-03-04T14:30:01.310+0000] {override.py:1912} INFO - Created Permission View: can read on DAG:dataset_produces_2
[2025-03-04T14:30:01.321+0000] {logging_mixin.py:190} INFO - [2025-03-04T14:30:01.321+0000] {override.py:1912} INFO - Created Permission View: can edit on DAG:dataset_produces_2
[2025-03-04T14:30:01.333+0000] {logging_mixin.py:190} INFO - [2025-03-04T14:30:01.332+0000] {override.py:1912} INFO - Created Permission View: can delete on DAG Run:dataset_produces_2
[2025-03-04T14:30:01.343+0000] {logging_mixin.py:190} INFO - [2025-03-04T14:30:01.343+0000] {override.py:1912} INFO - Created Permission View: menu access on DAG Run:dataset_produces_2
[2025-03-04T14:30:01.355+0000] {logging_mixin.py:190} INFO - [2025-03-04T14:30:01.354+0000] {override.py:1912} INFO - Created Permission View: can read on DAG Run:dataset_produces_2
[2025-03-04T14:30:01.366+0000] {logging_mixin.py:190} INFO - [2025-03-04T14:30:01.366+0000] {override.py:1912} INFO - Created Permission View: can create on DAG Run:dataset_produces_2
[2025-03-04T14:30:01.388+0000] {logging_mixin.py:190} INFO - [2025-03-04T14:30:01.388+0000] {override.py:1912} INFO - Created Permission View: can delete on DAG:dataset_consumes_unknown_never_scheduled
[2025-03-04T14:30:01.400+0000] {logging_mixin.py:190} INFO - [2025-03-04T14:30:01.400+0000] {override.py:1912} INFO - Created Permission View: can read on DAG:dataset_consumes_unknown_never_scheduled
[2025-03-04T14:30:01.410+0000] {logging_mixin.py:190} INFO - [2025-03-04T14:30:01.410+0000] {override.py:1912} INFO - Created Permission View: can edit on DAG:dataset_consumes_unknown_never_scheduled
[2025-03-04T14:30:01.424+0000] {logging_mixin.py:190} INFO - [2025-03-04T14:30:01.423+0000] {override.py:1912} INFO - Created Permission View: can delete on DAG Run:dataset_consumes_unknown_never_scheduled
[2025-03-04T14:30:01.437+0000] {logging_mixin.py:190} INFO - [2025-03-04T14:30:01.436+0000] {override.py:1912} INFO - Created Permission View: menu access on DAG Run:dataset_consumes_unknown_never_scheduled
[2025-03-04T14:30:01.447+0000] {logging_mixin.py:190} INFO - [2025-03-04T14:30:01.447+0000] {override.py:1912} INFO - Created Permission View: can read on DAG Run:dataset_consumes_unknown_never_scheduled
[2025-03-04T14:30:01.457+0000] {logging_mixin.py:190} INFO - [2025-03-04T14:30:01.457+0000] {override.py:1912} INFO - Created Permission View: can create on DAG Run:dataset_consumes_unknown_never_scheduled
[2025-03-04T14:30:01.476+0000] {logging_mixin.py:190} INFO - [2025-03-04T14:30:01.476+0000] {override.py:1912} INFO - Created Permission View: can delete on DAG:consume_1_or_both_2_and_3_with_dataset_expressions
[2025-03-04T14:30:01.487+0000] {logging_mixin.py:190} INFO - [2025-03-04T14:30:01.486+0000] {override.py:1912} INFO - Created Permission View: can read on DAG:consume_1_or_both_2_and_3_with_dataset_expressions
[2025-03-04T14:30:01.497+0000] {logging_mixin.py:190} INFO - [2025-03-04T14:30:01.497+0000] {override.py:1912} INFO - Created Permission View: can edit on DAG:consume_1_or_both_2_and_3_with_dataset_expressions
[2025-03-04T14:30:01.511+0000] {logging_mixin.py:190} INFO - [2025-03-04T14:30:01.510+0000] {override.py:1912} INFO - Created Permission View: can delete on DAG Run:consume_1_or_both_2_and_3_with_dataset_expressions
[2025-03-04T14:30:01.523+0000] {logging_mixin.py:190} INFO - [2025-03-04T14:30:01.523+0000] {override.py:1912} INFO - Created Permission View: menu access on DAG Run:consume_1_or_both_2_and_3_with_dataset_expressions
[2025-03-04T14:30:01.535+0000] {logging_mixin.py:190} INFO - [2025-03-04T14:30:01.534+0000] {override.py:1912} INFO - Created Permission View: can read on DAG Run:consume_1_or_both_2_and_3_with_dataset_expressions
[2025-03-04T14:30:01.545+0000] {logging_mixin.py:190} INFO - [2025-03-04T14:30:01.545+0000] {override.py:1912} INFO - Created Permission View: can create on DAG Run:consume_1_or_both_2_and_3_with_dataset_expressions
[2025-03-04T14:30:01.564+0000] {logging_mixin.py:190} INFO - [2025-03-04T14:30:01.564+0000] {override.py:1912} INFO - Created Permission View: can delete on DAG:dataset_produces_1
[2025-03-04T14:30:01.575+0000] {logging_mixin.py:190} INFO - [2025-03-04T14:30:01.574+0000] {override.py:1912} INFO - Created Permission View: can read on DAG:dataset_produces_1
[2025-03-04T14:30:01.585+0000] {logging_mixin.py:190} INFO - [2025-03-04T14:30:01.585+0000] {override.py:1912} INFO - Created Permission View: can edit on DAG:dataset_produces_1
[2025-03-04T14:30:01.598+0000] {logging_mixin.py:190} INFO - [2025-03-04T14:30:01.597+0000] {override.py:1912} INFO - Created Permission View: can delete on DAG Run:dataset_produces_1
[2025-03-04T14:30:01.608+0000] {logging_mixin.py:190} INFO - [2025-03-04T14:30:01.608+0000] {override.py:1912} INFO - Created Permission View: menu access on DAG Run:dataset_produces_1
[2025-03-04T14:30:01.619+0000] {logging_mixin.py:190} INFO - [2025-03-04T14:30:01.618+0000] {override.py:1912} INFO - Created Permission View: can read on DAG Run:dataset_produces_1
[2025-03-04T14:30:01.630+0000] {logging_mixin.py:190} INFO - [2025-03-04T14:30:01.630+0000] {override.py:1912} INFO - Created Permission View: can create on DAG Run:dataset_produces_1
[2025-03-04T14:30:01.651+0000] {logging_mixin.py:190} INFO - [2025-03-04T14:30:01.650+0000] {override.py:1912} INFO - Created Permission View: can delete on DAG:conditional_dataset_and_time_based_timetable
[2025-03-04T14:30:01.662+0000] {logging_mixin.py:190} INFO - [2025-03-04T14:30:01.661+0000] {override.py:1912} INFO - Created Permission View: can read on DAG:conditional_dataset_and_time_based_timetable
[2025-03-04T14:30:01.673+0000] {logging_mixin.py:190} INFO - [2025-03-04T14:30:01.672+0000] {override.py:1912} INFO - Created Permission View: can edit on DAG:conditional_dataset_and_time_based_timetable
[2025-03-04T14:30:01.687+0000] {logging_mixin.py:190} INFO - [2025-03-04T14:30:01.687+0000] {override.py:1912} INFO - Created Permission View: can delete on DAG Run:conditional_dataset_and_time_based_timetable
[2025-03-04T14:30:01.699+0000] {logging_mixin.py:190} INFO - [2025-03-04T14:30:01.698+0000] {override.py:1912} INFO - Created Permission View: menu access on DAG Run:conditional_dataset_and_time_based_timetable
[2025-03-04T14:30:01.710+0000] {logging_mixin.py:190} INFO - [2025-03-04T14:30:01.710+0000] {override.py:1912} INFO - Created Permission View: can read on DAG Run:conditional_dataset_and_time_based_timetable
[2025-03-04T14:30:01.728+0000] {logging_mixin.py:190} INFO - [2025-03-04T14:30:01.727+0000] {override.py:1912} INFO - Created Permission View: can create on DAG Run:conditional_dataset_and_time_based_timetable
[2025-03-04T14:30:01.760+0000] {logging_mixin.py:190} INFO - [2025-03-04T14:30:01.760+0000] {override.py:1912} INFO - Created Permission View: can delete on DAG:consume_1_or_2_with_dataset_expressions
[2025-03-04T14:30:01.786+0000] {logging_mixin.py:190} INFO - [2025-03-04T14:30:01.785+0000] {override.py:1912} INFO - Created Permission View: can read on DAG:consume_1_or_2_with_dataset_expressions
[2025-03-04T14:30:01.818+0000] {logging_mixin.py:190} INFO - [2025-03-04T14:30:01.817+0000] {override.py:1912} INFO - Created Permission View: can edit on DAG:consume_1_or_2_with_dataset_expressions
[2025-03-04T14:30:01.850+0000] {logging_mixin.py:190} INFO - [2025-03-04T14:30:01.849+0000] {override.py:1912} INFO - Created Permission View: can delete on DAG Run:consume_1_or_2_with_dataset_expressions
[2025-03-04T14:30:01.874+0000] {logging_mixin.py:190} INFO - [2025-03-04T14:30:01.874+0000] {override.py:1912} INFO - Created Permission View: menu access on DAG Run:consume_1_or_2_with_dataset_expressions
[2025-03-04T14:30:01.898+0000] {logging_mixin.py:190} INFO - [2025-03-04T14:30:01.897+0000] {override.py:1912} INFO - Created Permission View: can read on DAG Run:consume_1_or_2_with_dataset_expressions
[2025-03-04T14:30:01.922+0000] {logging_mixin.py:190} INFO - [2025-03-04T14:30:01.921+0000] {override.py:1912} INFO - Created Permission View: can create on DAG Run:consume_1_or_2_with_dataset_expressions
[2025-03-04T14:30:01.961+0000] {logging_mixin.py:190} INFO - [2025-03-04T14:30:01.959+0000] {override.py:1912} INFO - Created Permission View: can delete on DAG:consume_1_and_2_with_dataset_expressions
[2025-03-04T14:30:01.993+0000] {logging_mixin.py:190} INFO - [2025-03-04T14:30:01.993+0000] {override.py:1912} INFO - Created Permission View: can read on DAG:consume_1_and_2_with_dataset_expressions
[2025-03-04T14:30:02.012+0000] {logging_mixin.py:190} INFO - [2025-03-04T14:30:02.012+0000] {override.py:1912} INFO - Created Permission View: can edit on DAG:consume_1_and_2_with_dataset_expressions
[2025-03-04T14:30:02.033+0000] {logging_mixin.py:190} INFO - [2025-03-04T14:30:02.033+0000] {override.py:1912} INFO - Created Permission View: can delete on DAG Run:consume_1_and_2_with_dataset_expressions
[2025-03-04T14:30:02.050+0000] {logging_mixin.py:190} INFO - [2025-03-04T14:30:02.049+0000] {override.py:1912} INFO - Created Permission View: menu access on DAG Run:consume_1_and_2_with_dataset_expressions
[2025-03-04T14:30:02.065+0000] {logging_mixin.py:190} INFO - [2025-03-04T14:30:02.064+0000] {override.py:1912} INFO - Created Permission View: can read on DAG Run:consume_1_and_2_with_dataset_expressions
[2025-03-04T14:30:02.079+0000] {logging_mixin.py:190} INFO - [2025-03-04T14:30:02.078+0000] {override.py:1912} INFO - Created Permission View: can create on DAG Run:consume_1_and_2_with_dataset_expressions
[2025-03-04T14:30:02.102+0000] {logging_mixin.py:190} INFO - [2025-03-04T14:30:02.101+0000] {override.py:1912} INFO - Created Permission View: can delete on DAG:dataset_consumes_1_never_scheduled
[2025-03-04T14:30:02.113+0000] {logging_mixin.py:190} INFO - [2025-03-04T14:30:02.112+0000] {override.py:1912} INFO - Created Permission View: can read on DAG:dataset_consumes_1_never_scheduled
[2025-03-04T14:30:02.123+0000] {logging_mixin.py:190} INFO - [2025-03-04T14:30:02.123+0000] {override.py:1912} INFO - Created Permission View: can edit on DAG:dataset_consumes_1_never_scheduled
[2025-03-04T14:30:02.136+0000] {logging_mixin.py:190} INFO - [2025-03-04T14:30:02.135+0000] {override.py:1912} INFO - Created Permission View: can delete on DAG Run:dataset_consumes_1_never_scheduled
[2025-03-04T14:30:02.146+0000] {logging_mixin.py:190} INFO - [2025-03-04T14:30:02.145+0000] {override.py:1912} INFO - Created Permission View: menu access on DAG Run:dataset_consumes_1_never_scheduled
[2025-03-04T14:30:02.156+0000] {logging_mixin.py:190} INFO - [2025-03-04T14:30:02.156+0000] {override.py:1912} INFO - Created Permission View: can read on DAG Run:dataset_consumes_1_never_scheduled
[2025-03-04T14:30:02.167+0000] {logging_mixin.py:190} INFO - [2025-03-04T14:30:02.166+0000] {override.py:1912} INFO - Created Permission View: can create on DAG Run:dataset_consumes_1_never_scheduled
[2025-03-04T14:30:02.187+0000] {logging_mixin.py:190} INFO - [2025-03-04T14:30:02.187+0000] {override.py:1912} INFO - Created Permission View: can delete on DAG:dataset_consumes_1_and_2
[2025-03-04T14:30:02.199+0000] {logging_mixin.py:190} INFO - [2025-03-04T14:30:02.198+0000] {override.py:1912} INFO - Created Permission View: can read on DAG:dataset_consumes_1_and_2
[2025-03-04T14:30:02.209+0000] {logging_mixin.py:190} INFO - [2025-03-04T14:30:02.209+0000] {override.py:1912} INFO - Created Permission View: can edit on DAG:dataset_consumes_1_and_2
[2025-03-04T14:30:02.221+0000] {logging_mixin.py:190} INFO - [2025-03-04T14:30:02.221+0000] {override.py:1912} INFO - Created Permission View: can delete on DAG Run:dataset_consumes_1_and_2
[2025-03-04T14:30:02.232+0000] {logging_mixin.py:190} INFO - [2025-03-04T14:30:02.232+0000] {override.py:1912} INFO - Created Permission View: menu access on DAG Run:dataset_consumes_1_and_2
[2025-03-04T14:30:02.244+0000] {logging_mixin.py:190} INFO - [2025-03-04T14:30:02.244+0000] {override.py:1912} INFO - Created Permission View: can read on DAG Run:dataset_consumes_1_and_2
[2025-03-04T14:30:02.256+0000] {logging_mixin.py:190} INFO - [2025-03-04T14:30:02.256+0000] {override.py:1912} INFO - Created Permission View: can create on DAG Run:dataset_consumes_1_and_2
[2025-03-04T14:30:02.277+0000] {logging_mixin.py:190} INFO - [2025-03-04T14:30:02.276+0000] {override.py:1912} INFO - Created Permission View: can delete on DAG:dataset_consumes_1
[2025-03-04T14:30:02.289+0000] {logging_mixin.py:190} INFO - [2025-03-04T14:30:02.289+0000] {override.py:1912} INFO - Created Permission View: can read on DAG:dataset_consumes_1
[2025-03-04T14:30:02.303+0000] {logging_mixin.py:190} INFO - [2025-03-04T14:30:02.302+0000] {override.py:1912} INFO - Created Permission View: can edit on DAG:dataset_consumes_1
[2025-03-04T14:30:02.316+0000] {logging_mixin.py:190} INFO - [2025-03-04T14:30:02.315+0000] {override.py:1912} INFO - Created Permission View: can delete on DAG Run:dataset_consumes_1
[2025-03-04T14:30:02.326+0000] {logging_mixin.py:190} INFO - [2025-03-04T14:30:02.326+0000] {override.py:1912} INFO - Created Permission View: menu access on DAG Run:dataset_consumes_1
[2025-03-04T14:30:02.340+0000] {logging_mixin.py:190} INFO - [2025-03-04T14:30:02.339+0000] {override.py:1912} INFO - Created Permission View: can read on DAG Run:dataset_consumes_1
[2025-03-04T14:30:02.351+0000] {logging_mixin.py:190} INFO - [2025-03-04T14:30:02.351+0000] {override.py:1912} INFO - Created Permission View: can create on DAG Run:dataset_consumes_1
[2025-03-04T14:30:02.352+0000] {logging_mixin.py:190} INFO - [2025-03-04T14:30:02.352+0000] {dag.py:3239} INFO - Sync 10 DAGs
[2025-03-04T14:30:02.373+0000] {logging_mixin.py:190} INFO - [2025-03-04T14:30:02.373+0000] {dag.py:3262} INFO - Creating ORM DAG for dataset_produces_2
[2025-03-04T14:30:02.375+0000] {logging_mixin.py:190} INFO - [2025-03-04T14:30:02.375+0000] {dag.py:3262} INFO - Creating ORM DAG for consume_1_and_2_with_dataset_expressions
[2025-03-04T14:30:02.376+0000] {logging_mixin.py:190} INFO - [2025-03-04T14:30:02.376+0000] {dag.py:3262} INFO - Creating ORM DAG for conditional_dataset_and_time_based_timetable
[2025-03-04T14:30:02.377+0000] {logging_mixin.py:190} INFO - [2025-03-04T14:30:02.377+0000] {dag.py:3262} INFO - Creating ORM DAG for consume_1_or_both_2_and_3_with_dataset_expressions
[2025-03-04T14:30:02.379+0000] {logging_mixin.py:190} INFO - [2025-03-04T14:30:02.378+0000] {dag.py:3262} INFO - Creating ORM DAG for dataset_consumes_1_and_2
[2025-03-04T14:30:02.380+0000] {logging_mixin.py:190} INFO - [2025-03-04T14:30:02.379+0000] {dag.py:3262} INFO - Creating ORM DAG for dataset_consumes_unknown_never_scheduled
[2025-03-04T14:30:02.381+0000] {logging_mixin.py:190} INFO - [2025-03-04T14:30:02.381+0000] {dag.py:3262} INFO - Creating ORM DAG for dataset_consumes_1
[2025-03-04T14:30:02.382+0000] {logging_mixin.py:190} INFO - [2025-03-04T14:30:02.382+0000] {dag.py:3262} INFO - Creating ORM DAG for dataset_consumes_1_never_scheduled
[2025-03-04T14:30:02.383+0000] {logging_mixin.py:190} INFO - [2025-03-04T14:30:02.383+0000] {dag.py:3262} INFO - Creating ORM DAG for consume_1_or_2_with_dataset_expressions
[2025-03-04T14:30:02.384+0000] {logging_mixin.py:190} INFO - [2025-03-04T14:30:02.384+0000] {dag.py:3262} INFO - Creating ORM DAG for dataset_produces_1
[2025-03-04T14:30:02.400+0000] {logging_mixin.py:190} INFO - [2025-03-04T14:30:02.400+0000] {dag.py:4180} INFO - Setting next_dagrun for conditional_dataset_and_time_based_timetable to 2025-02-26 01:00:00+00:00, run_after=2025-02-26 01:00:00+00:00
[2025-03-04T14:30:02.401+0000] {logging_mixin.py:190} INFO - [2025-03-04T14:30:02.401+0000] {dag.py:4180} INFO - Setting next_dagrun for consume_1_and_2_with_dataset_expressions to None, run_after=None
[2025-03-04T14:30:02.402+0000] {logging_mixin.py:190} INFO - [2025-03-04T14:30:02.402+0000] {dag.py:4180} INFO - Setting next_dagrun for consume_1_or_2_with_dataset_expressions to None, run_after=None
[2025-03-04T14:30:02.403+0000] {logging_mixin.py:190} INFO - [2025-03-04T14:30:02.403+0000] {dag.py:4180} INFO - Setting next_dagrun for consume_1_or_both_2_and_3_with_dataset_expressions to None, run_after=None
[2025-03-04T14:30:02.404+0000] {logging_mixin.py:190} INFO - [2025-03-04T14:30:02.403+0000] {dag.py:4180} INFO - Setting next_dagrun for dataset_consumes_1 to None, run_after=None
[2025-03-04T14:30:02.405+0000] {logging_mixin.py:190} INFO - [2025-03-04T14:30:02.405+0000] {dag.py:4180} INFO - Setting next_dagrun for dataset_consumes_1_and_2 to None, run_after=None
[2025-03-04T14:30:02.406+0000] {logging_mixin.py:190} INFO - [2025-03-04T14:30:02.406+0000] {dag.py:4180} INFO - Setting next_dagrun for dataset_consumes_1_never_scheduled to None, run_after=None
[2025-03-04T14:30:02.407+0000] {logging_mixin.py:190} INFO - [2025-03-04T14:30:02.407+0000] {dag.py:4180} INFO - Setting next_dagrun for dataset_consumes_unknown_never_scheduled to None, run_after=None
[2025-03-04T14:30:02.410+0000] {logging_mixin.py:190} INFO - [2025-03-04T14:30:02.410+0000] {dag.py:4180} INFO - Setting next_dagrun for dataset_produces_1 to 2025-03-03 00:00:00+00:00, run_after=2025-03-04 00:00:00+00:00
[2025-03-04T14:30:02.412+0000] {logging_mixin.py:190} INFO - [2025-03-04T14:30:02.411+0000] {dag.py:4180} INFO - Setting next_dagrun for dataset_produces_2 to None, run_after=None
[2025-03-04T14:30:02.508+0000] {processor.py:208} INFO - Processing /home/airflow/.local/lib/python3.12/site-packages/airflow/example_dags/example_datasets.py took 2.565 seconds
[2025-03-04T14:30:33.003+0000] {processor.py:186} INFO - Started process (PID=120) to work on /home/airflow/.local/lib/python3.12/site-packages/airflow/example_dags/example_datasets.py
[2025-03-04T14:30:33.005+0000] {processor.py:914} INFO - Processing file /home/airflow/.local/lib/python3.12/site-packages/airflow/example_dags/example_datasets.py for tasks to queue
[2025-03-04T14:30:33.008+0000] {logging_mixin.py:190} INFO - [2025-03-04T14:30:33.007+0000] {dagbag.py:588} INFO - Filling up the DagBag from /home/airflow/.local/lib/python3.12/site-packages/airflow/example_dags/example_datasets.py
[2025-03-04T14:30:33.900+0000] {processor.py:925} INFO - DAG(s) 'conditional_dataset_and_time_based_timetable', 'dataset_consumes_1_never_scheduled', 'dataset_produces_2', 'dataset_consumes_1', 'dataset_consumes_1_and_2', 'consume_1_or_2_with_dataset_expressions', 'dataset_consumes_unknown_never_scheduled', 'consume_1_or_both_2_and_3_with_dataset_expressions', 'consume_1_and_2_with_dataset_expressions', 'dataset_produces_1' retrieved from /home/airflow/.local/lib/python3.12/site-packages/airflow/example_dags/example_datasets.py
[2025-03-04T14:30:33.973+0000] {logging_mixin.py:190} INFO - [2025-03-04T14:30:33.973+0000] {dag.py:3239} INFO - Sync 10 DAGs
[2025-03-04T14:30:34.029+0000] {logging_mixin.py:190} INFO - [2025-03-04T14:30:34.028+0000] {dag.py:4180} INFO - Setting next_dagrun for conditional_dataset_and_time_based_timetable to 2025-02-26 01:00:00+00:00, run_after=2025-02-26 01:00:00+00:00
[2025-03-04T14:30:34.036+0000] {logging_mixin.py:190} INFO - [2025-03-04T14:30:34.036+0000] {dag.py:4180} INFO - Setting next_dagrun for consume_1_and_2_with_dataset_expressions to None, run_after=None
[2025-03-04T14:30:34.039+0000] {logging_mixin.py:190} INFO - [2025-03-04T14:30:34.039+0000] {dag.py:4180} INFO - Setting next_dagrun for consume_1_or_2_with_dataset_expressions to None, run_after=None
[2025-03-04T14:30:34.042+0000] {logging_mixin.py:190} INFO - [2025-03-04T14:30:34.042+0000] {dag.py:4180} INFO - Setting next_dagrun for consume_1_or_both_2_and_3_with_dataset_expressions to None, run_after=None
[2025-03-04T14:30:34.046+0000] {logging_mixin.py:190} INFO - [2025-03-04T14:30:34.045+0000] {dag.py:4180} INFO - Setting next_dagrun for dataset_consumes_1 to None, run_after=None
[2025-03-04T14:30:34.049+0000] {logging_mixin.py:190} INFO - [2025-03-04T14:30:34.049+0000] {dag.py:4180} INFO - Setting next_dagrun for dataset_consumes_1_and_2 to None, run_after=None
[2025-03-04T14:30:34.052+0000] {logging_mixin.py:190} INFO - [2025-03-04T14:30:34.052+0000] {dag.py:4180} INFO - Setting next_dagrun for dataset_consumes_1_never_scheduled to None, run_after=None
[2025-03-04T14:30:34.055+0000] {logging_mixin.py:190} INFO - [2025-03-04T14:30:34.054+0000] {dag.py:4180} INFO - Setting next_dagrun for dataset_consumes_unknown_never_scheduled to None, run_after=None
[2025-03-04T14:30:34.060+0000] {logging_mixin.py:190} INFO - [2025-03-04T14:30:34.059+0000] {dag.py:4180} INFO - Setting next_dagrun for dataset_produces_1 to 2025-03-03 00:00:00+00:00, run_after=2025-03-04 00:00:00+00:00
[2025-03-04T14:30:34.063+0000] {logging_mixin.py:190} INFO - [2025-03-04T14:30:34.063+0000] {dag.py:4180} INFO - Setting next_dagrun for dataset_produces_2 to None, run_after=None
[2025-03-04T14:30:34.138+0000] {processor.py:208} INFO - Processing /home/airflow/.local/lib/python3.12/site-packages/airflow/example_dags/example_datasets.py took 1.142 seconds
[2025-03-04T14:31:04.389+0000] {processor.py:186} INFO - Started process (PID=188) to work on /home/airflow/.local/lib/python3.12/site-packages/airflow/example_dags/example_datasets.py
[2025-03-04T14:31:04.390+0000] {processor.py:914} INFO - Processing file /home/airflow/.local/lib/python3.12/site-packages/airflow/example_dags/example_datasets.py for tasks to queue
[2025-03-04T14:31:04.394+0000] {logging_mixin.py:190} INFO - [2025-03-04T14:31:04.393+0000] {dagbag.py:588} INFO - Filling up the DagBag from /home/airflow/.local/lib/python3.12/site-packages/airflow/example_dags/example_datasets.py
[2025-03-04T14:31:05.156+0000] {processor.py:925} INFO - DAG(s) 'consume_1_and_2_with_dataset_expressions', 'dataset_consumes_unknown_never_scheduled', 'dataset_produces_1', 'consume_1_or_both_2_and_3_with_dataset_expressions', 'dataset_produces_2', 'dataset_consumes_1_and_2', 'dataset_consumes_1', 'conditional_dataset_and_time_based_timetable', 'consume_1_or_2_with_dataset_expressions', 'dataset_consumes_1_never_scheduled' retrieved from /home/airflow/.local/lib/python3.12/site-packages/airflow/example_dags/example_datasets.py
[2025-03-04T14:31:05.218+0000] {logging_mixin.py:190} INFO - [2025-03-04T14:31:05.217+0000] {dag.py:3239} INFO - Sync 10 DAGs
[2025-03-04T14:31:05.254+0000] {logging_mixin.py:190} INFO - [2025-03-04T14:31:05.254+0000] {dag.py:4180} INFO - Setting next_dagrun for conditional_dataset_and_time_based_timetable to 2025-02-26 01:00:00+00:00, run_after=2025-02-26 01:00:00+00:00
[2025-03-04T14:31:05.259+0000] {logging_mixin.py:190} INFO - [2025-03-04T14:31:05.259+0000] {dag.py:4180} INFO - Setting next_dagrun for consume_1_and_2_with_dataset_expressions to None, run_after=None
[2025-03-04T14:31:05.262+0000] {logging_mixin.py:190} INFO - [2025-03-04T14:31:05.261+0000] {dag.py:4180} INFO - Setting next_dagrun for consume_1_or_2_with_dataset_expressions to None, run_after=None
[2025-03-04T14:31:05.264+0000] {logging_mixin.py:190} INFO - [2025-03-04T14:31:05.264+0000] {dag.py:4180} INFO - Setting next_dagrun for consume_1_or_both_2_and_3_with_dataset_expressions to None, run_after=None
[2025-03-04T14:31:05.266+0000] {logging_mixin.py:190} INFO - [2025-03-04T14:31:05.266+0000] {dag.py:4180} INFO - Setting next_dagrun for dataset_consumes_1 to None, run_after=None
[2025-03-04T14:31:05.268+0000] {logging_mixin.py:190} INFO - [2025-03-04T14:31:05.268+0000] {dag.py:4180} INFO - Setting next_dagrun for dataset_consumes_1_and_2 to None, run_after=None
[2025-03-04T14:31:05.270+0000] {logging_mixin.py:190} INFO - [2025-03-04T14:31:05.269+0000] {dag.py:4180} INFO - Setting next_dagrun for dataset_consumes_1_never_scheduled to None, run_after=None
[2025-03-04T14:31:05.272+0000] {logging_mixin.py:190} INFO - [2025-03-04T14:31:05.272+0000] {dag.py:4180} INFO - Setting next_dagrun for dataset_consumes_unknown_never_scheduled to None, run_after=None
[2025-03-04T14:31:05.276+0000] {logging_mixin.py:190} INFO - [2025-03-04T14:31:05.276+0000] {dag.py:4180} INFO - Setting next_dagrun for dataset_produces_1 to 2025-03-03 00:00:00+00:00, run_after=2025-03-04 00:00:00+00:00
[2025-03-04T14:31:05.278+0000] {logging_mixin.py:190} INFO - [2025-03-04T14:31:05.278+0000] {dag.py:4180} INFO - Setting next_dagrun for dataset_produces_2 to None, run_after=None
[2025-03-04T14:31:05.322+0000] {processor.py:208} INFO - Processing /home/airflow/.local/lib/python3.12/site-packages/airflow/example_dags/example_datasets.py took 0.941 seconds
