[2025-03-04T14:30:14.883+0000] {processor.py:186} INFO - Started process (PID=100) to work on /home/airflow/.local/lib/python3.12/site-packages/airflow/example_dags/example_sla_dag.py
[2025-03-04T14:30:14.898+0000] {processor.py:914} INFO - Processing file /home/airflow/.local/lib/python3.12/site-packages/airflow/example_dags/example_sla_dag.py for tasks to queue
[2025-03-04T14:30:14.903+0000] {logging_mixin.py:190} INFO - [2025-03-04T14:30:14.902+0000] {dagbag.py:588} INFO - Filling up the DagBag from /home/airflow/.local/lib/python3.12/site-packages/airflow/example_dags/example_sla_dag.py
[2025-03-04T14:30:14.940+0000] {processor.py:925} INFO - DAG(s) 'example_sla_dag' retrieved from /home/airflow/.local/lib/python3.12/site-packages/airflow/example_dags/example_sla_dag.py
[2025-03-04T14:30:15.272+0000] {logging_mixin.py:190} INFO - [2025-03-04T14:30:15.271+0000] {override.py:1912} INFO - Created Permission View: can delete on DAG:example_sla_dag
[2025-03-04T14:30:15.309+0000] {logging_mixin.py:190} INFO - [2025-03-04T14:30:15.308+0000] {override.py:1912} INFO - Created Permission View: can read on DAG:example_sla_dag
[2025-03-04T14:30:15.326+0000] {logging_mixin.py:190} INFO - [2025-03-04T14:30:15.325+0000] {override.py:1912} INFO - Created Permission View: can edit on DAG:example_sla_dag
[2025-03-04T14:30:15.342+0000] {logging_mixin.py:190} INFO - [2025-03-04T14:30:15.341+0000] {override.py:1912} INFO - Created Permission View: can delete on DAG Run:example_sla_dag
[2025-03-04T14:30:15.357+0000] {logging_mixin.py:190} INFO - [2025-03-04T14:30:15.356+0000] {override.py:1912} INFO - Created Permission View: menu access on DAG Run:example_sla_dag
[2025-03-04T14:30:15.374+0000] {logging_mixin.py:190} INFO - [2025-03-04T14:30:15.374+0000] {override.py:1912} INFO - Created Permission View: can read on DAG Run:example_sla_dag
[2025-03-04T14:30:15.387+0000] {logging_mixin.py:190} INFO - [2025-03-04T14:30:15.387+0000] {override.py:1912} INFO - Created Permission View: can create on DAG Run:example_sla_dag
[2025-03-04T14:30:15.389+0000] {logging_mixin.py:190} INFO - [2025-03-04T14:30:15.388+0000] {dag.py:3239} INFO - Sync 1 DAGs
[2025-03-04T14:30:15.423+0000] {logging_mixin.py:190} INFO - [2025-03-04T14:30:15.422+0000] {dag.py:3262} INFO - Creating ORM DAG for example_sla_dag
[2025-03-04T14:30:15.449+0000] {logging_mixin.py:190} INFO - [2025-03-04T14:30:15.449+0000] {dag.py:4180} INFO - Setting next_dagrun for example_sla_dag to 2025-03-04 14:28:00+00:00, run_after=2025-03-04 14:30:00+00:00
[2025-03-04T14:30:15.483+0000] {processor.py:208} INFO - Processing /home/airflow/.local/lib/python3.12/site-packages/airflow/example_dags/example_sla_dag.py took 0.623 seconds
[2025-03-04T14:30:45.575+0000] {processor.py:186} INFO - Started process (PID=163) to work on /home/airflow/.local/lib/python3.12/site-packages/airflow/example_dags/example_sla_dag.py
[2025-03-04T14:30:45.577+0000] {processor.py:914} INFO - Processing file /home/airflow/.local/lib/python3.12/site-packages/airflow/example_dags/example_sla_dag.py for tasks to queue
[2025-03-04T14:30:45.580+0000] {logging_mixin.py:190} INFO - [2025-03-04T14:30:45.580+0000] {dagbag.py:588} INFO - Filling up the DagBag from /home/airflow/.local/lib/python3.12/site-packages/airflow/example_dags/example_sla_dag.py
[2025-03-04T14:30:45.591+0000] {processor.py:925} INFO - DAG(s) 'example_sla_dag' retrieved from /home/airflow/.local/lib/python3.12/site-packages/airflow/example_dags/example_sla_dag.py
[2025-03-04T14:30:45.615+0000] {logging_mixin.py:190} INFO - [2025-03-04T14:30:45.615+0000] {dag.py:3239} INFO - Sync 1 DAGs
[2025-03-04T14:30:45.645+0000] {logging_mixin.py:190} INFO - [2025-03-04T14:30:45.645+0000] {dag.py:4180} INFO - Setting next_dagrun for example_sla_dag to 2025-03-04 14:28:00+00:00, run_after=2025-03-04 14:30:00+00:00
[2025-03-04T14:30:45.666+0000] {processor.py:208} INFO - Processing /home/airflow/.local/lib/python3.12/site-packages/airflow/example_dags/example_sla_dag.py took 0.100 seconds
