[2025-03-04T14:30:11.403+0000] {processor.py:186} INFO - Started process (PID=94) to work on /home/airflow/.local/lib/python3.12/site-packages/airflow/example_dags/example_xcomargs.py
[2025-03-04T14:30:11.405+0000] {processor.py:914} INFO - Processing file /home/airflow/.local/lib/python3.12/site-packages/airflow/example_dags/example_xcomargs.py for tasks to queue
[2025-03-04T14:30:11.410+0000] {logging_mixin.py:190} INFO - [2025-03-04T14:30:11.409+0000] {dagbag.py:588} INFO - Filling up the DagBag from /home/airflow/.local/lib/python3.12/site-packages/airflow/example_dags/example_xcomargs.py
[2025-03-04T14:30:11.428+0000] {processor.py:925} INFO - DAG(s) 'example_xcom_args', 'example_xcom_args_with_operators' retrieved from /home/airflow/.local/lib/python3.12/site-packages/airflow/example_dags/example_xcomargs.py
[2025-03-04T14:30:11.609+0000] {logging_mixin.py:190} INFO - [2025-03-04T14:30:11.608+0000] {override.py:1912} INFO - Created Permission View: can delete on DAG:example_xcom_args
[2025-03-04T14:30:11.626+0000] {logging_mixin.py:190} INFO - [2025-03-04T14:30:11.626+0000] {override.py:1912} INFO - Created Permission View: can read on DAG:example_xcom_args
[2025-03-04T14:30:11.637+0000] {logging_mixin.py:190} INFO - [2025-03-04T14:30:11.636+0000] {override.py:1912} INFO - Created Permission View: can edit on DAG:example_xcom_args
[2025-03-04T14:30:11.650+0000] {logging_mixin.py:190} INFO - [2025-03-04T14:30:11.649+0000] {override.py:1912} INFO - Created Permission View: can delete on DAG Run:example_xcom_args
[2025-03-04T14:30:11.663+0000] {logging_mixin.py:190} INFO - [2025-03-04T14:30:11.662+0000] {override.py:1912} INFO - Created Permission View: menu access on DAG Run:example_xcom_args
[2025-03-04T14:30:11.678+0000] {logging_mixin.py:190} INFO - [2025-03-04T14:30:11.677+0000] {override.py:1912} INFO - Created Permission View: can read on DAG Run:example_xcom_args
[2025-03-04T14:30:11.692+0000] {logging_mixin.py:190} INFO - [2025-03-04T14:30:11.691+0000] {override.py:1912} INFO - Created Permission View: can create on DAG Run:example_xcom_args
[2025-03-04T14:30:11.720+0000] {logging_mixin.py:190} INFO - [2025-03-04T14:30:11.720+0000] {override.py:1912} INFO - Created Permission View: can delete on DAG:example_xcom_args_with_operators
[2025-03-04T14:30:11.733+0000] {logging_mixin.py:190} INFO - [2025-03-04T14:30:11.732+0000] {override.py:1912} INFO - Created Permission View: can read on DAG:example_xcom_args_with_operators
[2025-03-04T14:30:11.745+0000] {logging_mixin.py:190} INFO - [2025-03-04T14:30:11.744+0000] {override.py:1912} INFO - Created Permission View: can edit on DAG:example_xcom_args_with_operators
[2025-03-04T14:30:11.759+0000] {logging_mixin.py:190} INFO - [2025-03-04T14:30:11.758+0000] {override.py:1912} INFO - Created Permission View: can delete on DAG Run:example_xcom_args_with_operators
[2025-03-04T14:30:11.772+0000] {logging_mixin.py:190} INFO - [2025-03-04T14:30:11.771+0000] {override.py:1912} INFO - Created Permission View: menu access on DAG Run:example_xcom_args_with_operators
[2025-03-04T14:30:11.786+0000] {logging_mixin.py:190} INFO - [2025-03-04T14:30:11.786+0000] {override.py:1912} INFO - Created Permission View: can read on DAG Run:example_xcom_args_with_operators
[2025-03-04T14:30:11.800+0000] {logging_mixin.py:190} INFO - [2025-03-04T14:30:11.799+0000] {override.py:1912} INFO - Created Permission View: can create on DAG Run:example_xcom_args_with_operators
[2025-03-04T14:30:11.801+0000] {logging_mixin.py:190} INFO - [2025-03-04T14:30:11.801+0000] {dag.py:3239} INFO - Sync 2 DAGs
[2025-03-04T14:30:11.831+0000] {logging_mixin.py:190} INFO - [2025-03-04T14:30:11.831+0000] {dag.py:3262} INFO - Creating ORM DAG for example_xcom_args
[2025-03-04T14:30:11.833+0000] {logging_mixin.py:190} INFO - [2025-03-04T14:30:11.833+0000] {dag.py:3262} INFO - Creating ORM DAG for example_xcom_args_with_operators
[2025-03-04T14:30:11.835+0000] {logging_mixin.py:190} INFO - [2025-03-04T14:30:11.835+0000] {dag.py:4180} INFO - Setting next_dagrun for example_xcom_args to None, run_after=None
[2025-03-04T14:30:11.837+0000] {logging_mixin.py:190} INFO - [2025-03-04T14:30:11.837+0000] {dag.py:4180} INFO - Setting next_dagrun for example_xcom_args_with_operators to None, run_after=None
[2025-03-04T14:30:11.876+0000] {processor.py:208} INFO - Processing /home/airflow/.local/lib/python3.12/site-packages/airflow/example_dags/example_xcomargs.py took 0.484 seconds
[2025-03-04T14:30:42.806+0000] {processor.py:186} INFO - Started process (PID=157) to work on /home/airflow/.local/lib/python3.12/site-packages/airflow/example_dags/example_xcomargs.py
[2025-03-04T14:30:42.807+0000] {processor.py:914} INFO - Processing file /home/airflow/.local/lib/python3.12/site-packages/airflow/example_dags/example_xcomargs.py for tasks to queue
[2025-03-04T14:30:42.809+0000] {logging_mixin.py:190} INFO - [2025-03-04T14:30:42.809+0000] {dagbag.py:588} INFO - Filling up the DagBag from /home/airflow/.local/lib/python3.12/site-packages/airflow/example_dags/example_xcomargs.py
[2025-03-04T14:30:42.820+0000] {processor.py:925} INFO - DAG(s) 'example_xcom_args_with_operators', 'example_xcom_args' retrieved from /home/airflow/.local/lib/python3.12/site-packages/airflow/example_dags/example_xcomargs.py
[2025-03-04T14:30:42.849+0000] {logging_mixin.py:190} INFO - [2025-03-04T14:30:42.849+0000] {dag.py:3239} INFO - Sync 2 DAGs
[2025-03-04T14:30:42.865+0000] {logging_mixin.py:190} INFO - [2025-03-04T14:30:42.865+0000] {dag.py:4180} INFO - Setting next_dagrun for example_xcom_args to None, run_after=None
[2025-03-04T14:30:42.870+0000] {logging_mixin.py:190} INFO - [2025-03-04T14:30:42.869+0000] {dag.py:4180} INFO - Setting next_dagrun for example_xcom_args_with_operators to None, run_after=None
[2025-03-04T14:30:42.890+0000] {processor.py:208} INFO - Processing /home/airflow/.local/lib/python3.12/site-packages/airflow/example_dags/example_xcomargs.py took 0.091 seconds
