[2025-03-04T14:29:58.547+0000] {processor.py:186} INFO - Started process (PID=47) to work on /home/airflow/.local/lib/python3.12/site-packages/airflow/example_dags/example_display_name.py
[2025-03-04T14:29:58.551+0000] {processor.py:914} INFO - Processing file /home/airflow/.local/lib/python3.12/site-packages/airflow/example_dags/example_display_name.py for tasks to queue
[2025-03-04T14:29:58.561+0000] {logging_mixin.py:190} INFO - [2025-03-04T14:29:58.560+0000] {dagbag.py:588} INFO - Filling up the DagBag from /home/airflow/.local/lib/python3.12/site-packages/airflow/example_dags/example_display_name.py
[2025-03-04T14:29:58.581+0000] {processor.py:925} INFO - DAG(s) 'example_display_name' retrieved from /home/airflow/.local/lib/python3.12/site-packages/airflow/example_dags/example_display_name.py
[2025-03-04T14:29:58.842+0000] {logging_mixin.py:190} INFO - [2025-03-04T14:29:58.840+0000] {override.py:1912} INFO - Created Permission View: can delete on DAG:example_display_name
[2025-03-04T14:29:58.858+0000] {logging_mixin.py:190} INFO - [2025-03-04T14:29:58.857+0000] {override.py:1912} INFO - Created Permission View: can read on DAG:example_display_name
[2025-03-04T14:29:58.867+0000] {logging_mixin.py:190} INFO - [2025-03-04T14:29:58.867+0000] {override.py:1912} INFO - Created Permission View: can edit on DAG:example_display_name
[2025-03-04T14:29:58.880+0000] {logging_mixin.py:190} INFO - [2025-03-04T14:29:58.880+0000] {override.py:1912} INFO - Created Permission View: can delete on DAG Run:example_display_name
[2025-03-04T14:29:58.890+0000] {logging_mixin.py:190} INFO - [2025-03-04T14:29:58.890+0000] {override.py:1912} INFO - Created Permission View: menu access on DAG Run:example_display_name
[2025-03-04T14:29:58.901+0000] {logging_mixin.py:190} INFO - [2025-03-04T14:29:58.901+0000] {override.py:1912} INFO - Created Permission View: can read on DAG Run:example_display_name
[2025-03-04T14:29:58.912+0000] {logging_mixin.py:190} INFO - [2025-03-04T14:29:58.912+0000] {override.py:1912} INFO - Created Permission View: can create on DAG Run:example_display_name
[2025-03-04T14:29:58.913+0000] {logging_mixin.py:190} INFO - [2025-03-04T14:29:58.913+0000] {dag.py:3239} INFO - Sync 1 DAGs
[2025-03-04T14:29:58.934+0000] {logging_mixin.py:190} INFO - [2025-03-04T14:29:58.933+0000] {dag.py:3262} INFO - Creating ORM DAG for example_display_name
[2025-03-04T14:29:58.935+0000] {logging_mixin.py:190} INFO - [2025-03-04T14:29:58.935+0000] {dag.py:4180} INFO - Setting next_dagrun for example_display_name to None, run_after=None
[2025-03-04T14:29:58.961+0000] {processor.py:208} INFO - Processing /home/airflow/.local/lib/python3.12/site-packages/airflow/example_dags/example_display_name.py took 0.424 seconds
[2025-03-04T14:30:29.726+0000] {processor.py:186} INFO - Started process (PID=109) to work on /home/airflow/.local/lib/python3.12/site-packages/airflow/example_dags/example_display_name.py
[2025-03-04T14:30:29.727+0000] {processor.py:914} INFO - Processing file /home/airflow/.local/lib/python3.12/site-packages/airflow/example_dags/example_display_name.py for tasks to queue
[2025-03-04T14:30:29.730+0000] {logging_mixin.py:190} INFO - [2025-03-04T14:30:29.729+0000] {dagbag.py:588} INFO - Filling up the DagBag from /home/airflow/.local/lib/python3.12/site-packages/airflow/example_dags/example_display_name.py
[2025-03-04T14:30:29.741+0000] {processor.py:925} INFO - DAG(s) 'example_display_name' retrieved from /home/airflow/.local/lib/python3.12/site-packages/airflow/example_dags/example_display_name.py
[2025-03-04T14:30:29.766+0000] {logging_mixin.py:190} INFO - [2025-03-04T14:30:29.766+0000] {dag.py:3239} INFO - Sync 1 DAGs
[2025-03-04T14:30:29.784+0000] {logging_mixin.py:190} INFO - [2025-03-04T14:30:29.784+0000] {dag.py:4180} INFO - Setting next_dagrun for example_display_name to None, run_after=None
[2025-03-04T14:30:29.828+0000] {processor.py:208} INFO - Processing /home/airflow/.local/lib/python3.12/site-packages/airflow/example_dags/example_display_name.py took 0.108 seconds
[2025-03-04T14:31:00.370+0000] {processor.py:186} INFO - Started process (PID=172) to work on /home/airflow/.local/lib/python3.12/site-packages/airflow/example_dags/example_display_name.py
[2025-03-04T14:31:00.373+0000] {processor.py:914} INFO - Processing file /home/airflow/.local/lib/python3.12/site-packages/airflow/example_dags/example_display_name.py for tasks to queue
[2025-03-04T14:31:00.375+0000] {logging_mixin.py:190} INFO - [2025-03-04T14:31:00.375+0000] {dagbag.py:588} INFO - Filling up the DagBag from /home/airflow/.local/lib/python3.12/site-packages/airflow/example_dags/example_display_name.py
[2025-03-04T14:31:00.384+0000] {processor.py:925} INFO - DAG(s) 'example_display_name' retrieved from /home/airflow/.local/lib/python3.12/site-packages/airflow/example_dags/example_display_name.py
[2025-03-04T14:31:00.408+0000] {logging_mixin.py:190} INFO - [2025-03-04T14:31:00.407+0000] {dag.py:3239} INFO - Sync 1 DAGs
[2025-03-04T14:31:00.427+0000] {logging_mixin.py:190} INFO - [2025-03-04T14:31:00.427+0000] {dag.py:4180} INFO - Setting next_dagrun for example_display_name to None, run_after=None
[2025-03-04T14:31:00.457+0000] {processor.py:208} INFO - Processing /home/airflow/.local/lib/python3.12/site-packages/airflow/example_dags/example_display_name.py took 0.093 seconds
