[2025-03-04T14:30:09.310+0000] {processor.py:186} INFO - Started process (PID=84) to work on /home/airflow/.local/lib/python3.12/site-packages/airflow/example_dags/example_time_delta_sensor_async.py
[2025-03-04T14:30:09.312+0000] {processor.py:914} INFO - Processing file /home/airflow/.local/lib/python3.12/site-packages/airflow/example_dags/example_time_delta_sensor_async.py for tasks to queue
[2025-03-04T14:30:09.316+0000] {logging_mixin.py:190} INFO - [2025-03-04T14:30:09.315+0000] {dagbag.py:588} INFO - Filling up the DagBag from /home/airflow/.local/lib/python3.12/site-packages/airflow/example_dags/example_time_delta_sensor_async.py
[2025-03-04T14:30:09.330+0000] {processor.py:925} INFO - DAG(s) 'example_time_delta_sensor_async' retrieved from /home/airflow/.local/lib/python3.12/site-packages/airflow/example_dags/example_time_delta_sensor_async.py
[2025-03-04T14:30:09.486+0000] {logging_mixin.py:190} INFO - [2025-03-04T14:30:09.486+0000] {override.py:1912} INFO - Created Permission View: can delete on DAG:example_time_delta_sensor_async
[2025-03-04T14:30:09.501+0000] {logging_mixin.py:190} INFO - [2025-03-04T14:30:09.500+0000] {override.py:1912} INFO - Created Permission View: can read on DAG:example_time_delta_sensor_async
[2025-03-04T14:30:09.511+0000] {logging_mixin.py:190} INFO - [2025-03-04T14:30:09.511+0000] {override.py:1912} INFO - Created Permission View: can edit on DAG:example_time_delta_sensor_async
[2025-03-04T14:30:09.523+0000] {logging_mixin.py:190} INFO - [2025-03-04T14:30:09.522+0000] {override.py:1912} INFO - Created Permission View: can delete on DAG Run:example_time_delta_sensor_async
[2025-03-04T14:30:09.535+0000] {logging_mixin.py:190} INFO - [2025-03-04T14:30:09.535+0000] {override.py:1912} INFO - Created Permission View: menu access on DAG Run:example_time_delta_sensor_async
[2025-03-04T14:30:09.548+0000] {logging_mixin.py:190} INFO - [2025-03-04T14:30:09.547+0000] {override.py:1912} INFO - Created Permission View: can read on DAG Run:example_time_delta_sensor_async
[2025-03-04T14:30:09.558+0000] {logging_mixin.py:190} INFO - [2025-03-04T14:30:09.557+0000] {override.py:1912} INFO - Created Permission View: can create on DAG Run:example_time_delta_sensor_async
[2025-03-04T14:30:09.559+0000] {logging_mixin.py:190} INFO - [2025-03-04T14:30:09.559+0000] {dag.py:3239} INFO - Sync 1 DAGs
[2025-03-04T14:30:09.586+0000] {logging_mixin.py:190} INFO - [2025-03-04T14:30:09.586+0000] {dag.py:3262} INFO - Creating ORM DAG for example_time_delta_sensor_async
[2025-03-04T14:30:09.587+0000] {logging_mixin.py:190} INFO - [2025-03-04T14:30:09.587+0000] {dag.py:4180} INFO - Setting next_dagrun for example_time_delta_sensor_async to None, run_after=None
[2025-03-04T14:30:09.619+0000] {processor.py:208} INFO - Processing /home/airflow/.local/lib/python3.12/site-packages/airflow/example_dags/example_time_delta_sensor_async.py took 0.321 seconds
[2025-03-04T14:30:40.045+0000] {processor.py:186} INFO - Started process (PID=147) to work on /home/airflow/.local/lib/python3.12/site-packages/airflow/example_dags/example_time_delta_sensor_async.py
[2025-03-04T14:30:40.046+0000] {processor.py:914} INFO - Processing file /home/airflow/.local/lib/python3.12/site-packages/airflow/example_dags/example_time_delta_sensor_async.py for tasks to queue
[2025-03-04T14:30:40.049+0000] {logging_mixin.py:190} INFO - [2025-03-04T14:30:40.048+0000] {dagbag.py:588} INFO - Filling up the DagBag from /home/airflow/.local/lib/python3.12/site-packages/airflow/example_dags/example_time_delta_sensor_async.py
[2025-03-04T14:30:40.056+0000] {processor.py:925} INFO - DAG(s) 'example_time_delta_sensor_async' retrieved from /home/airflow/.local/lib/python3.12/site-packages/airflow/example_dags/example_time_delta_sensor_async.py
[2025-03-04T14:30:40.077+0000] {logging_mixin.py:190} INFO - [2025-03-04T14:30:40.077+0000] {dag.py:3239} INFO - Sync 1 DAGs
[2025-03-04T14:30:40.092+0000] {logging_mixin.py:190} INFO - [2025-03-04T14:30:40.092+0000] {dag.py:4180} INFO - Setting next_dagrun for example_time_delta_sensor_async to None, run_after=None
[2025-03-04T14:30:40.113+0000] {processor.py:208} INFO - Processing /home/airflow/.local/lib/python3.12/site-packages/airflow/example_dags/example_time_delta_sensor_async.py took 0.074 seconds
[2025-03-04T14:31:11.136+0000] {processor.py:186} INFO - Started process (PID=210) to work on /home/airflow/.local/lib/python3.12/site-packages/airflow/example_dags/example_time_delta_sensor_async.py
[2025-03-04T14:31:11.138+0000] {processor.py:914} INFO - Processing file /home/airflow/.local/lib/python3.12/site-packages/airflow/example_dags/example_time_delta_sensor_async.py for tasks to queue
[2025-03-04T14:31:11.140+0000] {logging_mixin.py:190} INFO - [2025-03-04T14:31:11.140+0000] {dagbag.py:588} INFO - Filling up the DagBag from /home/airflow/.local/lib/python3.12/site-packages/airflow/example_dags/example_time_delta_sensor_async.py
[2025-03-04T14:31:11.148+0000] {processor.py:925} INFO - DAG(s) 'example_time_delta_sensor_async' retrieved from /home/airflow/.local/lib/python3.12/site-packages/airflow/example_dags/example_time_delta_sensor_async.py
[2025-03-04T14:31:11.171+0000] {logging_mixin.py:190} INFO - [2025-03-04T14:31:11.170+0000] {dag.py:3239} INFO - Sync 1 DAGs
[2025-03-04T14:31:11.188+0000] {logging_mixin.py:190} INFO - [2025-03-04T14:31:11.187+0000] {dag.py:4180} INFO - Setting next_dagrun for example_time_delta_sensor_async to None, run_after=None
[2025-03-04T14:31:11.210+0000] {processor.py:208} INFO - Processing /home/airflow/.local/lib/python3.12/site-packages/airflow/example_dags/example_time_delta_sensor_async.py took 0.081 seconds
