[2025-03-04T14:30:03.810+0000] {processor.py:186} INFO - Started process (PID=65) to work on /home/airflow/.local/lib/python3.12/site-packages/airflow/example_dags/example_subdag_operator.py
[2025-03-04T14:30:03.812+0000] {processor.py:914} INFO - Processing file /home/airflow/.local/lib/python3.12/site-packages/airflow/example_dags/example_subdag_operator.py for tasks to queue
[2025-03-04T14:30:03.817+0000] {logging_mixin.py:190} INFO - [2025-03-04T14:30:03.816+0000] {dagbag.py:588} INFO - Filling up the DagBag from /home/airflow/.local/lib/python3.12/site-packages/airflow/example_dags/example_subdag_operator.py
[2025-03-04T14:30:03.866+0000] {processor.py:925} INFO - DAG(s) 'example_subdag_operator.section-1', 'example_subdag_operator.section-2', 'example_subdag_operator' retrieved from /home/airflow/.local/lib/python3.12/site-packages/airflow/example_dags/example_subdag_operator.py
[2025-03-04T14:30:04.045+0000] {logging_mixin.py:190} INFO - [2025-03-04T14:30:04.044+0000] {override.py:1912} INFO - Created Permission View: can delete on DAG:example_subdag_operator
[2025-03-04T14:30:04.059+0000] {logging_mixin.py:190} INFO - [2025-03-04T14:30:04.059+0000] {override.py:1912} INFO - Created Permission View: can read on DAG:example_subdag_operator
[2025-03-04T14:30:04.069+0000] {logging_mixin.py:190} INFO - [2025-03-04T14:30:04.069+0000] {override.py:1912} INFO - Created Permission View: can edit on DAG:example_subdag_operator
[2025-03-04T14:30:04.082+0000] {logging_mixin.py:190} INFO - [2025-03-04T14:30:04.082+0000] {override.py:1912} INFO - Created Permission View: can delete on DAG Run:example_subdag_operator
[2025-03-04T14:30:04.096+0000] {logging_mixin.py:190} INFO - [2025-03-04T14:30:04.095+0000] {override.py:1912} INFO - Created Permission View: menu access on DAG Run:example_subdag_operator
[2025-03-04T14:30:04.110+0000] {logging_mixin.py:190} INFO - [2025-03-04T14:30:04.110+0000] {override.py:1912} INFO - Created Permission View: can read on DAG Run:example_subdag_operator
[2025-03-04T14:30:04.140+0000] {logging_mixin.py:190} INFO - [2025-03-04T14:30:04.140+0000] {override.py:1912} INFO - Created Permission View: can create on DAG Run:example_subdag_operator
[2025-03-04T14:30:04.142+0000] {logging_mixin.py:190} INFO - [2025-03-04T14:30:04.141+0000] {dag.py:3239} INFO - Sync 3 DAGs
[2025-03-04T14:30:04.173+0000] {logging_mixin.py:190} INFO - [2025-03-04T14:30:04.173+0000] {dag.py:3262} INFO - Creating ORM DAG for example_subdag_operator.section-2
[2025-03-04T14:30:04.175+0000] {logging_mixin.py:190} INFO - [2025-03-04T14:30:04.175+0000] {dag.py:3262} INFO - Creating ORM DAG for example_subdag_operator.section-1
[2025-03-04T14:30:04.177+0000] {logging_mixin.py:190} INFO - [2025-03-04T14:30:04.177+0000] {dag.py:3262} INFO - Creating ORM DAG for example_subdag_operator
[2025-03-04T14:30:04.199+0000] {logging_mixin.py:190} INFO - [2025-03-04T14:30:04.199+0000] {dag.py:4180} INFO - Setting next_dagrun for example_subdag_operator to 2022-01-01 00:00:00+00:00, run_after=2022-01-01 00:00:00+00:00
[2025-03-04T14:30:04.201+0000] {logging_mixin.py:190} INFO - [2025-03-04T14:30:04.201+0000] {dag.py:4180} INFO - Setting next_dagrun for example_subdag_operator.section-1 to None, run_after=None
[2025-03-04T14:30:04.202+0000] {logging_mixin.py:190} INFO - [2025-03-04T14:30:04.202+0000] {dag.py:4180} INFO - Setting next_dagrun for example_subdag_operator.section-2 to None, run_after=None
[2025-03-04T14:30:04.219+0000] {logging_mixin.py:190} INFO - [2025-03-04T14:30:04.219+0000] {dag.py:3239} INFO - Sync 2 DAGs
[2025-03-04T14:30:04.228+0000] {logging_mixin.py:190} INFO - [2025-03-04T14:30:04.228+0000] {dag.py:4180} INFO - Setting next_dagrun for example_subdag_operator.section-1 to None, run_after=None
[2025-03-04T14:30:04.233+0000] {logging_mixin.py:190} INFO - [2025-03-04T14:30:04.232+0000] {dag.py:4180} INFO - Setting next_dagrun for example_subdag_operator.section-2 to None, run_after=None
[2025-03-04T14:30:04.259+0000] {processor.py:208} INFO - Processing /home/airflow/.local/lib/python3.12/site-packages/airflow/example_dags/example_subdag_operator.py took 0.459 seconds
[2025-03-04T14:30:34.354+0000] {processor.py:186} INFO - Started process (PID=128) to work on /home/airflow/.local/lib/python3.12/site-packages/airflow/example_dags/example_subdag_operator.py
[2025-03-04T14:30:34.356+0000] {processor.py:914} INFO - Processing file /home/airflow/.local/lib/python3.12/site-packages/airflow/example_dags/example_subdag_operator.py for tasks to queue
[2025-03-04T14:30:34.359+0000] {logging_mixin.py:190} INFO - [2025-03-04T14:30:34.359+0000] {dagbag.py:588} INFO - Filling up the DagBag from /home/airflow/.local/lib/python3.12/site-packages/airflow/example_dags/example_subdag_operator.py
[2025-03-04T14:30:34.398+0000] {processor.py:925} INFO - DAG(s) 'example_subdag_operator.section-1', 'example_subdag_operator.section-2', 'example_subdag_operator' retrieved from /home/airflow/.local/lib/python3.12/site-packages/airflow/example_dags/example_subdag_operator.py
[2025-03-04T14:30:34.422+0000] {logging_mixin.py:190} INFO - [2025-03-04T14:30:34.421+0000] {dag.py:3239} INFO - Sync 3 DAGs
[2025-03-04T14:30:34.455+0000] {logging_mixin.py:190} INFO - [2025-03-04T14:30:34.455+0000] {dag.py:4180} INFO - Setting next_dagrun for example_subdag_operator to 2022-01-01 00:00:00+00:00, run_after=2022-01-01 00:00:00+00:00
[2025-03-04T14:30:34.461+0000] {logging_mixin.py:190} INFO - [2025-03-04T14:30:34.461+0000] {dag.py:4180} INFO - Setting next_dagrun for example_subdag_operator.section-1 to None, run_after=None
[2025-03-04T14:30:34.463+0000] {logging_mixin.py:190} INFO - [2025-03-04T14:30:34.463+0000] {dag.py:4180} INFO - Setting next_dagrun for example_subdag_operator.section-2 to None, run_after=None
[2025-03-04T14:30:34.473+0000] {logging_mixin.py:190} INFO - [2025-03-04T14:30:34.473+0000] {dag.py:3239} INFO - Sync 2 DAGs
[2025-03-04T14:30:34.483+0000] {logging_mixin.py:190} INFO - [2025-03-04T14:30:34.483+0000] {dag.py:4180} INFO - Setting next_dagrun for example_subdag_operator.section-1 to None, run_after=None
[2025-03-04T14:30:34.484+0000] {logging_mixin.py:190} INFO - [2025-03-04T14:30:34.484+0000] {dag.py:4180} INFO - Setting next_dagrun for example_subdag_operator.section-2 to None, run_after=None
[2025-03-04T14:30:34.504+0000] {processor.py:208} INFO - Processing /home/airflow/.local/lib/python3.12/site-packages/airflow/example_dags/example_subdag_operator.py took 0.158 seconds
[2025-03-04T14:31:04.819+0000] {processor.py:186} INFO - Started process (PID=191) to work on /home/airflow/.local/lib/python3.12/site-packages/airflow/example_dags/example_subdag_operator.py
[2025-03-04T14:31:04.820+0000] {processor.py:914} INFO - Processing file /home/airflow/.local/lib/python3.12/site-packages/airflow/example_dags/example_subdag_operator.py for tasks to queue
[2025-03-04T14:31:04.823+0000] {logging_mixin.py:190} INFO - [2025-03-04T14:31:04.823+0000] {dagbag.py:588} INFO - Filling up the DagBag from /home/airflow/.local/lib/python3.12/site-packages/airflow/example_dags/example_subdag_operator.py
[2025-03-04T14:31:04.859+0000] {processor.py:925} INFO - DAG(s) 'example_subdag_operator.section-1', 'example_subdag_operator.section-2', 'example_subdag_operator' retrieved from /home/airflow/.local/lib/python3.12/site-packages/airflow/example_dags/example_subdag_operator.py
[2025-03-04T14:31:04.883+0000] {logging_mixin.py:190} INFO - [2025-03-04T14:31:04.883+0000] {dag.py:3239} INFO - Sync 3 DAGs
[2025-03-04T14:31:04.928+0000] {logging_mixin.py:190} INFO - [2025-03-04T14:31:04.927+0000] {dag.py:4180} INFO - Setting next_dagrun for example_subdag_operator to 2022-01-01 00:00:00+00:00, run_after=2022-01-01 00:00:00+00:00
[2025-03-04T14:31:04.936+0000] {logging_mixin.py:190} INFO - [2025-03-04T14:31:04.935+0000] {dag.py:4180} INFO - Setting next_dagrun for example_subdag_operator.section-1 to None, run_after=None
[2025-03-04T14:31:04.939+0000] {logging_mixin.py:190} INFO - [2025-03-04T14:31:04.939+0000] {dag.py:4180} INFO - Setting next_dagrun for example_subdag_operator.section-2 to None, run_after=None
[2025-03-04T14:31:04.953+0000] {logging_mixin.py:190} INFO - [2025-03-04T14:31:04.953+0000] {dag.py:3239} INFO - Sync 2 DAGs
[2025-03-04T14:31:04.964+0000] {logging_mixin.py:190} INFO - [2025-03-04T14:31:04.964+0000] {dag.py:4180} INFO - Setting next_dagrun for example_subdag_operator.section-1 to None, run_after=None
[2025-03-04T14:31:04.966+0000] {logging_mixin.py:190} INFO - [2025-03-04T14:31:04.965+0000] {dag.py:4180} INFO - Setting next_dagrun for example_subdag_operator.section-2 to None, run_after=None
[2025-03-04T14:31:04.985+0000] {processor.py:208} INFO - Processing /home/airflow/.local/lib/python3.12/site-packages/airflow/example_dags/example_subdag_operator.py took 0.174 seconds
