[2025-03-04T14:30:10.798+0000] {processor.py:186} INFO - Started process (PID=91) to work on /home/airflow/.local/lib/python3.12/site-packages/airflow/example_dags/example_short_circuit_decorator.py
[2025-03-04T14:30:10.799+0000] {processor.py:914} INFO - Processing file /home/airflow/.local/lib/python3.12/site-packages/airflow/example_dags/example_short_circuit_decorator.py for tasks to queue
[2025-03-04T14:30:10.803+0000] {logging_mixin.py:190} INFO - [2025-03-04T14:30:10.802+0000] {dagbag.py:588} INFO - Filling up the DagBag from /home/airflow/.local/lib/python3.12/site-packages/airflow/example_dags/example_short_circuit_decorator.py
[2025-03-04T14:30:10.821+0000] {processor.py:925} INFO - DAG(s) 'example_short_circuit_decorator' retrieved from /home/airflow/.local/lib/python3.12/site-packages/airflow/example_dags/example_short_circuit_decorator.py
[2025-03-04T14:30:11.065+0000] {logging_mixin.py:190} INFO - [2025-03-04T14:30:11.064+0000] {override.py:1912} INFO - Created Permission View: can delete on DAG:example_short_circuit_decorator
[2025-03-04T14:30:11.085+0000] {logging_mixin.py:190} INFO - [2025-03-04T14:30:11.085+0000] {override.py:1912} INFO - Created Permission View: can read on DAG:example_short_circuit_decorator
[2025-03-04T14:30:11.100+0000] {logging_mixin.py:190} INFO - [2025-03-04T14:30:11.099+0000] {override.py:1912} INFO - Created Permission View: can edit on DAG:example_short_circuit_decorator
[2025-03-04T14:30:11.118+0000] {logging_mixin.py:190} INFO - [2025-03-04T14:30:11.118+0000] {override.py:1912} INFO - Created Permission View: can delete on DAG Run:example_short_circuit_decorator
[2025-03-04T14:30:11.135+0000] {logging_mixin.py:190} INFO - [2025-03-04T14:30:11.134+0000] {override.py:1912} INFO - Created Permission View: menu access on DAG Run:example_short_circuit_decorator
[2025-03-04T14:30:11.149+0000] {logging_mixin.py:190} INFO - [2025-03-04T14:30:11.149+0000] {override.py:1912} INFO - Created Permission View: can read on DAG Run:example_short_circuit_decorator
[2025-03-04T14:30:11.163+0000] {logging_mixin.py:190} INFO - [2025-03-04T14:30:11.162+0000] {override.py:1912} INFO - Created Permission View: can create on DAG Run:example_short_circuit_decorator
[2025-03-04T14:30:11.164+0000] {logging_mixin.py:190} INFO - [2025-03-04T14:30:11.163+0000] {dag.py:3239} INFO - Sync 1 DAGs
[2025-03-04T14:30:11.188+0000] {logging_mixin.py:190} INFO - [2025-03-04T14:30:11.188+0000] {dag.py:3262} INFO - Creating ORM DAG for example_short_circuit_decorator
[2025-03-04T14:30:11.190+0000] {logging_mixin.py:190} INFO - [2025-03-04T14:30:11.190+0000] {dag.py:4180} INFO - Setting next_dagrun for example_short_circuit_decorator to None, run_after=None
[2025-03-04T14:30:11.217+0000] {processor.py:208} INFO - Processing /home/airflow/.local/lib/python3.12/site-packages/airflow/example_dags/example_short_circuit_decorator.py took 0.429 seconds
[2025-03-04T14:30:41.533+0000] {processor.py:186} INFO - Started process (PID=154) to work on /home/airflow/.local/lib/python3.12/site-packages/airflow/example_dags/example_short_circuit_decorator.py
[2025-03-04T14:30:41.534+0000] {processor.py:914} INFO - Processing file /home/airflow/.local/lib/python3.12/site-packages/airflow/example_dags/example_short_circuit_decorator.py for tasks to queue
[2025-03-04T14:30:41.536+0000] {logging_mixin.py:190} INFO - [2025-03-04T14:30:41.536+0000] {dagbag.py:588} INFO - Filling up the DagBag from /home/airflow/.local/lib/python3.12/site-packages/airflow/example_dags/example_short_circuit_decorator.py
[2025-03-04T14:30:41.546+0000] {processor.py:925} INFO - DAG(s) 'example_short_circuit_decorator' retrieved from /home/airflow/.local/lib/python3.12/site-packages/airflow/example_dags/example_short_circuit_decorator.py
[2025-03-04T14:30:41.571+0000] {logging_mixin.py:190} INFO - [2025-03-04T14:30:41.570+0000] {dag.py:3239} INFO - Sync 1 DAGs
[2025-03-04T14:30:41.589+0000] {logging_mixin.py:190} INFO - [2025-03-04T14:30:41.589+0000] {dag.py:4180} INFO - Setting next_dagrun for example_short_circuit_decorator to None, run_after=None
[2025-03-04T14:30:41.610+0000] {processor.py:208} INFO - Processing /home/airflow/.local/lib/python3.12/site-packages/airflow/example_dags/example_short_circuit_decorator.py took 0.082 seconds
