[2025-03-04T14:30:13.224+0000] {processor.py:186} INFO - Started process (PID=98) to work on /home/airflow/.local/lib/python3.12/site-packages/airflow/example_dags/example_branch_datetime_operator.py
[2025-03-04T14:30:13.227+0000] {processor.py:914} INFO - Processing file /home/airflow/.local/lib/python3.12/site-packages/airflow/example_dags/example_branch_datetime_operator.py for tasks to queue
[2025-03-04T14:30:13.243+0000] {logging_mixin.py:190} INFO - [2025-03-04T14:30:13.242+0000] {dagbag.py:588} INFO - Filling up the DagBag from /home/airflow/.local/lib/python3.12/site-packages/airflow/example_dags/example_branch_datetime_operator.py
[2025-03-04T14:30:13.326+0000] {processor.py:925} INFO - DAG(s) 'example_branch_datetime_operator', 'example_branch_datetime_operator_3', 'example_branch_datetime_operator_2' retrieved from /home/airflow/.local/lib/python3.12/site-packages/airflow/example_dags/example_branch_datetime_operator.py
[2025-03-04T14:30:13.756+0000] {logging_mixin.py:190} INFO - [2025-03-04T14:30:13.755+0000] {override.py:1912} INFO - Created Permission View: can delete on DAG:example_branch_datetime_operator
[2025-03-04T14:30:13.787+0000] {logging_mixin.py:190} INFO - [2025-03-04T14:30:13.786+0000] {override.py:1912} INFO - Created Permission View: can read on DAG:example_branch_datetime_operator
[2025-03-04T14:30:13.802+0000] {logging_mixin.py:190} INFO - [2025-03-04T14:30:13.802+0000] {override.py:1912} INFO - Created Permission View: can edit on DAG:example_branch_datetime_operator
[2025-03-04T14:30:13.820+0000] {logging_mixin.py:190} INFO - [2025-03-04T14:30:13.819+0000] {override.py:1912} INFO - Created Permission View: can delete on DAG Run:example_branch_datetime_operator
[2025-03-04T14:30:13.834+0000] {logging_mixin.py:190} INFO - [2025-03-04T14:30:13.834+0000] {override.py:1912} INFO - Created Permission View: menu access on DAG Run:example_branch_datetime_operator
[2025-03-04T14:30:13.849+0000] {logging_mixin.py:190} INFO - [2025-03-04T14:30:13.849+0000] {override.py:1912} INFO - Created Permission View: can read on DAG Run:example_branch_datetime_operator
[2025-03-04T14:30:13.867+0000] {logging_mixin.py:190} INFO - [2025-03-04T14:30:13.866+0000] {override.py:1912} INFO - Created Permission View: can create on DAG Run:example_branch_datetime_operator
[2025-03-04T14:30:13.897+0000] {logging_mixin.py:190} INFO - [2025-03-04T14:30:13.896+0000] {override.py:1912} INFO - Created Permission View: can delete on DAG:example_branch_datetime_operator_3
[2025-03-04T14:30:13.911+0000] {logging_mixin.py:190} INFO - [2025-03-04T14:30:13.910+0000] {override.py:1912} INFO - Created Permission View: can read on DAG:example_branch_datetime_operator_3
[2025-03-04T14:30:13.926+0000] {logging_mixin.py:190} INFO - [2025-03-04T14:30:13.926+0000] {override.py:1912} INFO - Created Permission View: can edit on DAG:example_branch_datetime_operator_3
[2025-03-04T14:30:13.943+0000] {logging_mixin.py:190} INFO - [2025-03-04T14:30:13.942+0000] {override.py:1912} INFO - Created Permission View: can delete on DAG Run:example_branch_datetime_operator_3
[2025-03-04T14:30:13.959+0000] {logging_mixin.py:190} INFO - [2025-03-04T14:30:13.958+0000] {override.py:1912} INFO - Created Permission View: menu access on DAG Run:example_branch_datetime_operator_3
[2025-03-04T14:30:13.971+0000] {logging_mixin.py:190} INFO - [2025-03-04T14:30:13.971+0000] {override.py:1912} INFO - Created Permission View: can read on DAG Run:example_branch_datetime_operator_3
[2025-03-04T14:30:13.986+0000] {logging_mixin.py:190} INFO - [2025-03-04T14:30:13.985+0000] {override.py:1912} INFO - Created Permission View: can create on DAG Run:example_branch_datetime_operator_3
[2025-03-04T14:30:14.014+0000] {logging_mixin.py:190} INFO - [2025-03-04T14:30:14.013+0000] {override.py:1912} INFO - Created Permission View: can delete on DAG:example_branch_datetime_operator_2
[2025-03-04T14:30:14.029+0000] {logging_mixin.py:190} INFO - [2025-03-04T14:30:14.029+0000] {override.py:1912} INFO - Created Permission View: can read on DAG:example_branch_datetime_operator_2
[2025-03-04T14:30:14.045+0000] {logging_mixin.py:190} INFO - [2025-03-04T14:30:14.044+0000] {override.py:1912} INFO - Created Permission View: can edit on DAG:example_branch_datetime_operator_2
[2025-03-04T14:30:14.063+0000] {logging_mixin.py:190} INFO - [2025-03-04T14:30:14.063+0000] {override.py:1912} INFO - Created Permission View: can delete on DAG Run:example_branch_datetime_operator_2
[2025-03-04T14:30:14.080+0000] {logging_mixin.py:190} INFO - [2025-03-04T14:30:14.079+0000] {override.py:1912} INFO - Created Permission View: menu access on DAG Run:example_branch_datetime_operator_2
[2025-03-04T14:30:14.095+0000] {logging_mixin.py:190} INFO - [2025-03-04T14:30:14.094+0000] {override.py:1912} INFO - Created Permission View: can read on DAG Run:example_branch_datetime_operator_2
[2025-03-04T14:30:14.109+0000] {logging_mixin.py:190} INFO - [2025-03-04T14:30:14.109+0000] {override.py:1912} INFO - Created Permission View: can create on DAG Run:example_branch_datetime_operator_2
[2025-03-04T14:30:14.111+0000] {logging_mixin.py:190} INFO - [2025-03-04T14:30:14.110+0000] {dag.py:3239} INFO - Sync 3 DAGs
[2025-03-04T14:30:14.146+0000] {logging_mixin.py:190} INFO - [2025-03-04T14:30:14.146+0000] {dag.py:3262} INFO - Creating ORM DAG for example_branch_datetime_operator_3
[2025-03-04T14:30:14.150+0000] {logging_mixin.py:190} INFO - [2025-03-04T14:30:14.149+0000] {dag.py:3262} INFO - Creating ORM DAG for example_branch_datetime_operator
[2025-03-04T14:30:14.153+0000] {logging_mixin.py:190} INFO - [2025-03-04T14:30:14.152+0000] {dag.py:3262} INFO - Creating ORM DAG for example_branch_datetime_operator_2
[2025-03-04T14:30:14.179+0000] {logging_mixin.py:190} INFO - [2025-03-04T14:30:14.179+0000] {dag.py:4180} INFO - Setting next_dagrun for example_branch_datetime_operator to 2025-03-03 00:00:00+00:00, run_after=2025-03-04 00:00:00+00:00
[2025-03-04T14:30:14.183+0000] {logging_mixin.py:190} INFO - [2025-03-04T14:30:14.183+0000] {dag.py:4180} INFO - Setting next_dagrun for example_branch_datetime_operator_2 to 2025-03-03 00:00:00+00:00, run_after=2025-03-04 00:00:00+00:00
[2025-03-04T14:30:14.188+0000] {logging_mixin.py:190} INFO - [2025-03-04T14:30:14.188+0000] {dag.py:4180} INFO - Setting next_dagrun for example_branch_datetime_operator_3 to 2025-03-03 00:00:00+00:00, run_after=2025-03-04 00:00:00+00:00
[2025-03-04T14:30:14.224+0000] {processor.py:208} INFO - Processing /home/airflow/.local/lib/python3.12/site-packages/airflow/example_dags/example_branch_datetime_operator.py took 1.027 seconds
[2025-03-04T14:30:45.280+0000] {processor.py:186} INFO - Started process (PID=161) to work on /home/airflow/.local/lib/python3.12/site-packages/airflow/example_dags/example_branch_datetime_operator.py
[2025-03-04T14:30:45.282+0000] {processor.py:914} INFO - Processing file /home/airflow/.local/lib/python3.12/site-packages/airflow/example_dags/example_branch_datetime_operator.py for tasks to queue
[2025-03-04T14:30:45.286+0000] {logging_mixin.py:190} INFO - [2025-03-04T14:30:45.286+0000] {dagbag.py:588} INFO - Filling up the DagBag from /home/airflow/.local/lib/python3.12/site-packages/airflow/example_dags/example_branch_datetime_operator.py
[2025-03-04T14:30:45.300+0000] {processor.py:925} INFO - DAG(s) 'example_branch_datetime_operator', 'example_branch_datetime_operator_3', 'example_branch_datetime_operator_2' retrieved from /home/airflow/.local/lib/python3.12/site-packages/airflow/example_dags/example_branch_datetime_operator.py
[2025-03-04T14:30:45.330+0000] {logging_mixin.py:190} INFO - [2025-03-04T14:30:45.330+0000] {dag.py:3239} INFO - Sync 3 DAGs
[2025-03-04T14:30:45.356+0000] {logging_mixin.py:190} INFO - [2025-03-04T14:30:45.356+0000] {dag.py:4180} INFO - Setting next_dagrun for example_branch_datetime_operator to 2025-03-03 00:00:00+00:00, run_after=2025-03-04 00:00:00+00:00
[2025-03-04T14:30:45.362+0000] {logging_mixin.py:190} INFO - [2025-03-04T14:30:45.362+0000] {dag.py:4180} INFO - Setting next_dagrun for example_branch_datetime_operator_2 to 2025-03-03 00:00:00+00:00, run_after=2025-03-04 00:00:00+00:00
[2025-03-04T14:30:45.365+0000] {logging_mixin.py:190} INFO - [2025-03-04T14:30:45.365+0000] {dag.py:4180} INFO - Setting next_dagrun for example_branch_datetime_operator_3 to 2025-03-03 00:00:00+00:00, run_after=2025-03-04 00:00:00+00:00
[2025-03-04T14:30:45.383+0000] {processor.py:208} INFO - Processing /home/airflow/.local/lib/python3.12/site-packages/airflow/example_dags/example_branch_datetime_operator.py took 0.111 seconds
