[2025-03-04T14:30:12.574+0000] {processor.py:186} INFO - Started process (PID=97) to work on /home/airflow/.local/lib/python3.12/site-packages/airflow/example_dags/example_dynamic_task_mapping_with_no_taskflow_operators.py
[2025-03-04T14:30:12.579+0000] {processor.py:914} INFO - Processing file /home/airflow/.local/lib/python3.12/site-packages/airflow/example_dags/example_dynamic_task_mapping_with_no_taskflow_operators.py for tasks to queue
[2025-03-04T14:30:12.591+0000] {logging_mixin.py:190} INFO - [2025-03-04T14:30:12.591+0000] {dagbag.py:588} INFO - Filling up the DagBag from /home/airflow/.local/lib/python3.12/site-packages/airflow/example_dags/example_dynamic_task_mapping_with_no_taskflow_operators.py
[2025-03-04T14:30:12.613+0000] {processor.py:925} INFO - DAG(s) 'example_dynamic_task_mapping_with_no_taskflow_operators' retrieved from /home/airflow/.local/lib/python3.12/site-packages/airflow/example_dags/example_dynamic_task_mapping_with_no_taskflow_operators.py
[2025-03-04T14:30:12.955+0000] {logging_mixin.py:190} INFO - [2025-03-04T14:30:12.954+0000] {override.py:1912} INFO - Created Permission View: can delete on DAG:example_dynamic_task_mapping_with_no_taskflow_operators
[2025-03-04T14:30:12.983+0000] {logging_mixin.py:190} INFO - [2025-03-04T14:30:12.982+0000] {override.py:1912} INFO - Created Permission View: can read on DAG:example_dynamic_task_mapping_with_no_taskflow_operators
[2025-03-04T14:30:13.000+0000] {logging_mixin.py:190} INFO - [2025-03-04T14:30:13.000+0000] {override.py:1912} INFO - Created Permission View: can edit on DAG:example_dynamic_task_mapping_with_no_taskflow_operators
[2025-03-04T14:30:13.016+0000] {logging_mixin.py:190} INFO - [2025-03-04T14:30:13.016+0000] {override.py:1912} INFO - Created Permission View: can delete on DAG Run:example_dynamic_task_mapping_with_no_taskflow_operators
[2025-03-04T14:30:13.032+0000] {logging_mixin.py:190} INFO - [2025-03-04T14:30:13.031+0000] {override.py:1912} INFO - Created Permission View: menu access on DAG Run:example_dynamic_task_mapping_with_no_taskflow_operators
[2025-03-04T14:30:13.047+0000] {logging_mixin.py:190} INFO - [2025-03-04T14:30:13.047+0000] {override.py:1912} INFO - Created Permission View: can read on DAG Run:example_dynamic_task_mapping_with_no_taskflow_operators
[2025-03-04T14:30:13.061+0000] {logging_mixin.py:190} INFO - [2025-03-04T14:30:13.060+0000] {override.py:1912} INFO - Created Permission View: can create on DAG Run:example_dynamic_task_mapping_with_no_taskflow_operators
[2025-03-04T14:30:13.062+0000] {logging_mixin.py:190} INFO - [2025-03-04T14:30:13.062+0000] {dag.py:3239} INFO - Sync 1 DAGs
[2025-03-04T14:30:13.094+0000] {logging_mixin.py:190} INFO - [2025-03-04T14:30:13.093+0000] {dag.py:3262} INFO - Creating ORM DAG for example_dynamic_task_mapping_with_no_taskflow_operators
[2025-03-04T14:30:13.096+0000] {logging_mixin.py:190} INFO - [2025-03-04T14:30:13.096+0000] {dag.py:4180} INFO - Setting next_dagrun for example_dynamic_task_mapping_with_no_taskflow_operators to None, run_after=None
[2025-03-04T14:30:13.130+0000] {processor.py:208} INFO - Processing /home/airflow/.local/lib/python3.12/site-packages/airflow/example_dags/example_dynamic_task_mapping_with_no_taskflow_operators.py took 0.576 seconds
[2025-03-04T14:30:43.943+0000] {processor.py:186} INFO - Started process (PID=159) to work on /home/airflow/.local/lib/python3.12/site-packages/airflow/example_dags/example_dynamic_task_mapping_with_no_taskflow_operators.py
[2025-03-04T14:30:43.944+0000] {processor.py:914} INFO - Processing file /home/airflow/.local/lib/python3.12/site-packages/airflow/example_dags/example_dynamic_task_mapping_with_no_taskflow_operators.py for tasks to queue
[2025-03-04T14:30:43.946+0000] {logging_mixin.py:190} INFO - [2025-03-04T14:30:43.946+0000] {dagbag.py:588} INFO - Filling up the DagBag from /home/airflow/.local/lib/python3.12/site-packages/airflow/example_dags/example_dynamic_task_mapping_with_no_taskflow_operators.py
[2025-03-04T14:30:43.954+0000] {processor.py:925} INFO - DAG(s) 'example_dynamic_task_mapping_with_no_taskflow_operators' retrieved from /home/airflow/.local/lib/python3.12/site-packages/airflow/example_dags/example_dynamic_task_mapping_with_no_taskflow_operators.py
[2025-03-04T14:30:43.973+0000] {logging_mixin.py:190} INFO - [2025-03-04T14:30:43.973+0000] {dag.py:3239} INFO - Sync 1 DAGs
[2025-03-04T14:30:43.988+0000] {logging_mixin.py:190} INFO - [2025-03-04T14:30:43.987+0000] {dag.py:4180} INFO - Setting next_dagrun for example_dynamic_task_mapping_with_no_taskflow_operators to None, run_after=None
[2025-03-04T14:30:45.242+0000] {processor.py:208} INFO - Processing /home/airflow/.local/lib/python3.12/site-packages/airflow/example_dags/example_dynamic_task_mapping_with_no_taskflow_operators.py took 1.304 seconds
