[2025-03-04T14:30:01.454+0000] {processor.py:186} INFO - Started process (PID=51) to work on /home/airflow/.local/lib/python3.12/site-packages/airflow/example_dags/example_task_group.py
[2025-03-04T14:30:01.455+0000] {processor.py:914} INFO - Processing file /home/airflow/.local/lib/python3.12/site-packages/airflow/example_dags/example_task_group.py for tasks to queue
[2025-03-04T14:30:01.458+0000] {logging_mixin.py:190} INFO - [2025-03-04T14:30:01.458+0000] {dagbag.py:588} INFO - Filling up the DagBag from /home/airflow/.local/lib/python3.12/site-packages/airflow/example_dags/example_task_group.py
[2025-03-04T14:30:01.471+0000] {processor.py:925} INFO - DAG(s) 'example_task_group' retrieved from /home/airflow/.local/lib/python3.12/site-packages/airflow/example_dags/example_task_group.py
[2025-03-04T14:30:01.625+0000] {logging_mixin.py:190} INFO - [2025-03-04T14:30:01.624+0000] {override.py:1912} INFO - Created Permission View: can delete on DAG:example_task_group
[2025-03-04T14:30:01.641+0000] {logging_mixin.py:190} INFO - [2025-03-04T14:30:01.641+0000] {override.py:1912} INFO - Created Permission View: can read on DAG:example_task_group
[2025-03-04T14:30:01.652+0000] {logging_mixin.py:190} INFO - [2025-03-04T14:30:01.652+0000] {override.py:1912} INFO - Created Permission View: can edit on DAG:example_task_group
[2025-03-04T14:30:01.665+0000] {logging_mixin.py:190} INFO - [2025-03-04T14:30:01.665+0000] {override.py:1912} INFO - Created Permission View: can delete on DAG Run:example_task_group
[2025-03-04T14:30:01.675+0000] {logging_mixin.py:190} INFO - [2025-03-04T14:30:01.675+0000] {override.py:1912} INFO - Created Permission View: menu access on DAG Run:example_task_group
[2025-03-04T14:30:01.685+0000] {logging_mixin.py:190} INFO - [2025-03-04T14:30:01.685+0000] {override.py:1912} INFO - Created Permission View: can read on DAG Run:example_task_group
[2025-03-04T14:30:01.696+0000] {logging_mixin.py:190} INFO - [2025-03-04T14:30:01.695+0000] {override.py:1912} INFO - Created Permission View: can create on DAG Run:example_task_group
[2025-03-04T14:30:01.697+0000] {logging_mixin.py:190} INFO - [2025-03-04T14:30:01.697+0000] {dag.py:3239} INFO - Sync 1 DAGs
[2025-03-04T14:30:01.726+0000] {logging_mixin.py:190} INFO - [2025-03-04T14:30:01.725+0000] {dag.py:3262} INFO - Creating ORM DAG for example_task_group
[2025-03-04T14:30:01.728+0000] {logging_mixin.py:190} INFO - [2025-03-04T14:30:01.728+0000] {dag.py:4180} INFO - Setting next_dagrun for example_task_group to None, run_after=None
[2025-03-04T14:30:01.781+0000] {processor.py:208} INFO - Processing /home/airflow/.local/lib/python3.12/site-packages/airflow/example_dags/example_task_group.py took 0.336 seconds
[2025-03-04T14:30:31.930+0000] {processor.py:186} INFO - Started process (PID=113) to work on /home/airflow/.local/lib/python3.12/site-packages/airflow/example_dags/example_task_group.py
[2025-03-04T14:30:31.931+0000] {processor.py:914} INFO - Processing file /home/airflow/.local/lib/python3.12/site-packages/airflow/example_dags/example_task_group.py for tasks to queue
[2025-03-04T14:30:31.934+0000] {logging_mixin.py:190} INFO - [2025-03-04T14:30:31.933+0000] {dagbag.py:588} INFO - Filling up the DagBag from /home/airflow/.local/lib/python3.12/site-packages/airflow/example_dags/example_task_group.py
[2025-03-04T14:30:31.972+0000] {processor.py:925} INFO - DAG(s) 'example_task_group' retrieved from /home/airflow/.local/lib/python3.12/site-packages/airflow/example_dags/example_task_group.py
[2025-03-04T14:30:32.007+0000] {logging_mixin.py:190} INFO - [2025-03-04T14:30:32.007+0000] {dag.py:3239} INFO - Sync 1 DAGs
[2025-03-04T14:30:32.029+0000] {logging_mixin.py:190} INFO - [2025-03-04T14:30:32.029+0000] {dag.py:4180} INFO - Setting next_dagrun for example_task_group to None, run_after=None
[2025-03-04T14:30:32.061+0000] {processor.py:208} INFO - Processing /home/airflow/.local/lib/python3.12/site-packages/airflow/example_dags/example_task_group.py took 0.139 seconds
[2025-03-04T14:31:02.556+0000] {processor.py:186} INFO - Started process (PID=181) to work on /home/airflow/.local/lib/python3.12/site-packages/airflow/example_dags/example_task_group.py
[2025-03-04T14:31:02.558+0000] {processor.py:914} INFO - Processing file /home/airflow/.local/lib/python3.12/site-packages/airflow/example_dags/example_task_group.py for tasks to queue
[2025-03-04T14:31:02.561+0000] {logging_mixin.py:190} INFO - [2025-03-04T14:31:02.560+0000] {dagbag.py:588} INFO - Filling up the DagBag from /home/airflow/.local/lib/python3.12/site-packages/airflow/example_dags/example_task_group.py
[2025-03-04T14:31:02.570+0000] {processor.py:925} INFO - DAG(s) 'example_task_group' retrieved from /home/airflow/.local/lib/python3.12/site-packages/airflow/example_dags/example_task_group.py
[2025-03-04T14:31:02.596+0000] {logging_mixin.py:190} INFO - [2025-03-04T14:31:02.596+0000] {dag.py:3239} INFO - Sync 1 DAGs
[2025-03-04T14:31:02.611+0000] {logging_mixin.py:190} INFO - [2025-03-04T14:31:02.611+0000] {dag.py:4180} INFO - Setting next_dagrun for example_task_group to None, run_after=None
[2025-03-04T14:31:02.630+0000] {processor.py:208} INFO - Processing /home/airflow/.local/lib/python3.12/site-packages/airflow/example_dags/example_task_group.py took 0.080 seconds
