[2025-03-04T14:30:11.951+0000] {processor.py:186} INFO - Started process (PID=96) to work on /home/airflow/.local/lib/python3.12/site-packages/airflow/example_dags/example_branch_python_dop_operator_3.py
[2025-03-04T14:30:11.952+0000] {processor.py:914} INFO - Processing file /home/airflow/.local/lib/python3.12/site-packages/airflow/example_dags/example_branch_python_dop_operator_3.py for tasks to queue
[2025-03-04T14:30:11.960+0000] {logging_mixin.py:190} INFO - [2025-03-04T14:30:11.959+0000] {dagbag.py:588} INFO - Filling up the DagBag from /home/airflow/.local/lib/python3.12/site-packages/airflow/example_dags/example_branch_python_dop_operator_3.py
[2025-03-04T14:30:11.984+0000] {processor.py:925} INFO - DAG(s) 'example_branch_dop_operator_v3' retrieved from /home/airflow/.local/lib/python3.12/site-packages/airflow/example_dags/example_branch_python_dop_operator_3.py
[2025-03-04T14:30:12.200+0000] {logging_mixin.py:190} INFO - [2025-03-04T14:30:12.199+0000] {override.py:1912} INFO - Created Permission View: can delete on DAG:example_branch_dop_operator_v3
[2025-03-04T14:30:12.220+0000] {logging_mixin.py:190} INFO - [2025-03-04T14:30:12.219+0000] {override.py:1912} INFO - Created Permission View: can read on DAG:example_branch_dop_operator_v3
[2025-03-04T14:30:12.234+0000] {logging_mixin.py:190} INFO - [2025-03-04T14:30:12.233+0000] {override.py:1912} INFO - Created Permission View: can edit on DAG:example_branch_dop_operator_v3
[2025-03-04T14:30:12.253+0000] {logging_mixin.py:190} INFO - [2025-03-04T14:30:12.252+0000] {override.py:1912} INFO - Created Permission View: can delete on DAG Run:example_branch_dop_operator_v3
[2025-03-04T14:30:12.270+0000] {logging_mixin.py:190} INFO - [2025-03-04T14:30:12.269+0000] {override.py:1912} INFO - Created Permission View: menu access on DAG Run:example_branch_dop_operator_v3
[2025-03-04T14:30:12.285+0000] {logging_mixin.py:190} INFO - [2025-03-04T14:30:12.284+0000] {override.py:1912} INFO - Created Permission View: can read on DAG Run:example_branch_dop_operator_v3
[2025-03-04T14:30:12.300+0000] {logging_mixin.py:190} INFO - [2025-03-04T14:30:12.299+0000] {override.py:1912} INFO - Created Permission View: can create on DAG Run:example_branch_dop_operator_v3
[2025-03-04T14:30:12.301+0000] {logging_mixin.py:190} INFO - [2025-03-04T14:30:12.301+0000] {dag.py:3239} INFO - Sync 1 DAGs
[2025-03-04T14:30:12.360+0000] {logging_mixin.py:190} INFO - [2025-03-04T14:30:12.359+0000] {dag.py:3262} INFO - Creating ORM DAG for example_branch_dop_operator_v3
[2025-03-04T14:30:12.400+0000] {logging_mixin.py:190} INFO - [2025-03-04T14:30:12.399+0000] {dag.py:4180} INFO - Setting next_dagrun for example_branch_dop_operator_v3 to 2025-03-04 14:29:00+00:00, run_after=2025-03-04 14:30:00+00:00
[2025-03-04T14:30:12.443+0000] {processor.py:208} INFO - Processing /home/airflow/.local/lib/python3.12/site-packages/airflow/example_dags/example_branch_python_dop_operator_3.py took 0.504 seconds
[2025-03-04T14:30:42.806+0000] {processor.py:186} INFO - Started process (PID=158) to work on /home/airflow/.local/lib/python3.12/site-packages/airflow/example_dags/example_branch_python_dop_operator_3.py
[2025-03-04T14:30:42.808+0000] {processor.py:914} INFO - Processing file /home/airflow/.local/lib/python3.12/site-packages/airflow/example_dags/example_branch_python_dop_operator_3.py for tasks to queue
[2025-03-04T14:30:42.810+0000] {logging_mixin.py:190} INFO - [2025-03-04T14:30:42.810+0000] {dagbag.py:588} INFO - Filling up the DagBag from /home/airflow/.local/lib/python3.12/site-packages/airflow/example_dags/example_branch_python_dop_operator_3.py
[2025-03-04T14:30:42.821+0000] {processor.py:925} INFO - DAG(s) 'example_branch_dop_operator_v3' retrieved from /home/airflow/.local/lib/python3.12/site-packages/airflow/example_dags/example_branch_python_dop_operator_3.py
[2025-03-04T14:30:42.845+0000] {logging_mixin.py:190} INFO - [2025-03-04T14:30:42.845+0000] {dag.py:3239} INFO - Sync 1 DAGs
[2025-03-04T14:30:42.874+0000] {logging_mixin.py:190} INFO - [2025-03-04T14:30:42.874+0000] {dag.py:4180} INFO - Setting next_dagrun for example_branch_dop_operator_v3 to 2025-03-04 14:29:00+00:00, run_after=2025-03-04 14:30:00+00:00
[2025-03-04T14:30:42.899+0000] {processor.py:208} INFO - Processing /home/airflow/.local/lib/python3.12/site-packages/airflow/example_dags/example_branch_python_dop_operator_3.py took 0.100 seconds
