[2025-03-04T14:30:08.848+0000] {processor.py:186} INFO - Started process (PID=82) to work on /home/airflow/.local/lib/python3.12/site-packages/airflow/example_dags/example_params_trigger_ui.py
[2025-03-04T14:30:08.850+0000] {processor.py:914} INFO - Processing file /home/airflow/.local/lib/python3.12/site-packages/airflow/example_dags/example_params_trigger_ui.py for tasks to queue
[2025-03-04T14:30:08.854+0000] {logging_mixin.py:190} INFO - [2025-03-04T14:30:08.853+0000] {dagbag.py:588} INFO - Filling up the DagBag from /home/airflow/.local/lib/python3.12/site-packages/airflow/example_dags/example_params_trigger_ui.py
[2025-03-04T14:30:08.878+0000] {processor.py:925} INFO - DAG(s) 'example_params_trigger_ui' retrieved from /home/airflow/.local/lib/python3.12/site-packages/airflow/example_dags/example_params_trigger_ui.py
[2025-03-04T14:30:09.126+0000] {logging_mixin.py:190} INFO - [2025-03-04T14:30:09.124+0000] {override.py:1912} INFO - Created Permission View: can delete on DAG:example_params_trigger_ui
[2025-03-04T14:30:09.143+0000] {logging_mixin.py:190} INFO - [2025-03-04T14:30:09.143+0000] {override.py:1912} INFO - Created Permission View: can read on DAG:example_params_trigger_ui
[2025-03-04T14:30:09.155+0000] {logging_mixin.py:190} INFO - [2025-03-04T14:30:09.155+0000] {override.py:1912} INFO - Created Permission View: can edit on DAG:example_params_trigger_ui
[2025-03-04T14:30:09.169+0000] {logging_mixin.py:190} INFO - [2025-03-04T14:30:09.169+0000] {override.py:1912} INFO - Created Permission View: can delete on DAG Run:example_params_trigger_ui
[2025-03-04T14:30:09.179+0000] {logging_mixin.py:190} INFO - [2025-03-04T14:30:09.179+0000] {override.py:1912} INFO - Created Permission View: menu access on DAG Run:example_params_trigger_ui
[2025-03-04T14:30:09.190+0000] {logging_mixin.py:190} INFO - [2025-03-04T14:30:09.189+0000] {override.py:1912} INFO - Created Permission View: can read on DAG Run:example_params_trigger_ui
[2025-03-04T14:30:09.200+0000] {logging_mixin.py:190} INFO - [2025-03-04T14:30:09.199+0000] {override.py:1912} INFO - Created Permission View: can create on DAG Run:example_params_trigger_ui
[2025-03-04T14:30:09.201+0000] {logging_mixin.py:190} INFO - [2025-03-04T14:30:09.200+0000] {dag.py:3239} INFO - Sync 1 DAGs
[2025-03-04T14:30:09.219+0000] {logging_mixin.py:190} INFO - [2025-03-04T14:30:09.219+0000] {dag.py:3262} INFO - Creating ORM DAG for example_params_trigger_ui
[2025-03-04T14:30:09.220+0000] {logging_mixin.py:190} INFO - [2025-03-04T14:30:09.220+0000] {dag.py:4180} INFO - Setting next_dagrun for example_params_trigger_ui to None, run_after=None
[2025-03-04T14:30:09.248+0000] {processor.py:208} INFO - Processing /home/airflow/.local/lib/python3.12/site-packages/airflow/example_dags/example_params_trigger_ui.py took 0.412 seconds
[2025-03-04T14:30:39.893+0000] {processor.py:186} INFO - Started process (PID=145) to work on /home/airflow/.local/lib/python3.12/site-packages/airflow/example_dags/example_params_trigger_ui.py
[2025-03-04T14:30:39.895+0000] {processor.py:914} INFO - Processing file /home/airflow/.local/lib/python3.12/site-packages/airflow/example_dags/example_params_trigger_ui.py for tasks to queue
[2025-03-04T14:30:39.898+0000] {logging_mixin.py:190} INFO - [2025-03-04T14:30:39.898+0000] {dagbag.py:588} INFO - Filling up the DagBag from /home/airflow/.local/lib/python3.12/site-packages/airflow/example_dags/example_params_trigger_ui.py
[2025-03-04T14:30:39.910+0000] {processor.py:925} INFO - DAG(s) 'example_params_trigger_ui' retrieved from /home/airflow/.local/lib/python3.12/site-packages/airflow/example_dags/example_params_trigger_ui.py
[2025-03-04T14:30:39.962+0000] {logging_mixin.py:190} INFO - [2025-03-04T14:30:39.962+0000] {dag.py:3239} INFO - Sync 1 DAGs
[2025-03-04T14:30:39.980+0000] {logging_mixin.py:190} INFO - [2025-03-04T14:30:39.980+0000] {dag.py:4180} INFO - Setting next_dagrun for example_params_trigger_ui to None, run_after=None
[2025-03-04T14:30:40.004+0000] {processor.py:208} INFO - Processing /home/airflow/.local/lib/python3.12/site-packages/airflow/example_dags/example_params_trigger_ui.py took 0.118 seconds
[2025-03-04T14:31:10.985+0000] {processor.py:186} INFO - Started process (PID=208) to work on /home/airflow/.local/lib/python3.12/site-packages/airflow/example_dags/example_params_trigger_ui.py
[2025-03-04T14:31:10.986+0000] {processor.py:914} INFO - Processing file /home/airflow/.local/lib/python3.12/site-packages/airflow/example_dags/example_params_trigger_ui.py for tasks to queue
[2025-03-04T14:31:10.989+0000] {logging_mixin.py:190} INFO - [2025-03-04T14:31:10.988+0000] {dagbag.py:588} INFO - Filling up the DagBag from /home/airflow/.local/lib/python3.12/site-packages/airflow/example_dags/example_params_trigger_ui.py
[2025-03-04T14:31:11.001+0000] {processor.py:925} INFO - DAG(s) 'example_params_trigger_ui' retrieved from /home/airflow/.local/lib/python3.12/site-packages/airflow/example_dags/example_params_trigger_ui.py
[2025-03-04T14:31:11.055+0000] {logging_mixin.py:190} INFO - [2025-03-04T14:31:11.054+0000] {dag.py:3239} INFO - Sync 1 DAGs
[2025-03-04T14:31:11.072+0000] {logging_mixin.py:190} INFO - [2025-03-04T14:31:11.072+0000] {dag.py:4180} INFO - Setting next_dagrun for example_params_trigger_ui to None, run_after=None
[2025-03-04T14:31:11.096+0000] {processor.py:208} INFO - Processing /home/airflow/.local/lib/python3.12/site-packages/airflow/example_dags/example_params_trigger_ui.py took 0.117 seconds
