[2025-03-04T14:29:59.399+0000] {processor.py:186} INFO - Started process (PID=49) to work on /home/airflow/.local/lib/python3.12/site-packages/airflow/example_dags/example_sensors.py
[2025-03-04T14:29:59.400+0000] {processor.py:914} INFO - Processing file /home/airflow/.local/lib/python3.12/site-packages/airflow/example_dags/example_sensors.py for tasks to queue
[2025-03-04T14:29:59.403+0000] {logging_mixin.py:190} INFO - [2025-03-04T14:29:59.403+0000] {dagbag.py:588} INFO - Filling up the DagBag from /home/airflow/.local/lib/python3.12/site-packages/airflow/example_dags/example_sensors.py
[2025-03-04T14:29:59.423+0000] {processor.py:925} INFO - DAG(s) 'example_sensors' retrieved from /home/airflow/.local/lib/python3.12/site-packages/airflow/example_dags/example_sensors.py
[2025-03-04T14:29:59.738+0000] {logging_mixin.py:190} INFO - [2025-03-04T14:29:59.737+0000] {override.py:1912} INFO - Created Permission View: can delete on DAG:example_sensors
[2025-03-04T14:29:59.756+0000] {logging_mixin.py:190} INFO - [2025-03-04T14:29:59.756+0000] {override.py:1912} INFO - Created Permission View: can read on DAG:example_sensors
[2025-03-04T14:29:59.767+0000] {logging_mixin.py:190} INFO - [2025-03-04T14:29:59.766+0000] {override.py:1912} INFO - Created Permission View: can edit on DAG:example_sensors
[2025-03-04T14:29:59.782+0000] {logging_mixin.py:190} INFO - [2025-03-04T14:29:59.782+0000] {override.py:1912} INFO - Created Permission View: can delete on DAG Run:example_sensors
[2025-03-04T14:29:59.792+0000] {logging_mixin.py:190} INFO - [2025-03-04T14:29:59.792+0000] {override.py:1912} INFO - Created Permission View: menu access on DAG Run:example_sensors
[2025-03-04T14:29:59.801+0000] {logging_mixin.py:190} INFO - [2025-03-04T14:29:59.801+0000] {override.py:1912} INFO - Created Permission View: can read on DAG Run:example_sensors
[2025-03-04T14:29:59.813+0000] {logging_mixin.py:190} INFO - [2025-03-04T14:29:59.813+0000] {override.py:1912} INFO - Created Permission View: can create on DAG Run:example_sensors
[2025-03-04T14:29:59.815+0000] {logging_mixin.py:190} INFO - [2025-03-04T14:29:59.814+0000] {dag.py:3239} INFO - Sync 1 DAGs
[2025-03-04T14:29:59.842+0000] {logging_mixin.py:190} INFO - [2025-03-04T14:29:59.842+0000] {dag.py:3262} INFO - Creating ORM DAG for example_sensors
[2025-03-04T14:29:59.844+0000] {logging_mixin.py:190} INFO - [2025-03-04T14:29:59.844+0000] {dag.py:4180} INFO - Setting next_dagrun for example_sensors to None, run_after=None
[2025-03-04T14:29:59.884+0000] {processor.py:208} INFO - Processing /home/airflow/.local/lib/python3.12/site-packages/airflow/example_dags/example_sensors.py took 0.492 seconds
[2025-03-04T14:30:30.876+0000] {processor.py:186} INFO - Started process (PID=111) to work on /home/airflow/.local/lib/python3.12/site-packages/airflow/example_dags/example_sensors.py
[2025-03-04T14:30:30.878+0000] {processor.py:914} INFO - Processing file /home/airflow/.local/lib/python3.12/site-packages/airflow/example_dags/example_sensors.py for tasks to queue
[2025-03-04T14:30:30.883+0000] {logging_mixin.py:190} INFO - [2025-03-04T14:30:30.883+0000] {dagbag.py:588} INFO - Filling up the DagBag from /home/airflow/.local/lib/python3.12/site-packages/airflow/example_dags/example_sensors.py
[2025-03-04T14:30:30.897+0000] {processor.py:925} INFO - DAG(s) 'example_sensors' retrieved from /home/airflow/.local/lib/python3.12/site-packages/airflow/example_dags/example_sensors.py
[2025-03-04T14:30:30.931+0000] {logging_mixin.py:190} INFO - [2025-03-04T14:30:30.930+0000] {dag.py:3239} INFO - Sync 1 DAGs
[2025-03-04T14:30:30.955+0000] {logging_mixin.py:190} INFO - [2025-03-04T14:30:30.951+0000] {dag.py:4180} INFO - Setting next_dagrun for example_sensors to None, run_after=None
[2025-03-04T14:30:30.979+0000] {processor.py:208} INFO - Processing /home/airflow/.local/lib/python3.12/site-packages/airflow/example_dags/example_sensors.py took 0.110 seconds
[2025-03-04T14:31:01.517+0000] {processor.py:186} INFO - Started process (PID=174) to work on /home/airflow/.local/lib/python3.12/site-packages/airflow/example_dags/example_sensors.py
[2025-03-04T14:31:01.537+0000] {processor.py:914} INFO - Processing file /home/airflow/.local/lib/python3.12/site-packages/airflow/example_dags/example_sensors.py for tasks to queue
[2025-03-04T14:31:01.540+0000] {logging_mixin.py:190} INFO - [2025-03-04T14:31:01.540+0000] {dagbag.py:588} INFO - Filling up the DagBag from /home/airflow/.local/lib/python3.12/site-packages/airflow/example_dags/example_sensors.py
[2025-03-04T14:31:01.555+0000] {processor.py:925} INFO - DAG(s) 'example_sensors' retrieved from /home/airflow/.local/lib/python3.12/site-packages/airflow/example_dags/example_sensors.py
[2025-03-04T14:31:01.591+0000] {logging_mixin.py:190} INFO - [2025-03-04T14:31:01.590+0000] {dag.py:3239} INFO - Sync 1 DAGs
[2025-03-04T14:31:01.611+0000] {logging_mixin.py:190} INFO - [2025-03-04T14:31:01.611+0000] {dag.py:4180} INFO - Setting next_dagrun for example_sensors to None, run_after=None
[2025-03-04T14:31:01.646+0000] {processor.py:208} INFO - Processing /home/airflow/.local/lib/python3.12/site-packages/airflow/example_dags/example_sensors.py took 0.136 seconds
