[2025-03-04T14:29:56.428+0000] {processor.py:186} INFO - Started process (PID=45) to work on /home/airflow/.local/lib/python3.12/site-packages/airflow/example_dags/example_dataset_alias.py
[2025-03-04T14:29:56.438+0000] {processor.py:914} INFO - Processing file /home/airflow/.local/lib/python3.12/site-packages/airflow/example_dags/example_dataset_alias.py for tasks to queue
[2025-03-04T14:29:56.466+0000] {logging_mixin.py:190} INFO - [2025-03-04T14:29:56.465+0000] {dagbag.py:588} INFO - Filling up the DagBag from /home/airflow/.local/lib/python3.12/site-packages/airflow/example_dags/example_dataset_alias.py
[2025-03-04T14:30:00.813+0000] {processor.py:925} INFO - DAG(s) 'dataset_alias_example_alias_producer', 'dataset_s3_bucket_producer', 'dataset_alias_example_alias_consumer', 'dataset_s3_bucket_consumer' retrieved from /home/airflow/.local/lib/python3.12/site-packages/airflow/example_dags/example_dataset_alias.py
[2025-03-04T14:30:00.978+0000] {logging_mixin.py:190} INFO - [2025-03-04T14:30:00.977+0000] {override.py:1912} INFO - Created Permission View: can delete on DAG:dataset_alias_example_alias_producer
[2025-03-04T14:30:00.992+0000] {logging_mixin.py:190} INFO - [2025-03-04T14:30:00.992+0000] {override.py:1912} INFO - Created Permission View: can read on DAG:dataset_alias_example_alias_producer
[2025-03-04T14:30:01.003+0000] {logging_mixin.py:190} INFO - [2025-03-04T14:30:01.003+0000] {override.py:1912} INFO - Created Permission View: can edit on DAG:dataset_alias_example_alias_producer
[2025-03-04T14:30:01.016+0000] {logging_mixin.py:190} INFO - [2025-03-04T14:30:01.015+0000] {override.py:1912} INFO - Created Permission View: can delete on DAG Run:dataset_alias_example_alias_producer
[2025-03-04T14:30:01.026+0000] {logging_mixin.py:190} INFO - [2025-03-04T14:30:01.026+0000] {override.py:1912} INFO - Created Permission View: menu access on DAG Run:dataset_alias_example_alias_producer
[2025-03-04T14:30:01.037+0000] {logging_mixin.py:190} INFO - [2025-03-04T14:30:01.036+0000] {override.py:1912} INFO - Created Permission View: can read on DAG Run:dataset_alias_example_alias_producer
[2025-03-04T14:30:01.047+0000] {logging_mixin.py:190} INFO - [2025-03-04T14:30:01.047+0000] {override.py:1912} INFO - Created Permission View: can create on DAG Run:dataset_alias_example_alias_producer
[2025-03-04T14:30:01.066+0000] {logging_mixin.py:190} INFO - [2025-03-04T14:30:01.065+0000] {override.py:1912} INFO - Created Permission View: can delete on DAG:dataset_s3_bucket_producer
[2025-03-04T14:30:01.075+0000] {logging_mixin.py:190} INFO - [2025-03-04T14:30:01.074+0000] {override.py:1912} INFO - Created Permission View: can read on DAG:dataset_s3_bucket_producer
[2025-03-04T14:30:01.085+0000] {logging_mixin.py:190} INFO - [2025-03-04T14:30:01.084+0000] {override.py:1912} INFO - Created Permission View: can edit on DAG:dataset_s3_bucket_producer
[2025-03-04T14:30:01.097+0000] {logging_mixin.py:190} INFO - [2025-03-04T14:30:01.097+0000] {override.py:1912} INFO - Created Permission View: can delete on DAG Run:dataset_s3_bucket_producer
[2025-03-04T14:30:01.108+0000] {logging_mixin.py:190} INFO - [2025-03-04T14:30:01.107+0000] {override.py:1912} INFO - Created Permission View: menu access on DAG Run:dataset_s3_bucket_producer
[2025-03-04T14:30:01.118+0000] {logging_mixin.py:190} INFO - [2025-03-04T14:30:01.117+0000] {override.py:1912} INFO - Created Permission View: can read on DAG Run:dataset_s3_bucket_producer
[2025-03-04T14:30:01.128+0000] {logging_mixin.py:190} INFO - [2025-03-04T14:30:01.128+0000] {override.py:1912} INFO - Created Permission View: can create on DAG Run:dataset_s3_bucket_producer
[2025-03-04T14:30:01.147+0000] {logging_mixin.py:190} INFO - [2025-03-04T14:30:01.146+0000] {override.py:1912} INFO - Created Permission View: can delete on DAG:dataset_alias_example_alias_consumer
[2025-03-04T14:30:01.160+0000] {logging_mixin.py:190} INFO - [2025-03-04T14:30:01.160+0000] {override.py:1912} INFO - Created Permission View: can read on DAG:dataset_alias_example_alias_consumer
[2025-03-04T14:30:01.170+0000] {logging_mixin.py:190} INFO - [2025-03-04T14:30:01.170+0000] {override.py:1912} INFO - Created Permission View: can edit on DAG:dataset_alias_example_alias_consumer
[2025-03-04T14:30:01.182+0000] {logging_mixin.py:190} INFO - [2025-03-04T14:30:01.182+0000] {override.py:1912} INFO - Created Permission View: can delete on DAG Run:dataset_alias_example_alias_consumer
[2025-03-04T14:30:01.192+0000] {logging_mixin.py:190} INFO - [2025-03-04T14:30:01.192+0000] {override.py:1912} INFO - Created Permission View: menu access on DAG Run:dataset_alias_example_alias_consumer
[2025-03-04T14:30:01.203+0000] {logging_mixin.py:190} INFO - [2025-03-04T14:30:01.202+0000] {override.py:1912} INFO - Created Permission View: can read on DAG Run:dataset_alias_example_alias_consumer
[2025-03-04T14:30:01.213+0000] {logging_mixin.py:190} INFO - [2025-03-04T14:30:01.213+0000] {override.py:1912} INFO - Created Permission View: can create on DAG Run:dataset_alias_example_alias_consumer
[2025-03-04T14:30:01.231+0000] {logging_mixin.py:190} INFO - [2025-03-04T14:30:01.230+0000] {override.py:1912} INFO - Created Permission View: can delete on DAG:dataset_s3_bucket_consumer
[2025-03-04T14:30:01.241+0000] {logging_mixin.py:190} INFO - [2025-03-04T14:30:01.241+0000] {override.py:1912} INFO - Created Permission View: can read on DAG:dataset_s3_bucket_consumer
[2025-03-04T14:30:01.250+0000] {logging_mixin.py:190} INFO - [2025-03-04T14:30:01.250+0000] {override.py:1912} INFO - Created Permission View: can edit on DAG:dataset_s3_bucket_consumer
[2025-03-04T14:30:01.263+0000] {logging_mixin.py:190} INFO - [2025-03-04T14:30:01.262+0000] {override.py:1912} INFO - Created Permission View: can delete on DAG Run:dataset_s3_bucket_consumer
[2025-03-04T14:30:01.275+0000] {logging_mixin.py:190} INFO - [2025-03-04T14:30:01.275+0000] {override.py:1912} INFO - Created Permission View: menu access on DAG Run:dataset_s3_bucket_consumer
[2025-03-04T14:30:01.286+0000] {logging_mixin.py:190} INFO - [2025-03-04T14:30:01.285+0000] {override.py:1912} INFO - Created Permission View: can read on DAG Run:dataset_s3_bucket_consumer
[2025-03-04T14:30:01.296+0000] {logging_mixin.py:190} INFO - [2025-03-04T14:30:01.296+0000] {override.py:1912} INFO - Created Permission View: can create on DAG Run:dataset_s3_bucket_consumer
[2025-03-04T14:30:01.297+0000] {logging_mixin.py:190} INFO - [2025-03-04T14:30:01.297+0000] {dag.py:3239} INFO - Sync 4 DAGs
[2025-03-04T14:30:01.321+0000] {logging_mixin.py:190} INFO - [2025-03-04T14:30:01.320+0000] {dag.py:3262} INFO - Creating ORM DAG for dataset_s3_bucket_consumer
[2025-03-04T14:30:01.322+0000] {logging_mixin.py:190} INFO - [2025-03-04T14:30:01.322+0000] {dag.py:3262} INFO - Creating ORM DAG for dataset_alias_example_alias_consumer
[2025-03-04T14:30:01.323+0000] {logging_mixin.py:190} INFO - [2025-03-04T14:30:01.323+0000] {dag.py:3262} INFO - Creating ORM DAG for dataset_alias_example_alias_producer
[2025-03-04T14:30:01.325+0000] {logging_mixin.py:190} INFO - [2025-03-04T14:30:01.324+0000] {dag.py:3262} INFO - Creating ORM DAG for dataset_s3_bucket_producer
[2025-03-04T14:30:01.339+0000] {logging_mixin.py:190} INFO - [2025-03-04T14:30:01.339+0000] {dag.py:4180} INFO - Setting next_dagrun for dataset_alias_example_alias_consumer to None, run_after=None
[2025-03-04T14:30:01.340+0000] {logging_mixin.py:190} INFO - [2025-03-04T14:30:01.340+0000] {dag.py:4180} INFO - Setting next_dagrun for dataset_alias_example_alias_producer to None, run_after=None
[2025-03-04T14:30:01.341+0000] {logging_mixin.py:190} INFO - [2025-03-04T14:30:01.341+0000] {dag.py:4180} INFO - Setting next_dagrun for dataset_s3_bucket_consumer to None, run_after=None
[2025-03-04T14:30:01.343+0000] {logging_mixin.py:190} INFO - [2025-03-04T14:30:01.342+0000] {dag.py:4180} INFO - Setting next_dagrun for dataset_s3_bucket_producer to None, run_after=None
[2025-03-04T14:30:01.393+0000] {processor.py:208} INFO - Processing /home/airflow/.local/lib/python3.12/site-packages/airflow/example_dags/example_dataset_alias.py took 4.990 seconds
[2025-03-04T14:30:31.930+0000] {processor.py:186} INFO - Started process (PID=112) to work on /home/airflow/.local/lib/python3.12/site-packages/airflow/example_dags/example_dataset_alias.py
[2025-03-04T14:30:31.931+0000] {processor.py:914} INFO - Processing file /home/airflow/.local/lib/python3.12/site-packages/airflow/example_dags/example_dataset_alias.py for tasks to queue
[2025-03-04T14:30:31.933+0000] {logging_mixin.py:190} INFO - [2025-03-04T14:30:31.933+0000] {dagbag.py:588} INFO - Filling up the DagBag from /home/airflow/.local/lib/python3.12/site-packages/airflow/example_dags/example_dataset_alias.py
[2025-03-04T14:30:32.839+0000] {processor.py:925} INFO - DAG(s) 'dataset_alias_example_alias_consumer', 'dataset_alias_example_alias_producer', 'dataset_s3_bucket_producer', 'dataset_s3_bucket_consumer' retrieved from /home/airflow/.local/lib/python3.12/site-packages/airflow/example_dags/example_dataset_alias.py
[2025-03-04T14:30:32.871+0000] {logging_mixin.py:190} INFO - [2025-03-04T14:30:32.870+0000] {dag.py:3239} INFO - Sync 4 DAGs
[2025-03-04T14:30:32.906+0000] {logging_mixin.py:190} INFO - [2025-03-04T14:30:32.905+0000] {dag.py:4180} INFO - Setting next_dagrun for dataset_alias_example_alias_consumer to None, run_after=None
[2025-03-04T14:30:32.910+0000] {logging_mixin.py:190} INFO - [2025-03-04T14:30:32.910+0000] {dag.py:4180} INFO - Setting next_dagrun for dataset_alias_example_alias_producer to None, run_after=None
[2025-03-04T14:30:32.913+0000] {logging_mixin.py:190} INFO - [2025-03-04T14:30:32.912+0000] {dag.py:4180} INFO - Setting next_dagrun for dataset_s3_bucket_consumer to None, run_after=None
[2025-03-04T14:30:32.915+0000] {logging_mixin.py:190} INFO - [2025-03-04T14:30:32.914+0000] {dag.py:4180} INFO - Setting next_dagrun for dataset_s3_bucket_producer to None, run_after=None
[2025-03-04T14:30:32.941+0000] {processor.py:208} INFO - Processing /home/airflow/.local/lib/python3.12/site-packages/airflow/example_dags/example_dataset_alias.py took 1.019 seconds
[2025-03-04T14:31:03.565+0000] {processor.py:186} INFO - Started process (PID=182) to work on /home/airflow/.local/lib/python3.12/site-packages/airflow/example_dags/example_dataset_alias.py
[2025-03-04T14:31:03.566+0000] {processor.py:914} INFO - Processing file /home/airflow/.local/lib/python3.12/site-packages/airflow/example_dags/example_dataset_alias.py for tasks to queue
[2025-03-04T14:31:03.569+0000] {logging_mixin.py:190} INFO - [2025-03-04T14:31:03.568+0000] {dagbag.py:588} INFO - Filling up the DagBag from /home/airflow/.local/lib/python3.12/site-packages/airflow/example_dags/example_dataset_alias.py
[2025-03-04T14:31:04.381+0000] {processor.py:925} INFO - DAG(s) 'dataset_s3_bucket_consumer', 'dataset_alias_example_alias_consumer', 'dataset_alias_example_alias_producer', 'dataset_s3_bucket_producer' retrieved from /home/airflow/.local/lib/python3.12/site-packages/airflow/example_dags/example_dataset_alias.py
[2025-03-04T14:31:04.416+0000] {logging_mixin.py:190} INFO - [2025-03-04T14:31:04.416+0000] {dag.py:3239} INFO - Sync 4 DAGs
[2025-03-04T14:31:04.448+0000] {logging_mixin.py:190} INFO - [2025-03-04T14:31:04.448+0000] {dag.py:4180} INFO - Setting next_dagrun for dataset_alias_example_alias_consumer to None, run_after=None
[2025-03-04T14:31:04.452+0000] {logging_mixin.py:190} INFO - [2025-03-04T14:31:04.451+0000] {dag.py:4180} INFO - Setting next_dagrun for dataset_alias_example_alias_producer to None, run_after=None
[2025-03-04T14:31:04.454+0000] {logging_mixin.py:190} INFO - [2025-03-04T14:31:04.454+0000] {dag.py:4180} INFO - Setting next_dagrun for dataset_s3_bucket_consumer to None, run_after=None
[2025-03-04T14:31:04.456+0000] {logging_mixin.py:190} INFO - [2025-03-04T14:31:04.456+0000] {dag.py:4180} INFO - Setting next_dagrun for dataset_s3_bucket_producer to None, run_after=None
[2025-03-04T14:31:04.488+0000] {processor.py:208} INFO - Processing /home/airflow/.local/lib/python3.12/site-packages/airflow/example_dags/example_dataset_alias.py took 0.929 seconds
