[2025-03-04T14:30:04.331+0000] {processor.py:186} INFO - Started process (PID=67) to work on /home/airflow/.local/lib/python3.12/site-packages/airflow/example_dags/example_nested_branch_dag.py
[2025-03-04T14:30:04.332+0000] {processor.py:914} INFO - Processing file /home/airflow/.local/lib/python3.12/site-packages/airflow/example_dags/example_nested_branch_dag.py for tasks to queue
[2025-03-04T14:30:04.337+0000] {logging_mixin.py:190} INFO - [2025-03-04T14:30:04.337+0000] {dagbag.py:588} INFO - Filling up the DagBag from /home/airflow/.local/lib/python3.12/site-packages/airflow/example_dags/example_nested_branch_dag.py
[2025-03-04T14:30:04.355+0000] {processor.py:925} INFO - DAG(s) 'example_nested_branch_dag' retrieved from /home/airflow/.local/lib/python3.12/site-packages/airflow/example_dags/example_nested_branch_dag.py
[2025-03-04T14:30:04.510+0000] {logging_mixin.py:190} INFO - [2025-03-04T14:30:04.509+0000] {override.py:1912} INFO - Created Permission View: can delete on DAG:example_nested_branch_dag
[2025-03-04T14:30:04.524+0000] {logging_mixin.py:190} INFO - [2025-03-04T14:30:04.523+0000] {override.py:1912} INFO - Created Permission View: can read on DAG:example_nested_branch_dag
[2025-03-04T14:30:04.534+0000] {logging_mixin.py:190} INFO - [2025-03-04T14:30:04.534+0000] {override.py:1912} INFO - Created Permission View: can edit on DAG:example_nested_branch_dag
[2025-03-04T14:30:04.546+0000] {logging_mixin.py:190} INFO - [2025-03-04T14:30:04.546+0000] {override.py:1912} INFO - Created Permission View: can delete on DAG Run:example_nested_branch_dag
[2025-03-04T14:30:04.555+0000] {logging_mixin.py:190} INFO - [2025-03-04T14:30:04.555+0000] {override.py:1912} INFO - Created Permission View: menu access on DAG Run:example_nested_branch_dag
[2025-03-04T14:30:04.565+0000] {logging_mixin.py:190} INFO - [2025-03-04T14:30:04.565+0000] {override.py:1912} INFO - Created Permission View: can read on DAG Run:example_nested_branch_dag
[2025-03-04T14:30:04.574+0000] {logging_mixin.py:190} INFO - [2025-03-04T14:30:04.574+0000] {override.py:1912} INFO - Created Permission View: can create on DAG Run:example_nested_branch_dag
[2025-03-04T14:30:04.575+0000] {logging_mixin.py:190} INFO - [2025-03-04T14:30:04.575+0000] {dag.py:3239} INFO - Sync 1 DAGs
[2025-03-04T14:30:04.593+0000] {logging_mixin.py:190} INFO - [2025-03-04T14:30:04.593+0000] {dag.py:3262} INFO - Creating ORM DAG for example_nested_branch_dag
[2025-03-04T14:30:04.607+0000] {logging_mixin.py:190} INFO - [2025-03-04T14:30:04.607+0000] {dag.py:4180} INFO - Setting next_dagrun for example_nested_branch_dag to 2025-03-03 00:00:00+00:00, run_after=2025-03-04 00:00:00+00:00
[2025-03-04T14:30:04.630+0000] {processor.py:208} INFO - Processing /home/airflow/.local/lib/python3.12/site-packages/airflow/example_dags/example_nested_branch_dag.py took 0.309 seconds
[2025-03-04T14:30:35.527+0000] {processor.py:186} INFO - Started process (PID=130) to work on /home/airflow/.local/lib/python3.12/site-packages/airflow/example_dags/example_nested_branch_dag.py
[2025-03-04T14:30:35.529+0000] {processor.py:914} INFO - Processing file /home/airflow/.local/lib/python3.12/site-packages/airflow/example_dags/example_nested_branch_dag.py for tasks to queue
[2025-03-04T14:30:35.532+0000] {logging_mixin.py:190} INFO - [2025-03-04T14:30:35.531+0000] {dagbag.py:588} INFO - Filling up the DagBag from /home/airflow/.local/lib/python3.12/site-packages/airflow/example_dags/example_nested_branch_dag.py
[2025-03-04T14:30:35.545+0000] {processor.py:925} INFO - DAG(s) 'example_nested_branch_dag' retrieved from /home/airflow/.local/lib/python3.12/site-packages/airflow/example_dags/example_nested_branch_dag.py
[2025-03-04T14:30:35.572+0000] {logging_mixin.py:190} INFO - [2025-03-04T14:30:35.571+0000] {dag.py:3239} INFO - Sync 1 DAGs
[2025-03-04T14:30:35.597+0000] {logging_mixin.py:190} INFO - [2025-03-04T14:30:35.597+0000] {dag.py:4180} INFO - Setting next_dagrun for example_nested_branch_dag to 2025-03-03 00:00:00+00:00, run_after=2025-03-04 00:00:00+00:00
[2025-03-04T14:30:35.629+0000] {processor.py:208} INFO - Processing /home/airflow/.local/lib/python3.12/site-packages/airflow/example_dags/example_nested_branch_dag.py took 0.109 seconds
[2025-03-04T14:31:06.208+0000] {processor.py:186} INFO - Started process (PID=193) to work on /home/airflow/.local/lib/python3.12/site-packages/airflow/example_dags/example_nested_branch_dag.py
[2025-03-04T14:31:06.209+0000] {processor.py:914} INFO - Processing file /home/airflow/.local/lib/python3.12/site-packages/airflow/example_dags/example_nested_branch_dag.py for tasks to queue
[2025-03-04T14:31:06.211+0000] {logging_mixin.py:190} INFO - [2025-03-04T14:31:06.211+0000] {dagbag.py:588} INFO - Filling up the DagBag from /home/airflow/.local/lib/python3.12/site-packages/airflow/example_dags/example_nested_branch_dag.py
[2025-03-04T14:31:06.224+0000] {processor.py:925} INFO - DAG(s) 'example_nested_branch_dag' retrieved from /home/airflow/.local/lib/python3.12/site-packages/airflow/example_dags/example_nested_branch_dag.py
[2025-03-04T14:31:06.250+0000] {logging_mixin.py:190} INFO - [2025-03-04T14:31:06.250+0000] {dag.py:3239} INFO - Sync 1 DAGs
[2025-03-04T14:31:06.278+0000] {logging_mixin.py:190} INFO - [2025-03-04T14:31:06.278+0000] {dag.py:4180} INFO - Setting next_dagrun for example_nested_branch_dag to 2025-03-03 00:00:00+00:00, run_after=2025-03-04 00:00:00+00:00
[2025-03-04T14:31:06.300+0000] {processor.py:208} INFO - Processing /home/airflow/.local/lib/python3.12/site-packages/airflow/example_dags/example_nested_branch_dag.py took 0.098 seconds
