[2025-03-04T14:30:02.795+0000] {processor.py:186} INFO - Started process (PID=61) to work on /home/airflow/.local/lib/python3.12/site-packages/airflow/example_dags/example_branch_operator.py
[2025-03-04T14:30:02.797+0000] {processor.py:914} INFO - Processing file /home/airflow/.local/lib/python3.12/site-packages/airflow/example_dags/example_branch_operator.py for tasks to queue
[2025-03-04T14:30:02.801+0000] {logging_mixin.py:190} INFO - [2025-03-04T14:30:02.801+0000] {dagbag.py:588} INFO - Filling up the DagBag from /home/airflow/.local/lib/python3.12/site-packages/airflow/example_dags/example_branch_operator.py
[2025-03-04T14:30:02.844+0000] {processor.py:925} INFO - DAG(s) 'example_branch_operator' retrieved from /home/airflow/.local/lib/python3.12/site-packages/airflow/example_dags/example_branch_operator.py
[2025-03-04T14:30:03.075+0000] {logging_mixin.py:190} INFO - [2025-03-04T14:30:03.075+0000] {override.py:1912} INFO - Created Permission View: can delete on DAG:example_branch_operator
[2025-03-04T14:30:03.092+0000] {logging_mixin.py:190} INFO - [2025-03-04T14:30:03.091+0000] {override.py:1912} INFO - Created Permission View: can read on DAG:example_branch_operator
[2025-03-04T14:30:03.104+0000] {logging_mixin.py:190} INFO - [2025-03-04T14:30:03.104+0000] {override.py:1912} INFO - Created Permission View: can edit on DAG:example_branch_operator
[2025-03-04T14:30:03.118+0000] {logging_mixin.py:190} INFO - [2025-03-04T14:30:03.118+0000] {override.py:1912} INFO - Created Permission View: can delete on DAG Run:example_branch_operator
[2025-03-04T14:30:03.131+0000] {logging_mixin.py:190} INFO - [2025-03-04T14:30:03.130+0000] {override.py:1912} INFO - Created Permission View: menu access on DAG Run:example_branch_operator
[2025-03-04T14:30:03.141+0000] {logging_mixin.py:190} INFO - [2025-03-04T14:30:03.141+0000] {override.py:1912} INFO - Created Permission View: can read on DAG Run:example_branch_operator
[2025-03-04T14:30:03.154+0000] {logging_mixin.py:190} INFO - [2025-03-04T14:30:03.154+0000] {override.py:1912} INFO - Created Permission View: can create on DAG Run:example_branch_operator
[2025-03-04T14:30:03.155+0000] {logging_mixin.py:190} INFO - [2025-03-04T14:30:03.155+0000] {dag.py:3239} INFO - Sync 1 DAGs
[2025-03-04T14:30:03.187+0000] {logging_mixin.py:190} INFO - [2025-03-04T14:30:03.187+0000] {dag.py:3262} INFO - Creating ORM DAG for example_branch_operator
[2025-03-04T14:30:03.208+0000] {logging_mixin.py:190} INFO - [2025-03-04T14:30:03.207+0000] {dag.py:4180} INFO - Setting next_dagrun for example_branch_operator to 2025-03-03 00:00:00+00:00, run_after=2025-03-04 00:00:00+00:00
[2025-03-04T14:30:03.238+0000] {processor.py:208} INFO - Processing /home/airflow/.local/lib/python3.12/site-packages/airflow/example_dags/example_branch_operator.py took 0.453 seconds
[2025-03-04T14:30:33.486+0000] {processor.py:186} INFO - Started process (PID=124) to work on /home/airflow/.local/lib/python3.12/site-packages/airflow/example_dags/example_branch_operator.py
[2025-03-04T14:30:33.488+0000] {processor.py:914} INFO - Processing file /home/airflow/.local/lib/python3.12/site-packages/airflow/example_dags/example_branch_operator.py for tasks to queue
[2025-03-04T14:30:33.492+0000] {logging_mixin.py:190} INFO - [2025-03-04T14:30:33.492+0000] {dagbag.py:588} INFO - Filling up the DagBag from /home/airflow/.local/lib/python3.12/site-packages/airflow/example_dags/example_branch_operator.py
[2025-03-04T14:30:33.541+0000] {processor.py:925} INFO - DAG(s) 'example_branch_operator' retrieved from /home/airflow/.local/lib/python3.12/site-packages/airflow/example_dags/example_branch_operator.py
[2025-03-04T14:30:33.603+0000] {logging_mixin.py:190} INFO - [2025-03-04T14:30:33.603+0000] {dag.py:3239} INFO - Sync 1 DAGs
[2025-03-04T14:30:33.660+0000] {logging_mixin.py:190} INFO - [2025-03-04T14:30:33.660+0000] {dag.py:4180} INFO - Setting next_dagrun for example_branch_operator to 2025-03-03 00:00:00+00:00, run_after=2025-03-04 00:00:00+00:00
[2025-03-04T14:30:33.705+0000] {processor.py:208} INFO - Processing /home/airflow/.local/lib/python3.12/site-packages/airflow/example_dags/example_branch_operator.py took 0.234 seconds
[2025-03-04T14:31:04.009+0000] {processor.py:186} INFO - Started process (PID=186) to work on /home/airflow/.local/lib/python3.12/site-packages/airflow/example_dags/example_branch_operator.py
[2025-03-04T14:31:04.010+0000] {processor.py:914} INFO - Processing file /home/airflow/.local/lib/python3.12/site-packages/airflow/example_dags/example_branch_operator.py for tasks to queue
[2025-03-04T14:31:04.016+0000] {logging_mixin.py:190} INFO - [2025-03-04T14:31:04.015+0000] {dagbag.py:588} INFO - Filling up the DagBag from /home/airflow/.local/lib/python3.12/site-packages/airflow/example_dags/example_branch_operator.py
[2025-03-04T14:31:04.055+0000] {processor.py:925} INFO - DAG(s) 'example_branch_operator' retrieved from /home/airflow/.local/lib/python3.12/site-packages/airflow/example_dags/example_branch_operator.py
[2025-03-04T14:31:04.113+0000] {logging_mixin.py:190} INFO - [2025-03-04T14:31:04.113+0000] {dag.py:3239} INFO - Sync 1 DAGs
[2025-03-04T14:31:04.154+0000] {logging_mixin.py:190} INFO - [2025-03-04T14:31:04.153+0000] {dag.py:4180} INFO - Setting next_dagrun for example_branch_operator to 2025-03-03 00:00:00+00:00, run_after=2025-03-04 00:00:00+00:00
[2025-03-04T14:31:04.188+0000] {processor.py:208} INFO - Processing /home/airflow/.local/lib/python3.12/site-packages/airflow/example_dags/example_branch_operator.py took 0.190 seconds
