[2025-03-04T14:30:03.866+0000] {processor.py:186} INFO - Started process (PID=66) to work on /home/airflow/.local/lib/python3.12/site-packages/airflow/example_dags/example_skip_dag.py
[2025-03-04T14:30:03.867+0000] {processor.py:914} INFO - Processing file /home/airflow/.local/lib/python3.12/site-packages/airflow/example_dags/example_skip_dag.py for tasks to queue
[2025-03-04T14:30:03.871+0000] {logging_mixin.py:190} INFO - [2025-03-04T14:30:03.871+0000] {dagbag.py:588} INFO - Filling up the DagBag from /home/airflow/.local/lib/python3.12/site-packages/airflow/example_dags/example_skip_dag.py
[2025-03-04T14:30:03.884+0000] {processor.py:925} INFO - DAG(s) 'example_skip_dag' retrieved from /home/airflow/.local/lib/python3.12/site-packages/airflow/example_dags/example_skip_dag.py
[2025-03-04T14:30:04.065+0000] {logging_mixin.py:190} INFO - [2025-03-04T14:30:04.065+0000] {override.py:1912} INFO - Created Permission View: can delete on DAG:example_skip_dag
[2025-03-04T14:30:04.086+0000] {logging_mixin.py:190} INFO - [2025-03-04T14:30:04.085+0000] {override.py:1912} INFO - Created Permission View: can read on DAG:example_skip_dag
[2025-03-04T14:30:04.099+0000] {logging_mixin.py:190} INFO - [2025-03-04T14:30:04.098+0000] {override.py:1912} INFO - Created Permission View: can edit on DAG:example_skip_dag
[2025-03-04T14:30:04.139+0000] {logging_mixin.py:190} INFO - [2025-03-04T14:30:04.138+0000] {override.py:1912} INFO - Created Permission View: can delete on DAG Run:example_skip_dag
[2025-03-04T14:30:04.154+0000] {logging_mixin.py:190} INFO - [2025-03-04T14:30:04.153+0000] {override.py:1912} INFO - Created Permission View: menu access on DAG Run:example_skip_dag
[2025-03-04T14:30:04.167+0000] {logging_mixin.py:190} INFO - [2025-03-04T14:30:04.166+0000] {override.py:1912} INFO - Created Permission View: can read on DAG Run:example_skip_dag
[2025-03-04T14:30:04.182+0000] {logging_mixin.py:190} INFO - [2025-03-04T14:30:04.181+0000] {override.py:1912} INFO - Created Permission View: can create on DAG Run:example_skip_dag
[2025-03-04T14:30:04.183+0000] {logging_mixin.py:190} INFO - [2025-03-04T14:30:04.183+0000] {dag.py:3239} INFO - Sync 1 DAGs
[2025-03-04T14:30:04.212+0000] {logging_mixin.py:190} INFO - [2025-03-04T14:30:04.211+0000] {dag.py:3262} INFO - Creating ORM DAG for example_skip_dag
[2025-03-04T14:30:04.229+0000] {logging_mixin.py:190} INFO - [2025-03-04T14:30:04.228+0000] {dag.py:4180} INFO - Setting next_dagrun for example_skip_dag to 2025-03-03 00:00:00+00:00, run_after=2025-03-04 00:00:00+00:00
[2025-03-04T14:30:04.263+0000] {processor.py:208} INFO - Processing /home/airflow/.local/lib/python3.12/site-packages/airflow/example_dags/example_skip_dag.py took 0.407 seconds
[2025-03-04T14:30:34.355+0000] {processor.py:186} INFO - Started process (PID=129) to work on /home/airflow/.local/lib/python3.12/site-packages/airflow/example_dags/example_skip_dag.py
[2025-03-04T14:30:34.356+0000] {processor.py:914} INFO - Processing file /home/airflow/.local/lib/python3.12/site-packages/airflow/example_dags/example_skip_dag.py for tasks to queue
[2025-03-04T14:30:34.360+0000] {logging_mixin.py:190} INFO - [2025-03-04T14:30:34.359+0000] {dagbag.py:588} INFO - Filling up the DagBag from /home/airflow/.local/lib/python3.12/site-packages/airflow/example_dags/example_skip_dag.py
[2025-03-04T14:30:34.372+0000] {processor.py:925} INFO - DAG(s) 'example_skip_dag' retrieved from /home/airflow/.local/lib/python3.12/site-packages/airflow/example_dags/example_skip_dag.py
[2025-03-04T14:30:34.404+0000] {logging_mixin.py:190} INFO - [2025-03-04T14:30:34.404+0000] {dag.py:3239} INFO - Sync 1 DAGs
[2025-03-04T14:30:34.439+0000] {logging_mixin.py:190} INFO - [2025-03-04T14:30:34.439+0000] {dag.py:4180} INFO - Setting next_dagrun for example_skip_dag to 2025-03-03 00:00:00+00:00, run_after=2025-03-04 00:00:00+00:00
[2025-03-04T14:30:34.465+0000] {processor.py:208} INFO - Processing /home/airflow/.local/lib/python3.12/site-packages/airflow/example_dags/example_skip_dag.py took 0.119 seconds
[2025-03-04T14:31:05.033+0000] {processor.py:186} INFO - Started process (PID=192) to work on /home/airflow/.local/lib/python3.12/site-packages/airflow/example_dags/example_skip_dag.py
[2025-03-04T14:31:05.035+0000] {processor.py:914} INFO - Processing file /home/airflow/.local/lib/python3.12/site-packages/airflow/example_dags/example_skip_dag.py for tasks to queue
[2025-03-04T14:31:05.038+0000] {logging_mixin.py:190} INFO - [2025-03-04T14:31:05.038+0000] {dagbag.py:588} INFO - Filling up the DagBag from /home/airflow/.local/lib/python3.12/site-packages/airflow/example_dags/example_skip_dag.py
[2025-03-04T14:31:05.054+0000] {processor.py:925} INFO - DAG(s) 'example_skip_dag' retrieved from /home/airflow/.local/lib/python3.12/site-packages/airflow/example_dags/example_skip_dag.py
[2025-03-04T14:31:05.091+0000] {logging_mixin.py:190} INFO - [2025-03-04T14:31:05.091+0000] {dag.py:3239} INFO - Sync 1 DAGs
[2025-03-04T14:31:05.132+0000] {logging_mixin.py:190} INFO - [2025-03-04T14:31:05.132+0000] {dag.py:4180} INFO - Setting next_dagrun for example_skip_dag to 2025-03-03 00:00:00+00:00, run_after=2025-03-04 00:00:00+00:00
[2025-03-04T14:31:05.159+0000] {processor.py:208} INFO - Processing /home/airflow/.local/lib/python3.12/site-packages/airflow/example_dags/example_skip_dag.py took 0.135 seconds
