[2025-03-04T14:30:05.428+0000] {processor.py:186} INFO - Started process (PID=71) to work on /home/airflow/.local/lib/python3.12/site-packages/airflow/example_dags/example_dataset_alias_with_no_taskflow.py
[2025-03-04T14:30:05.429+0000] {processor.py:914} INFO - Processing file /home/airflow/.local/lib/python3.12/site-packages/airflow/example_dags/example_dataset_alias_with_no_taskflow.py for tasks to queue
[2025-03-04T14:30:05.432+0000] {logging_mixin.py:190} INFO - [2025-03-04T14:30:05.432+0000] {dagbag.py:588} INFO - Filling up the DagBag from /home/airflow/.local/lib/python3.12/site-packages/airflow/example_dags/example_dataset_alias_with_no_taskflow.py
[2025-03-04T14:30:06.595+0000] {processor.py:925} INFO - DAG(s) 'dataset_s3_bucket_producer_with_no_taskflow', 'dataset_alias_example_alias_consumer_with_no_taskflow', 'dataset_alias_example_alias_producer_with_no_taskflow', 'dataset_s3_bucket_consumer_with_no_taskflow' retrieved from /home/airflow/.local/lib/python3.12/site-packages/airflow/example_dags/example_dataset_alias_with_no_taskflow.py
[2025-03-04T14:30:06.772+0000] {logging_mixin.py:190} INFO - [2025-03-04T14:30:06.771+0000] {override.py:1912} INFO - Created Permission View: can delete on DAG:dataset_s3_bucket_producer_with_no_taskflow
[2025-03-04T14:30:06.788+0000] {logging_mixin.py:190} INFO - [2025-03-04T14:30:06.788+0000] {override.py:1912} INFO - Created Permission View: can read on DAG:dataset_s3_bucket_producer_with_no_taskflow
[2025-03-04T14:30:06.799+0000] {logging_mixin.py:190} INFO - [2025-03-04T14:30:06.799+0000] {override.py:1912} INFO - Created Permission View: can edit on DAG:dataset_s3_bucket_producer_with_no_taskflow
[2025-03-04T14:30:06.812+0000] {logging_mixin.py:190} INFO - [2025-03-04T14:30:06.811+0000] {override.py:1912} INFO - Created Permission View: can delete on DAG Run:dataset_s3_bucket_producer_with_no_taskflow
[2025-03-04T14:30:06.822+0000] {logging_mixin.py:190} INFO - [2025-03-04T14:30:06.822+0000] {override.py:1912} INFO - Created Permission View: menu access on DAG Run:dataset_s3_bucket_producer_with_no_taskflow
[2025-03-04T14:30:06.832+0000] {logging_mixin.py:190} INFO - [2025-03-04T14:30:06.832+0000] {override.py:1912} INFO - Created Permission View: can read on DAG Run:dataset_s3_bucket_producer_with_no_taskflow
[2025-03-04T14:30:06.844+0000] {logging_mixin.py:190} INFO - [2025-03-04T14:30:06.843+0000] {override.py:1912} INFO - Created Permission View: can create on DAG Run:dataset_s3_bucket_producer_with_no_taskflow
[2025-03-04T14:30:06.863+0000] {logging_mixin.py:190} INFO - [2025-03-04T14:30:06.863+0000] {override.py:1912} INFO - Created Permission View: can delete on DAG:dataset_alias_example_alias_consumer_with_no_taskflow
[2025-03-04T14:30:06.873+0000] {logging_mixin.py:190} INFO - [2025-03-04T14:30:06.873+0000] {override.py:1912} INFO - Created Permission View: can read on DAG:dataset_alias_example_alias_consumer_with_no_taskflow
[2025-03-04T14:30:06.883+0000] {logging_mixin.py:190} INFO - [2025-03-04T14:30:06.882+0000] {override.py:1912} INFO - Created Permission View: can edit on DAG:dataset_alias_example_alias_consumer_with_no_taskflow
[2025-03-04T14:30:06.893+0000] {logging_mixin.py:190} INFO - [2025-03-04T14:30:06.893+0000] {override.py:1912} INFO - Created Permission View: can delete on DAG Run:dataset_alias_example_alias_consumer_with_no_taskflow
[2025-03-04T14:30:06.904+0000] {logging_mixin.py:190} INFO - [2025-03-04T14:30:06.904+0000] {override.py:1912} INFO - Created Permission View: menu access on DAG Run:dataset_alias_example_alias_consumer_with_no_taskflow
[2025-03-04T14:30:06.915+0000] {logging_mixin.py:190} INFO - [2025-03-04T14:30:06.915+0000] {override.py:1912} INFO - Created Permission View: can read on DAG Run:dataset_alias_example_alias_consumer_with_no_taskflow
[2025-03-04T14:30:06.927+0000] {logging_mixin.py:190} INFO - [2025-03-04T14:30:06.927+0000] {override.py:1912} INFO - Created Permission View: can create on DAG Run:dataset_alias_example_alias_consumer_with_no_taskflow
[2025-03-04T14:30:06.950+0000] {logging_mixin.py:190} INFO - [2025-03-04T14:30:06.950+0000] {override.py:1912} INFO - Created Permission View: can delete on DAG:dataset_alias_example_alias_producer_with_no_taskflow
[2025-03-04T14:30:06.962+0000] {logging_mixin.py:190} INFO - [2025-03-04T14:30:06.962+0000] {override.py:1912} INFO - Created Permission View: can read on DAG:dataset_alias_example_alias_producer_with_no_taskflow
[2025-03-04T14:30:06.974+0000] {logging_mixin.py:190} INFO - [2025-03-04T14:30:06.974+0000] {override.py:1912} INFO - Created Permission View: can edit on DAG:dataset_alias_example_alias_producer_with_no_taskflow
[2025-03-04T14:30:06.989+0000] {logging_mixin.py:190} INFO - [2025-03-04T14:30:06.988+0000] {override.py:1912} INFO - Created Permission View: can delete on DAG Run:dataset_alias_example_alias_producer_with_no_taskflow
[2025-03-04T14:30:07.003+0000] {logging_mixin.py:190} INFO - [2025-03-04T14:30:07.002+0000] {override.py:1912} INFO - Created Permission View: menu access on DAG Run:dataset_alias_example_alias_producer_with_no_taskflow
[2025-03-04T14:30:07.015+0000] {logging_mixin.py:190} INFO - [2025-03-04T14:30:07.015+0000] {override.py:1912} INFO - Created Permission View: can read on DAG Run:dataset_alias_example_alias_producer_with_no_taskflow
[2025-03-04T14:30:07.026+0000] {logging_mixin.py:190} INFO - [2025-03-04T14:30:07.026+0000] {override.py:1912} INFO - Created Permission View: can create on DAG Run:dataset_alias_example_alias_producer_with_no_taskflow
[2025-03-04T14:30:07.051+0000] {logging_mixin.py:190} INFO - [2025-03-04T14:30:07.051+0000] {override.py:1912} INFO - Created Permission View: can delete on DAG:dataset_s3_bucket_consumer_with_no_taskflow
[2025-03-04T14:30:07.063+0000] {logging_mixin.py:190} INFO - [2025-03-04T14:30:07.062+0000] {override.py:1912} INFO - Created Permission View: can read on DAG:dataset_s3_bucket_consumer_with_no_taskflow
[2025-03-04T14:30:07.074+0000] {logging_mixin.py:190} INFO - [2025-03-04T14:30:07.074+0000] {override.py:1912} INFO - Created Permission View: can edit on DAG:dataset_s3_bucket_consumer_with_no_taskflow
[2025-03-04T14:30:07.086+0000] {logging_mixin.py:190} INFO - [2025-03-04T14:30:07.086+0000] {override.py:1912} INFO - Created Permission View: can delete on DAG Run:dataset_s3_bucket_consumer_with_no_taskflow
[2025-03-04T14:30:07.098+0000] {logging_mixin.py:190} INFO - [2025-03-04T14:30:07.097+0000] {override.py:1912} INFO - Created Permission View: menu access on DAG Run:dataset_s3_bucket_consumer_with_no_taskflow
[2025-03-04T14:30:07.108+0000] {logging_mixin.py:190} INFO - [2025-03-04T14:30:07.107+0000] {override.py:1912} INFO - Created Permission View: can read on DAG Run:dataset_s3_bucket_consumer_with_no_taskflow
[2025-03-04T14:30:07.117+0000] {logging_mixin.py:190} INFO - [2025-03-04T14:30:07.117+0000] {override.py:1912} INFO - Created Permission View: can create on DAG Run:dataset_s3_bucket_consumer_with_no_taskflow
[2025-03-04T14:30:07.119+0000] {logging_mixin.py:190} INFO - [2025-03-04T14:30:07.118+0000] {dag.py:3239} INFO - Sync 4 DAGs
[2025-03-04T14:30:07.138+0000] {logging_mixin.py:190} INFO - [2025-03-04T14:30:07.138+0000] {dag.py:3262} INFO - Creating ORM DAG for dataset_s3_bucket_consumer_with_no_taskflow
[2025-03-04T14:30:07.140+0000] {logging_mixin.py:190} INFO - [2025-03-04T14:30:07.140+0000] {dag.py:3262} INFO - Creating ORM DAG for dataset_s3_bucket_producer_with_no_taskflow
[2025-03-04T14:30:07.141+0000] {logging_mixin.py:190} INFO - [2025-03-04T14:30:07.141+0000] {dag.py:3262} INFO - Creating ORM DAG for dataset_alias_example_alias_producer_with_no_taskflow
[2025-03-04T14:30:07.143+0000] {logging_mixin.py:190} INFO - [2025-03-04T14:30:07.142+0000] {dag.py:3262} INFO - Creating ORM DAG for dataset_alias_example_alias_consumer_with_no_taskflow
[2025-03-04T14:30:07.155+0000] {logging_mixin.py:190} INFO - [2025-03-04T14:30:07.155+0000] {dag.py:4180} INFO - Setting next_dagrun for dataset_alias_example_alias_consumer_with_no_taskflow to None, run_after=None
[2025-03-04T14:30:07.156+0000] {logging_mixin.py:190} INFO - [2025-03-04T14:30:07.156+0000] {dag.py:4180} INFO - Setting next_dagrun for dataset_alias_example_alias_producer_with_no_taskflow to None, run_after=None
[2025-03-04T14:30:07.158+0000] {logging_mixin.py:190} INFO - [2025-03-04T14:30:07.157+0000] {dag.py:4180} INFO - Setting next_dagrun for dataset_s3_bucket_consumer_with_no_taskflow to None, run_after=None
[2025-03-04T14:30:07.159+0000] {logging_mixin.py:190} INFO - [2025-03-04T14:30:07.159+0000] {dag.py:4180} INFO - Setting next_dagrun for dataset_s3_bucket_producer_with_no_taskflow to None, run_after=None
[2025-03-04T14:30:07.199+0000] {processor.py:208} INFO - Processing /home/airflow/.local/lib/python3.12/site-packages/airflow/example_dags/example_dataset_alias_with_no_taskflow.py took 1.780 seconds
[2025-03-04T14:30:37.579+0000] {processor.py:186} INFO - Started process (PID=135) to work on /home/airflow/.local/lib/python3.12/site-packages/airflow/example_dags/example_dataset_alias_with_no_taskflow.py
[2025-03-04T14:30:37.581+0000] {processor.py:914} INFO - Processing file /home/airflow/.local/lib/python3.12/site-packages/airflow/example_dags/example_dataset_alias_with_no_taskflow.py for tasks to queue
[2025-03-04T14:30:37.584+0000] {logging_mixin.py:190} INFO - [2025-03-04T14:30:37.584+0000] {dagbag.py:588} INFO - Filling up the DagBag from /home/airflow/.local/lib/python3.12/site-packages/airflow/example_dags/example_dataset_alias_with_no_taskflow.py
[2025-03-04T14:30:38.448+0000] {processor.py:925} INFO - DAG(s) 'dataset_s3_bucket_consumer_with_no_taskflow', 'dataset_alias_example_alias_consumer_with_no_taskflow', 'dataset_s3_bucket_producer_with_no_taskflow', 'dataset_alias_example_alias_producer_with_no_taskflow' retrieved from /home/airflow/.local/lib/python3.12/site-packages/airflow/example_dags/example_dataset_alias_with_no_taskflow.py
[2025-03-04T14:30:38.482+0000] {logging_mixin.py:190} INFO - [2025-03-04T14:30:38.481+0000] {dag.py:3239} INFO - Sync 4 DAGs
[2025-03-04T14:30:38.520+0000] {logging_mixin.py:190} INFO - [2025-03-04T14:30:38.519+0000] {dag.py:4180} INFO - Setting next_dagrun for dataset_alias_example_alias_consumer_with_no_taskflow to None, run_after=None
[2025-03-04T14:30:38.524+0000] {logging_mixin.py:190} INFO - [2025-03-04T14:30:38.523+0000] {dag.py:4180} INFO - Setting next_dagrun for dataset_alias_example_alias_producer_with_no_taskflow to None, run_after=None
[2025-03-04T14:30:38.527+0000] {logging_mixin.py:190} INFO - [2025-03-04T14:30:38.527+0000] {dag.py:4180} INFO - Setting next_dagrun for dataset_s3_bucket_consumer_with_no_taskflow to None, run_after=None
[2025-03-04T14:30:38.530+0000] {logging_mixin.py:190} INFO - [2025-03-04T14:30:38.529+0000] {dag.py:4180} INFO - Setting next_dagrun for dataset_s3_bucket_producer_with_no_taskflow to None, run_after=None
[2025-03-04T14:30:38.564+0000] {processor.py:208} INFO - Processing /home/airflow/.local/lib/python3.12/site-packages/airflow/example_dags/example_dataset_alias_with_no_taskflow.py took 0.992 seconds
[2025-03-04T14:31:09.055+0000] {processor.py:186} INFO - Started process (PID=201) to work on /home/airflow/.local/lib/python3.12/site-packages/airflow/example_dags/example_dataset_alias_with_no_taskflow.py
[2025-03-04T14:31:09.057+0000] {processor.py:914} INFO - Processing file /home/airflow/.local/lib/python3.12/site-packages/airflow/example_dags/example_dataset_alias_with_no_taskflow.py for tasks to queue
[2025-03-04T14:31:09.059+0000] {logging_mixin.py:190} INFO - [2025-03-04T14:31:09.059+0000] {dagbag.py:588} INFO - Filling up the DagBag from /home/airflow/.local/lib/python3.12/site-packages/airflow/example_dags/example_dataset_alias_with_no_taskflow.py
[2025-03-04T14:31:09.814+0000] {processor.py:925} INFO - DAG(s) 'dataset_s3_bucket_producer_with_no_taskflow', 'dataset_alias_example_alias_consumer_with_no_taskflow', 'dataset_alias_example_alias_producer_with_no_taskflow', 'dataset_s3_bucket_consumer_with_no_taskflow' retrieved from /home/airflow/.local/lib/python3.12/site-packages/airflow/example_dags/example_dataset_alias_with_no_taskflow.py
[2025-03-04T14:31:09.847+0000] {logging_mixin.py:190} INFO - [2025-03-04T14:31:09.847+0000] {dag.py:3239} INFO - Sync 4 DAGs
[2025-03-04T14:31:09.880+0000] {logging_mixin.py:190} INFO - [2025-03-04T14:31:09.880+0000] {dag.py:4180} INFO - Setting next_dagrun for dataset_alias_example_alias_consumer_with_no_taskflow to None, run_after=None
[2025-03-04T14:31:09.884+0000] {logging_mixin.py:190} INFO - [2025-03-04T14:31:09.884+0000] {dag.py:4180} INFO - Setting next_dagrun for dataset_alias_example_alias_producer_with_no_taskflow to None, run_after=None
[2025-03-04T14:31:09.886+0000] {logging_mixin.py:190} INFO - [2025-03-04T14:31:09.886+0000] {dag.py:4180} INFO - Setting next_dagrun for dataset_s3_bucket_consumer_with_no_taskflow to None, run_after=None
[2025-03-04T14:31:09.888+0000] {logging_mixin.py:190} INFO - [2025-03-04T14:31:09.888+0000] {dag.py:4180} INFO - Setting next_dagrun for dataset_s3_bucket_producer_with_no_taskflow to None, run_after=None
[2025-03-04T14:31:09.920+0000] {processor.py:208} INFO - Processing /home/airflow/.local/lib/python3.12/site-packages/airflow/example_dags/example_dataset_alias_with_no_taskflow.py took 0.871 seconds
