[2025-03-04T14:30:10.128+0000] {processor.py:186} INFO - Started process (PID=88) to work on /home/airflow/.local/lib/python3.12/site-packages/airflow/example_dags/example_bash_operator.py
[2025-03-04T14:30:10.130+0000] {processor.py:914} INFO - Processing file /home/airflow/.local/lib/python3.12/site-packages/airflow/example_dags/example_bash_operator.py for tasks to queue
[2025-03-04T14:30:10.134+0000] {logging_mixin.py:190} INFO - [2025-03-04T14:30:10.133+0000] {dagbag.py:588} INFO - Filling up the DagBag from /home/airflow/.local/lib/python3.12/site-packages/airflow/example_dags/example_bash_operator.py
[2025-03-04T14:30:10.162+0000] {processor.py:925} INFO - DAG(s) 'example_bash_operator' retrieved from /home/airflow/.local/lib/python3.12/site-packages/airflow/example_dags/example_bash_operator.py
[2025-03-04T14:30:10.377+0000] {logging_mixin.py:190} INFO - [2025-03-04T14:30:10.376+0000] {override.py:1912} INFO - Created Permission View: can delete on DAG:example_bash_operator
[2025-03-04T14:30:10.392+0000] {logging_mixin.py:190} INFO - [2025-03-04T14:30:10.392+0000] {override.py:1912} INFO - Created Permission View: can read on DAG:example_bash_operator
[2025-03-04T14:30:10.404+0000] {logging_mixin.py:190} INFO - [2025-03-04T14:30:10.403+0000] {override.py:1912} INFO - Created Permission View: can edit on DAG:example_bash_operator
[2025-03-04T14:30:10.416+0000] {logging_mixin.py:190} INFO - [2025-03-04T14:30:10.415+0000] {override.py:1912} INFO - Created Permission View: can delete on DAG Run:example_bash_operator
[2025-03-04T14:30:10.425+0000] {logging_mixin.py:190} INFO - [2025-03-04T14:30:10.425+0000] {override.py:1912} INFO - Created Permission View: menu access on DAG Run:example_bash_operator
[2025-03-04T14:30:10.435+0000] {logging_mixin.py:190} INFO - [2025-03-04T14:30:10.434+0000] {override.py:1912} INFO - Created Permission View: can read on DAG Run:example_bash_operator
[2025-03-04T14:30:10.445+0000] {logging_mixin.py:190} INFO - [2025-03-04T14:30:10.445+0000] {override.py:1912} INFO - Created Permission View: can create on DAG Run:example_bash_operator
[2025-03-04T14:30:10.446+0000] {logging_mixin.py:190} INFO - [2025-03-04T14:30:10.446+0000] {dag.py:3239} INFO - Sync 1 DAGs
[2025-03-04T14:30:10.466+0000] {logging_mixin.py:190} INFO - [2025-03-04T14:30:10.466+0000] {dag.py:3262} INFO - Creating ORM DAG for example_bash_operator
[2025-03-04T14:30:10.481+0000] {logging_mixin.py:190} INFO - [2025-03-04T14:30:10.481+0000] {dag.py:4180} INFO - Setting next_dagrun for example_bash_operator to 2025-03-03 00:00:00+00:00, run_after=2025-03-04 00:00:00+00:00
[2025-03-04T14:30:10.505+0000] {processor.py:208} INFO - Processing /home/airflow/.local/lib/python3.12/site-packages/airflow/example_dags/example_bash_operator.py took 0.387 seconds
[2025-03-04T14:30:41.271+0000] {processor.py:186} INFO - Started process (PID=151) to work on /home/airflow/.local/lib/python3.12/site-packages/airflow/example_dags/example_bash_operator.py
[2025-03-04T14:30:41.272+0000] {processor.py:914} INFO - Processing file /home/airflow/.local/lib/python3.12/site-packages/airflow/example_dags/example_bash_operator.py for tasks to queue
[2025-03-04T14:30:41.275+0000] {logging_mixin.py:190} INFO - [2025-03-04T14:30:41.275+0000] {dagbag.py:588} INFO - Filling up the DagBag from /home/airflow/.local/lib/python3.12/site-packages/airflow/example_dags/example_bash_operator.py
[2025-03-04T14:30:41.288+0000] {processor.py:925} INFO - DAG(s) 'example_bash_operator' retrieved from /home/airflow/.local/lib/python3.12/site-packages/airflow/example_dags/example_bash_operator.py
[2025-03-04T14:30:41.318+0000] {logging_mixin.py:190} INFO - [2025-03-04T14:30:41.317+0000] {dag.py:3239} INFO - Sync 1 DAGs
[2025-03-04T14:30:41.342+0000] {logging_mixin.py:190} INFO - [2025-03-04T14:30:41.342+0000] {dag.py:4180} INFO - Setting next_dagrun for example_bash_operator to 2025-03-03 00:00:00+00:00, run_after=2025-03-04 00:00:00+00:00
[2025-03-04T14:30:41.364+0000] {processor.py:208} INFO - Processing /home/airflow/.local/lib/python3.12/site-packages/airflow/example_dags/example_bash_operator.py took 0.098 seconds
[2025-03-04T14:31:12.400+0000] {processor.py:186} INFO - Started process (PID=214) to work on /home/airflow/.local/lib/python3.12/site-packages/airflow/example_dags/example_bash_operator.py
[2025-03-04T14:31:12.401+0000] {processor.py:914} INFO - Processing file /home/airflow/.local/lib/python3.12/site-packages/airflow/example_dags/example_bash_operator.py for tasks to queue
[2025-03-04T14:31:12.405+0000] {logging_mixin.py:190} INFO - [2025-03-04T14:31:12.405+0000] {dagbag.py:588} INFO - Filling up the DagBag from /home/airflow/.local/lib/python3.12/site-packages/airflow/example_dags/example_bash_operator.py
[2025-03-04T14:31:12.429+0000] {processor.py:925} INFO - DAG(s) 'example_bash_operator' retrieved from /home/airflow/.local/lib/python3.12/site-packages/airflow/example_dags/example_bash_operator.py
[2025-03-04T14:31:12.506+0000] {logging_mixin.py:190} INFO - [2025-03-04T14:31:12.505+0000] {dag.py:3239} INFO - Sync 1 DAGs
[2025-03-04T14:31:12.583+0000] {logging_mixin.py:190} INFO - [2025-03-04T14:31:12.583+0000] {dag.py:4180} INFO - Setting next_dagrun for example_bash_operator to 2025-03-03 00:00:00+00:00, run_after=2025-03-04 00:00:00+00:00
[2025-03-04T14:31:12.646+0000] {processor.py:208} INFO - Processing /home/airflow/.local/lib/python3.12/site-packages/airflow/example_dags/example_bash_operator.py took 0.256 seconds
