[2025-03-04T14:30:05.976+0000] {processor.py:186} INFO - Started process (PID=72) to work on /home/airflow/.local/lib/python3.12/site-packages/airflow/example_dags/example_short_circuit_operator.py
[2025-03-04T14:30:05.977+0000] {processor.py:914} INFO - Processing file /home/airflow/.local/lib/python3.12/site-packages/airflow/example_dags/example_short_circuit_operator.py for tasks to queue
[2025-03-04T14:30:05.981+0000] {logging_mixin.py:190} INFO - [2025-03-04T14:30:05.980+0000] {dagbag.py:588} INFO - Filling up the DagBag from /home/airflow/.local/lib/python3.12/site-packages/airflow/example_dags/example_short_circuit_operator.py
[2025-03-04T14:30:05.998+0000] {processor.py:925} INFO - DAG(s) 'example_short_circuit_operator' retrieved from /home/airflow/.local/lib/python3.12/site-packages/airflow/example_dags/example_short_circuit_operator.py
[2025-03-04T14:30:06.227+0000] {logging_mixin.py:190} INFO - [2025-03-04T14:30:06.224+0000] {override.py:1912} INFO - Created Permission View: can delete on DAG:example_short_circuit_operator
[2025-03-04T14:30:06.246+0000] {logging_mixin.py:190} INFO - [2025-03-04T14:30:06.246+0000] {override.py:1912} INFO - Created Permission View: can read on DAG:example_short_circuit_operator
[2025-03-04T14:30:06.261+0000] {logging_mixin.py:190} INFO - [2025-03-04T14:30:06.261+0000] {override.py:1912} INFO - Created Permission View: can edit on DAG:example_short_circuit_operator
[2025-03-04T14:30:06.280+0000] {logging_mixin.py:190} INFO - [2025-03-04T14:30:06.280+0000] {override.py:1912} INFO - Created Permission View: can delete on DAG Run:example_short_circuit_operator
[2025-03-04T14:30:06.293+0000] {logging_mixin.py:190} INFO - [2025-03-04T14:30:06.293+0000] {override.py:1912} INFO - Created Permission View: menu access on DAG Run:example_short_circuit_operator
[2025-03-04T14:30:06.305+0000] {logging_mixin.py:190} INFO - [2025-03-04T14:30:06.304+0000] {override.py:1912} INFO - Created Permission View: can read on DAG Run:example_short_circuit_operator
[2025-03-04T14:30:06.319+0000] {logging_mixin.py:190} INFO - [2025-03-04T14:30:06.318+0000] {override.py:1912} INFO - Created Permission View: can create on DAG Run:example_short_circuit_operator
[2025-03-04T14:30:06.320+0000] {logging_mixin.py:190} INFO - [2025-03-04T14:30:06.320+0000] {dag.py:3239} INFO - Sync 1 DAGs
[2025-03-04T14:30:06.358+0000] {logging_mixin.py:190} INFO - [2025-03-04T14:30:06.357+0000] {dag.py:3262} INFO - Creating ORM DAG for example_short_circuit_operator
[2025-03-04T14:30:06.361+0000] {logging_mixin.py:190} INFO - [2025-03-04T14:30:06.360+0000] {dag.py:4180} INFO - Setting next_dagrun for example_short_circuit_operator to None, run_after=None
[2025-03-04T14:30:06.405+0000] {processor.py:208} INFO - Processing /home/airflow/.local/lib/python3.12/site-packages/airflow/example_dags/example_short_circuit_operator.py took 0.441 seconds
[2025-03-04T14:30:36.734+0000] {processor.py:186} INFO - Started process (PID=134) to work on /home/airflow/.local/lib/python3.12/site-packages/airflow/example_dags/example_short_circuit_operator.py
[2025-03-04T14:30:36.735+0000] {processor.py:914} INFO - Processing file /home/airflow/.local/lib/python3.12/site-packages/airflow/example_dags/example_short_circuit_operator.py for tasks to queue
[2025-03-04T14:30:36.739+0000] {logging_mixin.py:190} INFO - [2025-03-04T14:30:36.738+0000] {dagbag.py:588} INFO - Filling up the DagBag from /home/airflow/.local/lib/python3.12/site-packages/airflow/example_dags/example_short_circuit_operator.py
[2025-03-04T14:30:36.751+0000] {processor.py:925} INFO - DAG(s) 'example_short_circuit_operator' retrieved from /home/airflow/.local/lib/python3.12/site-packages/airflow/example_dags/example_short_circuit_operator.py
[2025-03-04T14:30:36.807+0000] {logging_mixin.py:190} INFO - [2025-03-04T14:30:36.807+0000] {dag.py:3239} INFO - Sync 1 DAGs
[2025-03-04T14:30:36.828+0000] {logging_mixin.py:190} INFO - [2025-03-04T14:30:36.828+0000] {dag.py:4180} INFO - Setting next_dagrun for example_short_circuit_operator to None, run_after=None
[2025-03-04T14:30:36.867+0000] {processor.py:208} INFO - Processing /home/airflow/.local/lib/python3.12/site-packages/airflow/example_dags/example_short_circuit_operator.py took 0.139 seconds
[2025-03-04T14:31:07.418+0000] {processor.py:186} INFO - Started process (PID=196) to work on /home/airflow/.local/lib/python3.12/site-packages/airflow/example_dags/example_short_circuit_operator.py
[2025-03-04T14:31:07.419+0000] {processor.py:914} INFO - Processing file /home/airflow/.local/lib/python3.12/site-packages/airflow/example_dags/example_short_circuit_operator.py for tasks to queue
[2025-03-04T14:31:07.422+0000] {logging_mixin.py:190} INFO - [2025-03-04T14:31:07.421+0000] {dagbag.py:588} INFO - Filling up the DagBag from /home/airflow/.local/lib/python3.12/site-packages/airflow/example_dags/example_short_circuit_operator.py
[2025-03-04T14:31:07.430+0000] {processor.py:925} INFO - DAG(s) 'example_short_circuit_operator' retrieved from /home/airflow/.local/lib/python3.12/site-packages/airflow/example_dags/example_short_circuit_operator.py
[2025-03-04T14:31:07.455+0000] {logging_mixin.py:190} INFO - [2025-03-04T14:31:07.454+0000] {dag.py:3239} INFO - Sync 1 DAGs
[2025-03-04T14:31:07.468+0000] {logging_mixin.py:190} INFO - [2025-03-04T14:31:07.468+0000] {dag.py:4180} INFO - Setting next_dagrun for example_short_circuit_operator to None, run_after=None
[2025-03-04T14:31:07.488+0000] {processor.py:208} INFO - Processing /home/airflow/.local/lib/python3.12/site-packages/airflow/example_dags/example_short_circuit_operator.py took 0.076 seconds
