[2025-03-04T14:30:10.554+0000] {processor.py:186} INFO - Started process (PID=90) to work on /home/airflow/.local/lib/python3.12/site-packages/airflow/example_dags/example_python_operator.py
[2025-03-04T14:30:10.556+0000] {processor.py:914} INFO - Processing file /home/airflow/.local/lib/python3.12/site-packages/airflow/example_dags/example_python_operator.py for tasks to queue
[2025-03-04T14:30:10.559+0000] {logging_mixin.py:190} INFO - [2025-03-04T14:30:10.559+0000] {dagbag.py:588} INFO - Filling up the DagBag from /home/airflow/.local/lib/python3.12/site-packages/airflow/example_dags/example_python_operator.py
[2025-03-04T14:30:10.578+0000] {processor.py:925} INFO - DAG(s) 'example_python_operator' retrieved from /home/airflow/.local/lib/python3.12/site-packages/airflow/example_dags/example_python_operator.py
[2025-03-04T14:30:10.736+0000] {logging_mixin.py:190} INFO - [2025-03-04T14:30:10.735+0000] {override.py:1912} INFO - Created Permission View: can delete on DAG:example_python_operator
[2025-03-04T14:30:10.753+0000] {logging_mixin.py:190} INFO - [2025-03-04T14:30:10.752+0000] {override.py:1912} INFO - Created Permission View: can read on DAG:example_python_operator
[2025-03-04T14:30:10.764+0000] {logging_mixin.py:190} INFO - [2025-03-04T14:30:10.764+0000] {override.py:1912} INFO - Created Permission View: can edit on DAG:example_python_operator
[2025-03-04T14:30:10.777+0000] {logging_mixin.py:190} INFO - [2025-03-04T14:30:10.777+0000] {override.py:1912} INFO - Created Permission View: can delete on DAG Run:example_python_operator
[2025-03-04T14:30:10.788+0000] {logging_mixin.py:190} INFO - [2025-03-04T14:30:10.787+0000] {override.py:1912} INFO - Created Permission View: menu access on DAG Run:example_python_operator
[2025-03-04T14:30:10.799+0000] {logging_mixin.py:190} INFO - [2025-03-04T14:30:10.799+0000] {override.py:1912} INFO - Created Permission View: can read on DAG Run:example_python_operator
[2025-03-04T14:30:10.810+0000] {logging_mixin.py:190} INFO - [2025-03-04T14:30:10.810+0000] {override.py:1912} INFO - Created Permission View: can create on DAG Run:example_python_operator
[2025-03-04T14:30:10.811+0000] {logging_mixin.py:190} INFO - [2025-03-04T14:30:10.811+0000] {dag.py:3239} INFO - Sync 1 DAGs
[2025-03-04T14:30:10.831+0000] {logging_mixin.py:190} INFO - [2025-03-04T14:30:10.831+0000] {dag.py:3262} INFO - Creating ORM DAG for example_python_operator
[2025-03-04T14:30:10.832+0000] {logging_mixin.py:190} INFO - [2025-03-04T14:30:10.832+0000] {dag.py:4180} INFO - Setting next_dagrun for example_python_operator to None, run_after=None
[2025-03-04T14:30:10.862+0000] {processor.py:208} INFO - Processing /home/airflow/.local/lib/python3.12/site-packages/airflow/example_dags/example_python_operator.py took 0.316 seconds
[2025-03-04T14:30:41.532+0000] {processor.py:186} INFO - Started process (PID=153) to work on /home/airflow/.local/lib/python3.12/site-packages/airflow/example_dags/example_python_operator.py
[2025-03-04T14:30:41.533+0000] {processor.py:914} INFO - Processing file /home/airflow/.local/lib/python3.12/site-packages/airflow/example_dags/example_python_operator.py for tasks to queue
[2025-03-04T14:30:41.536+0000] {logging_mixin.py:190} INFO - [2025-03-04T14:30:41.535+0000] {dagbag.py:588} INFO - Filling up the DagBag from /home/airflow/.local/lib/python3.12/site-packages/airflow/example_dags/example_python_operator.py
[2025-03-04T14:30:41.548+0000] {processor.py:925} INFO - DAG(s) 'example_python_operator' retrieved from /home/airflow/.local/lib/python3.12/site-packages/airflow/example_dags/example_python_operator.py
[2025-03-04T14:30:41.572+0000] {logging_mixin.py:190} INFO - [2025-03-04T14:30:41.572+0000] {dag.py:3239} INFO - Sync 1 DAGs
[2025-03-04T14:30:41.590+0000] {logging_mixin.py:190} INFO - [2025-03-04T14:30:41.590+0000] {dag.py:4180} INFO - Setting next_dagrun for example_python_operator to None, run_after=None
[2025-03-04T14:30:41.610+0000] {processor.py:208} INFO - Processing /home/airflow/.local/lib/python3.12/site-packages/airflow/example_dags/example_python_operator.py took 0.083 seconds
