[2025-03-04T14:30:14.310+0000] {processor.py:186} INFO - Started process (PID=99) to work on /home/airflow/.local/lib/python3.12/site-packages/airflow/example_dags/example_branch_labels.py
[2025-03-04T14:30:14.312+0000] {processor.py:914} INFO - Processing file /home/airflow/.local/lib/python3.12/site-packages/airflow/example_dags/example_branch_labels.py for tasks to queue
[2025-03-04T14:30:14.317+0000] {logging_mixin.py:190} INFO - [2025-03-04T14:30:14.316+0000] {dagbag.py:588} INFO - Filling up the DagBag from /home/airflow/.local/lib/python3.12/site-packages/airflow/example_dags/example_branch_labels.py
[2025-03-04T14:30:14.340+0000] {processor.py:925} INFO - DAG(s) 'example_branch_labels' retrieved from /home/airflow/.local/lib/python3.12/site-packages/airflow/example_dags/example_branch_labels.py
[2025-03-04T14:30:14.569+0000] {logging_mixin.py:190} INFO - [2025-03-04T14:30:14.568+0000] {override.py:1912} INFO - Created Permission View: can delete on DAG:example_branch_labels
[2025-03-04T14:30:14.591+0000] {logging_mixin.py:190} INFO - [2025-03-04T14:30:14.590+0000] {override.py:1912} INFO - Created Permission View: can read on DAG:example_branch_labels
[2025-03-04T14:30:14.605+0000] {logging_mixin.py:190} INFO - [2025-03-04T14:30:14.605+0000] {override.py:1912} INFO - Created Permission View: can edit on DAG:example_branch_labels
[2025-03-04T14:30:14.625+0000] {logging_mixin.py:190} INFO - [2025-03-04T14:30:14.624+0000] {override.py:1912} INFO - Created Permission View: can delete on DAG Run:example_branch_labels
[2025-03-04T14:30:14.640+0000] {logging_mixin.py:190} INFO - [2025-03-04T14:30:14.640+0000] {override.py:1912} INFO - Created Permission View: menu access on DAG Run:example_branch_labels
[2025-03-04T14:30:14.655+0000] {logging_mixin.py:190} INFO - [2025-03-04T14:30:14.655+0000] {override.py:1912} INFO - Created Permission View: can read on DAG Run:example_branch_labels
[2025-03-04T14:30:14.669+0000] {logging_mixin.py:190} INFO - [2025-03-04T14:30:14.669+0000] {override.py:1912} INFO - Created Permission View: can create on DAG Run:example_branch_labels
[2025-03-04T14:30:14.672+0000] {logging_mixin.py:190} INFO - [2025-03-04T14:30:14.671+0000] {dag.py:3239} INFO - Sync 1 DAGs
[2025-03-04T14:30:14.711+0000] {logging_mixin.py:190} INFO - [2025-03-04T14:30:14.710+0000] {dag.py:3262} INFO - Creating ORM DAG for example_branch_labels
[2025-03-04T14:30:14.739+0000] {logging_mixin.py:190} INFO - [2025-03-04T14:30:14.738+0000] {dag.py:4180} INFO - Setting next_dagrun for example_branch_labels to 2025-03-03 00:00:00+00:00, run_after=2025-03-04 00:00:00+00:00
[2025-03-04T14:30:14.771+0000] {processor.py:208} INFO - Processing /home/airflow/.local/lib/python3.12/site-packages/airflow/example_dags/example_branch_labels.py took 0.474 seconds
[2025-03-04T14:30:45.435+0000] {processor.py:186} INFO - Started process (PID=162) to work on /home/airflow/.local/lib/python3.12/site-packages/airflow/example_dags/example_branch_labels.py
[2025-03-04T14:30:45.436+0000] {processor.py:914} INFO - Processing file /home/airflow/.local/lib/python3.12/site-packages/airflow/example_dags/example_branch_labels.py for tasks to queue
[2025-03-04T14:30:45.441+0000] {logging_mixin.py:190} INFO - [2025-03-04T14:30:45.440+0000] {dagbag.py:588} INFO - Filling up the DagBag from /home/airflow/.local/lib/python3.12/site-packages/airflow/example_dags/example_branch_labels.py
[2025-03-04T14:30:45.457+0000] {processor.py:925} INFO - DAG(s) 'example_branch_labels' retrieved from /home/airflow/.local/lib/python3.12/site-packages/airflow/example_dags/example_branch_labels.py
[2025-03-04T14:30:45.482+0000] {logging_mixin.py:190} INFO - [2025-03-04T14:30:45.482+0000] {dag.py:3239} INFO - Sync 1 DAGs
[2025-03-04T14:30:45.512+0000] {logging_mixin.py:190} INFO - [2025-03-04T14:30:45.511+0000] {dag.py:4180} INFO - Setting next_dagrun for example_branch_labels to 2025-03-03 00:00:00+00:00, run_after=2025-03-04 00:00:00+00:00
[2025-03-04T14:30:45.534+0000] {processor.py:208} INFO - Processing /home/airflow/.local/lib/python3.12/site-packages/airflow/example_dags/example_branch_labels.py took 0.108 seconds
