[2025-03-04T14:30:02.993+0000] {processor.py:186} INFO - Started process (PID=62) to work on /home/airflow/.local/lib/python3.12/site-packages/airflow/example_dags/example_latest_only_with_trigger.py
[2025-03-04T14:30:02.995+0000] {processor.py:914} INFO - Processing file /home/airflow/.local/lib/python3.12/site-packages/airflow/example_dags/example_latest_only_with_trigger.py for tasks to queue
[2025-03-04T14:30:02.998+0000] {logging_mixin.py:190} INFO - [2025-03-04T14:30:02.997+0000] {dagbag.py:588} INFO - Filling up the DagBag from /home/airflow/.local/lib/python3.12/site-packages/airflow/example_dags/example_latest_only_with_trigger.py
[2025-03-04T14:30:03.015+0000] {processor.py:925} INFO - DAG(s) 'latest_only_with_trigger' retrieved from /home/airflow/.local/lib/python3.12/site-packages/airflow/example_dags/example_latest_only_with_trigger.py
[2025-03-04T14:30:03.217+0000] {logging_mixin.py:190} INFO - [2025-03-04T14:30:03.216+0000] {override.py:1912} INFO - Created Permission View: can delete on DAG:latest_only_with_trigger
[2025-03-04T14:30:03.234+0000] {logging_mixin.py:190} INFO - [2025-03-04T14:30:03.234+0000] {override.py:1912} INFO - Created Permission View: can read on DAG:latest_only_with_trigger
[2025-03-04T14:30:03.247+0000] {logging_mixin.py:190} INFO - [2025-03-04T14:30:03.247+0000] {override.py:1912} INFO - Created Permission View: can edit on DAG:latest_only_with_trigger
[2025-03-04T14:30:03.262+0000] {logging_mixin.py:190} INFO - [2025-03-04T14:30:03.262+0000] {override.py:1912} INFO - Created Permission View: can delete on DAG Run:latest_only_with_trigger
[2025-03-04T14:30:03.274+0000] {logging_mixin.py:190} INFO - [2025-03-04T14:30:03.273+0000] {override.py:1912} INFO - Created Permission View: menu access on DAG Run:latest_only_with_trigger
[2025-03-04T14:30:03.286+0000] {logging_mixin.py:190} INFO - [2025-03-04T14:30:03.286+0000] {override.py:1912} INFO - Created Permission View: can read on DAG Run:latest_only_with_trigger
[2025-03-04T14:30:03.299+0000] {logging_mixin.py:190} INFO - [2025-03-04T14:30:03.298+0000] {override.py:1912} INFO - Created Permission View: can create on DAG Run:latest_only_with_trigger
[2025-03-04T14:30:03.300+0000] {logging_mixin.py:190} INFO - [2025-03-04T14:30:03.300+0000] {dag.py:3239} INFO - Sync 1 DAGs
[2025-03-04T14:30:03.329+0000] {logging_mixin.py:190} INFO - [2025-03-04T14:30:03.329+0000] {dag.py:3262} INFO - Creating ORM DAG for latest_only_with_trigger
[2025-03-04T14:30:03.346+0000] {logging_mixin.py:190} INFO - [2025-03-04T14:30:03.346+0000] {dag.py:4180} INFO - Setting next_dagrun for latest_only_with_trigger to 2025-03-04 08:00:00+00:00, run_after=2025-03-04 12:00:00+00:00
[2025-03-04T14:30:03.374+0000] {processor.py:208} INFO - Processing /home/airflow/.local/lib/python3.12/site-packages/airflow/example_dags/example_latest_only_with_trigger.py took 0.390 seconds
[2025-03-04T14:30:33.754+0000] {processor.py:186} INFO - Started process (PID=125) to work on /home/airflow/.local/lib/python3.12/site-packages/airflow/example_dags/example_latest_only_with_trigger.py
[2025-03-04T14:30:33.756+0000] {processor.py:914} INFO - Processing file /home/airflow/.local/lib/python3.12/site-packages/airflow/example_dags/example_latest_only_with_trigger.py for tasks to queue
[2025-03-04T14:30:33.759+0000] {logging_mixin.py:190} INFO - [2025-03-04T14:30:33.759+0000] {dagbag.py:588} INFO - Filling up the DagBag from /home/airflow/.local/lib/python3.12/site-packages/airflow/example_dags/example_latest_only_with_trigger.py
[2025-03-04T14:30:33.775+0000] {processor.py:925} INFO - DAG(s) 'latest_only_with_trigger' retrieved from /home/airflow/.local/lib/python3.12/site-packages/airflow/example_dags/example_latest_only_with_trigger.py
[2025-03-04T14:30:33.814+0000] {logging_mixin.py:190} INFO - [2025-03-04T14:30:33.814+0000] {dag.py:3239} INFO - Sync 1 DAGs
[2025-03-04T14:30:33.849+0000] {logging_mixin.py:190} INFO - [2025-03-04T14:30:33.848+0000] {dag.py:4180} INFO - Setting next_dagrun for latest_only_with_trigger to 2025-03-04 08:00:00+00:00, run_after=2025-03-04 12:00:00+00:00
[2025-03-04T14:30:33.879+0000] {processor.py:208} INFO - Processing /home/airflow/.local/lib/python3.12/site-packages/airflow/example_dags/example_latest_only_with_trigger.py took 0.134 seconds
[2025-03-04T14:31:04.240+0000] {processor.py:186} INFO - Started process (PID=187) to work on /home/airflow/.local/lib/python3.12/site-packages/airflow/example_dags/example_latest_only_with_trigger.py
[2025-03-04T14:31:04.242+0000] {processor.py:914} INFO - Processing file /home/airflow/.local/lib/python3.12/site-packages/airflow/example_dags/example_latest_only_with_trigger.py for tasks to queue
[2025-03-04T14:31:04.246+0000] {logging_mixin.py:190} INFO - [2025-03-04T14:31:04.245+0000] {dagbag.py:588} INFO - Filling up the DagBag from /home/airflow/.local/lib/python3.12/site-packages/airflow/example_dags/example_latest_only_with_trigger.py
[2025-03-04T14:31:04.258+0000] {processor.py:925} INFO - DAG(s) 'latest_only_with_trigger' retrieved from /home/airflow/.local/lib/python3.12/site-packages/airflow/example_dags/example_latest_only_with_trigger.py
[2025-03-04T14:31:04.286+0000] {logging_mixin.py:190} INFO - [2025-03-04T14:31:04.286+0000] {dag.py:3239} INFO - Sync 1 DAGs
[2025-03-04T14:31:04.318+0000] {logging_mixin.py:190} INFO - [2025-03-04T14:31:04.318+0000] {dag.py:4180} INFO - Setting next_dagrun for latest_only_with_trigger to 2025-03-04 08:00:00+00:00, run_after=2025-03-04 12:00:00+00:00
[2025-03-04T14:31:04.343+0000] {processor.py:208} INFO - Processing /home/airflow/.local/lib/python3.12/site-packages/airflow/example_dags/example_latest_only_with_trigger.py took 0.112 seconds
