[2025-03-04T14:30:10.427+0000] {processor.py:186} INFO - Started process (PID=89) to work on /home/airflow/.local/lib/python3.12/site-packages/airflow/example_dags/example_complex.py
[2025-03-04T14:30:10.428+0000] {processor.py:914} INFO - Processing file /home/airflow/.local/lib/python3.12/site-packages/airflow/example_dags/example_complex.py for tasks to queue
[2025-03-04T14:30:10.432+0000] {logging_mixin.py:190} INFO - [2025-03-04T14:30:10.431+0000] {dagbag.py:588} INFO - Filling up the DagBag from /home/airflow/.local/lib/python3.12/site-packages/airflow/example_dags/example_complex.py
[2025-03-04T14:30:10.455+0000] {processor.py:925} INFO - DAG(s) 'example_complex' retrieved from /home/airflow/.local/lib/python3.12/site-packages/airflow/example_dags/example_complex.py
[2025-03-04T14:30:10.633+0000] {logging_mixin.py:190} INFO - [2025-03-04T14:30:10.632+0000] {override.py:1912} INFO - Created Permission View: can delete on DAG:example_complex
[2025-03-04T14:30:10.647+0000] {logging_mixin.py:190} INFO - [2025-03-04T14:30:10.647+0000] {override.py:1912} INFO - Created Permission View: can read on DAG:example_complex
[2025-03-04T14:30:10.657+0000] {logging_mixin.py:190} INFO - [2025-03-04T14:30:10.657+0000] {override.py:1912} INFO - Created Permission View: can edit on DAG:example_complex
[2025-03-04T14:30:10.668+0000] {logging_mixin.py:190} INFO - [2025-03-04T14:30:10.668+0000] {override.py:1912} INFO - Created Permission View: can delete on DAG Run:example_complex
[2025-03-04T14:30:10.679+0000] {logging_mixin.py:190} INFO - [2025-03-04T14:30:10.679+0000] {override.py:1912} INFO - Created Permission View: menu access on DAG Run:example_complex
[2025-03-04T14:30:10.689+0000] {logging_mixin.py:190} INFO - [2025-03-04T14:30:10.689+0000] {override.py:1912} INFO - Created Permission View: can read on DAG Run:example_complex
[2025-03-04T14:30:10.700+0000] {logging_mixin.py:190} INFO - [2025-03-04T14:30:10.700+0000] {override.py:1912} INFO - Created Permission View: can create on DAG Run:example_complex
[2025-03-04T14:30:10.701+0000] {logging_mixin.py:190} INFO - [2025-03-04T14:30:10.701+0000] {dag.py:3239} INFO - Sync 1 DAGs
[2025-03-04T14:30:10.719+0000] {logging_mixin.py:190} INFO - [2025-03-04T14:30:10.719+0000] {dag.py:3262} INFO - Creating ORM DAG for example_complex
[2025-03-04T14:30:10.721+0000] {logging_mixin.py:190} INFO - [2025-03-04T14:30:10.720+0000] {dag.py:4180} INFO - Setting next_dagrun for example_complex to None, run_after=None
[2025-03-04T14:30:10.747+0000] {processor.py:208} INFO - Processing /home/airflow/.local/lib/python3.12/site-packages/airflow/example_dags/example_complex.py took 0.329 seconds
[2025-03-04T14:30:41.405+0000] {processor.py:186} INFO - Started process (PID=152) to work on /home/airflow/.local/lib/python3.12/site-packages/airflow/example_dags/example_complex.py
[2025-03-04T14:30:41.407+0000] {processor.py:914} INFO - Processing file /home/airflow/.local/lib/python3.12/site-packages/airflow/example_dags/example_complex.py for tasks to queue
[2025-03-04T14:30:41.409+0000] {logging_mixin.py:190} INFO - [2025-03-04T14:30:41.409+0000] {dagbag.py:588} INFO - Filling up the DagBag from /home/airflow/.local/lib/python3.12/site-packages/airflow/example_dags/example_complex.py
[2025-03-04T14:30:41.421+0000] {processor.py:925} INFO - DAG(s) 'example_complex' retrieved from /home/airflow/.local/lib/python3.12/site-packages/airflow/example_dags/example_complex.py
[2025-03-04T14:30:41.456+0000] {logging_mixin.py:190} INFO - [2025-03-04T14:30:41.456+0000] {dag.py:3239} INFO - Sync 1 DAGs
[2025-03-04T14:30:41.471+0000] {logging_mixin.py:190} INFO - [2025-03-04T14:30:41.470+0000] {dag.py:4180} INFO - Setting next_dagrun for example_complex to None, run_after=None
[2025-03-04T14:30:41.492+0000] {processor.py:208} INFO - Processing /home/airflow/.local/lib/python3.12/site-packages/airflow/example_dags/example_complex.py took 0.092 seconds
[2025-03-04T14:31:12.789+0000] {processor.py:186} INFO - Started process (PID=215) to work on /home/airflow/.local/lib/python3.12/site-packages/airflow/example_dags/example_complex.py
[2025-03-04T14:31:12.799+0000] {processor.py:914} INFO - Processing file /home/airflow/.local/lib/python3.12/site-packages/airflow/example_dags/example_complex.py for tasks to queue
[2025-03-04T14:31:12.807+0000] {logging_mixin.py:190} INFO - [2025-03-04T14:31:12.806+0000] {dagbag.py:588} INFO - Filling up the DagBag from /home/airflow/.local/lib/python3.12/site-packages/airflow/example_dags/example_complex.py
[2025-03-04T14:31:12.870+0000] {processor.py:925} INFO - DAG(s) 'example_complex' retrieved from /home/airflow/.local/lib/python3.12/site-packages/airflow/example_dags/example_complex.py
[2025-03-04T14:31:13.124+0000] {logging_mixin.py:190} INFO - [2025-03-04T14:31:13.123+0000] {dag.py:3239} INFO - Sync 1 DAGs
[2025-03-04T14:31:13.284+0000] {logging_mixin.py:190} INFO - [2025-03-04T14:31:13.284+0000] {dag.py:4180} INFO - Setting next_dagrun for example_complex to None, run_after=None
[2025-03-04T14:31:13.405+0000] {processor.py:208} INFO - Processing /home/airflow/.local/lib/python3.12/site-packages/airflow/example_dags/example_complex.py took 0.644 seconds
