[2025-03-04T14:30:09.669+0000] {processor.py:186} INFO - Started process (PID=86) to work on /home/airflow/.local/lib/python3.12/site-packages/airflow/example_dags/example_local_kubernetes_executor.py
[2025-03-04T14:30:09.671+0000] {processor.py:914} INFO - Processing file /home/airflow/.local/lib/python3.12/site-packages/airflow/example_dags/example_local_kubernetes_executor.py for tasks to queue
[2025-03-04T14:30:09.674+0000] {logging_mixin.py:190} INFO - [2025-03-04T14:30:09.673+0000] {dagbag.py:588} INFO - Filling up the DagBag from /home/airflow/.local/lib/python3.12/site-packages/airflow/example_dags/example_local_kubernetes_executor.py
[2025-03-04T14:30:09.698+0000] {processor.py:925} INFO - DAG(s) 'example_local_kubernetes_executor' retrieved from /home/airflow/.local/lib/python3.12/site-packages/airflow/example_dags/example_local_kubernetes_executor.py
[2025-03-04T14:30:09.923+0000] {logging_mixin.py:190} INFO - [2025-03-04T14:30:09.922+0000] {override.py:1912} INFO - Created Permission View: can delete on DAG:example_local_kubernetes_executor
[2025-03-04T14:30:09.940+0000] {logging_mixin.py:190} INFO - [2025-03-04T14:30:09.940+0000] {override.py:1912} INFO - Created Permission View: can read on DAG:example_local_kubernetes_executor
[2025-03-04T14:30:09.952+0000] {logging_mixin.py:190} INFO - [2025-03-04T14:30:09.952+0000] {override.py:1912} INFO - Created Permission View: can edit on DAG:example_local_kubernetes_executor
[2025-03-04T14:30:09.968+0000] {logging_mixin.py:190} INFO - [2025-03-04T14:30:09.968+0000] {override.py:1912} INFO - Created Permission View: can delete on DAG Run:example_local_kubernetes_executor
[2025-03-04T14:30:09.981+0000] {logging_mixin.py:190} INFO - [2025-03-04T14:30:09.981+0000] {override.py:1912} INFO - Created Permission View: menu access on DAG Run:example_local_kubernetes_executor
[2025-03-04T14:30:09.998+0000] {logging_mixin.py:190} INFO - [2025-03-04T14:30:09.997+0000] {override.py:1912} INFO - Created Permission View: can read on DAG Run:example_local_kubernetes_executor
[2025-03-04T14:30:10.011+0000] {logging_mixin.py:190} INFO - [2025-03-04T14:30:10.011+0000] {override.py:1912} INFO - Created Permission View: can create on DAG Run:example_local_kubernetes_executor
[2025-03-04T14:30:10.012+0000] {logging_mixin.py:190} INFO - [2025-03-04T14:30:10.012+0000] {dag.py:3239} INFO - Sync 1 DAGs
[2025-03-04T14:30:10.037+0000] {logging_mixin.py:190} INFO - [2025-03-04T14:30:10.036+0000] {dag.py:3262} INFO - Creating ORM DAG for example_local_kubernetes_executor
[2025-03-04T14:30:10.038+0000] {logging_mixin.py:190} INFO - [2025-03-04T14:30:10.038+0000] {dag.py:4180} INFO - Setting next_dagrun for example_local_kubernetes_executor to None, run_after=None
[2025-03-04T14:30:10.069+0000] {processor.py:208} INFO - Processing /home/airflow/.local/lib/python3.12/site-packages/airflow/example_dags/example_local_kubernetes_executor.py took 0.409 seconds
[2025-03-04T14:30:40.149+0000] {processor.py:186} INFO - Started process (PID=149) to work on /home/airflow/.local/lib/python3.12/site-packages/airflow/example_dags/example_local_kubernetes_executor.py
[2025-03-04T14:30:40.150+0000] {processor.py:914} INFO - Processing file /home/airflow/.local/lib/python3.12/site-packages/airflow/example_dags/example_local_kubernetes_executor.py for tasks to queue
[2025-03-04T14:30:40.153+0000] {logging_mixin.py:190} INFO - [2025-03-04T14:30:40.152+0000] {dagbag.py:588} INFO - Filling up the DagBag from /home/airflow/.local/lib/python3.12/site-packages/airflow/example_dags/example_local_kubernetes_executor.py
[2025-03-04T14:30:40.162+0000] {processor.py:925} INFO - DAG(s) 'example_local_kubernetes_executor' retrieved from /home/airflow/.local/lib/python3.12/site-packages/airflow/example_dags/example_local_kubernetes_executor.py
[2025-03-04T14:30:40.185+0000] {logging_mixin.py:190} INFO - [2025-03-04T14:30:40.185+0000] {dag.py:3239} INFO - Sync 1 DAGs
[2025-03-04T14:30:40.202+0000] {logging_mixin.py:190} INFO - [2025-03-04T14:30:40.202+0000] {dag.py:4180} INFO - Setting next_dagrun for example_local_kubernetes_executor to None, run_after=None
[2025-03-04T14:30:40.229+0000] {processor.py:208} INFO - Processing /home/airflow/.local/lib/python3.12/site-packages/airflow/example_dags/example_local_kubernetes_executor.py took 0.085 seconds
[2025-03-04T14:31:11.252+0000] {processor.py:186} INFO - Started process (PID=212) to work on /home/airflow/.local/lib/python3.12/site-packages/airflow/example_dags/example_local_kubernetes_executor.py
[2025-03-04T14:31:11.253+0000] {processor.py:914} INFO - Processing file /home/airflow/.local/lib/python3.12/site-packages/airflow/example_dags/example_local_kubernetes_executor.py for tasks to queue
[2025-03-04T14:31:11.256+0000] {logging_mixin.py:190} INFO - [2025-03-04T14:31:11.256+0000] {dagbag.py:588} INFO - Filling up the DagBag from /home/airflow/.local/lib/python3.12/site-packages/airflow/example_dags/example_local_kubernetes_executor.py
[2025-03-04T14:31:11.268+0000] {processor.py:925} INFO - DAG(s) 'example_local_kubernetes_executor' retrieved from /home/airflow/.local/lib/python3.12/site-packages/airflow/example_dags/example_local_kubernetes_executor.py
[2025-03-04T14:31:11.295+0000] {logging_mixin.py:190} INFO - [2025-03-04T14:31:11.295+0000] {dag.py:3239} INFO - Sync 1 DAGs
[2025-03-04T14:31:11.312+0000] {logging_mixin.py:190} INFO - [2025-03-04T14:31:11.312+0000] {dag.py:4180} INFO - Setting next_dagrun for example_local_kubernetes_executor to None, run_after=None
[2025-03-04T14:31:11.335+0000] {processor.py:208} INFO - Processing /home/airflow/.local/lib/python3.12/site-packages/airflow/example_dags/example_local_kubernetes_executor.py took 0.089 seconds
