[2025-03-04T14:30:09.946+0000] {processor.py:186} INFO - Started process (PID=87) to work on /home/airflow/.local/lib/python3.12/site-packages/airflow/example_dags/example_branch_operator_decorator.py
[2025-03-04T14:30:09.948+0000] {processor.py:914} INFO - Processing file /home/airflow/.local/lib/python3.12/site-packages/airflow/example_dags/example_branch_operator_decorator.py for tasks to queue
[2025-03-04T14:30:09.952+0000] {logging_mixin.py:190} INFO - [2025-03-04T14:30:09.952+0000] {dagbag.py:588} INFO - Filling up the DagBag from /home/airflow/.local/lib/python3.12/site-packages/airflow/example_dags/example_branch_operator_decorator.py
[2025-03-04T14:30:10.003+0000] {processor.py:925} INFO - DAG(s) 'example_branch_python_operator_decorator' retrieved from /home/airflow/.local/lib/python3.12/site-packages/airflow/example_dags/example_branch_operator_decorator.py
[2025-03-04T14:30:10.233+0000] {logging_mixin.py:190} INFO - [2025-03-04T14:30:10.232+0000] {override.py:1912} INFO - Created Permission View: can delete on DAG:example_branch_python_operator_decorator
[2025-03-04T14:30:10.251+0000] {logging_mixin.py:190} INFO - [2025-03-04T14:30:10.251+0000] {override.py:1912} INFO - Created Permission View: can read on DAG:example_branch_python_operator_decorator
[2025-03-04T14:30:10.263+0000] {logging_mixin.py:190} INFO - [2025-03-04T14:30:10.262+0000] {override.py:1912} INFO - Created Permission View: can edit on DAG:example_branch_python_operator_decorator
[2025-03-04T14:30:10.276+0000] {logging_mixin.py:190} INFO - [2025-03-04T14:30:10.275+0000] {override.py:1912} INFO - Created Permission View: can delete on DAG Run:example_branch_python_operator_decorator
[2025-03-04T14:30:10.286+0000] {logging_mixin.py:190} INFO - [2025-03-04T14:30:10.286+0000] {override.py:1912} INFO - Created Permission View: menu access on DAG Run:example_branch_python_operator_decorator
[2025-03-04T14:30:10.298+0000] {logging_mixin.py:190} INFO - [2025-03-04T14:30:10.297+0000] {override.py:1912} INFO - Created Permission View: can read on DAG Run:example_branch_python_operator_decorator
[2025-03-04T14:30:10.309+0000] {logging_mixin.py:190} INFO - [2025-03-04T14:30:10.308+0000] {override.py:1912} INFO - Created Permission View: can create on DAG Run:example_branch_python_operator_decorator
[2025-03-04T14:30:10.310+0000] {logging_mixin.py:190} INFO - [2025-03-04T14:30:10.310+0000] {dag.py:3239} INFO - Sync 1 DAGs
[2025-03-04T14:30:10.333+0000] {logging_mixin.py:190} INFO - [2025-03-04T14:30:10.332+0000] {dag.py:3262} INFO - Creating ORM DAG for example_branch_python_operator_decorator
[2025-03-04T14:30:10.349+0000] {logging_mixin.py:190} INFO - [2025-03-04T14:30:10.349+0000] {dag.py:4180} INFO - Setting next_dagrun for example_branch_python_operator_decorator to 2025-03-03 00:00:00+00:00, run_after=2025-03-04 00:00:00+00:00
[2025-03-04T14:30:10.375+0000] {processor.py:208} INFO - Processing /home/airflow/.local/lib/python3.12/site-packages/airflow/example_dags/example_branch_operator_decorator.py took 0.440 seconds
[2025-03-04T14:30:41.270+0000] {processor.py:186} INFO - Started process (PID=150) to work on /home/airflow/.local/lib/python3.12/site-packages/airflow/example_dags/example_branch_operator_decorator.py
[2025-03-04T14:30:41.271+0000] {processor.py:914} INFO - Processing file /home/airflow/.local/lib/python3.12/site-packages/airflow/example_dags/example_branch_operator_decorator.py for tasks to queue
[2025-03-04T14:30:41.273+0000] {logging_mixin.py:190} INFO - [2025-03-04T14:30:41.273+0000] {dagbag.py:588} INFO - Filling up the DagBag from /home/airflow/.local/lib/python3.12/site-packages/airflow/example_dags/example_branch_operator_decorator.py
[2025-03-04T14:30:41.296+0000] {processor.py:925} INFO - DAG(s) 'example_branch_python_operator_decorator' retrieved from /home/airflow/.local/lib/python3.12/site-packages/airflow/example_dags/example_branch_operator_decorator.py
[2025-03-04T14:30:41.327+0000] {logging_mixin.py:190} INFO - [2025-03-04T14:30:41.326+0000] {dag.py:3239} INFO - Sync 1 DAGs
[2025-03-04T14:30:41.352+0000] {logging_mixin.py:190} INFO - [2025-03-04T14:30:41.352+0000] {dag.py:4180} INFO - Setting next_dagrun for example_branch_python_operator_decorator to 2025-03-03 00:00:00+00:00, run_after=2025-03-04 00:00:00+00:00
[2025-03-04T14:30:41.372+0000] {processor.py:208} INFO - Processing /home/airflow/.local/lib/python3.12/site-packages/airflow/example_dags/example_branch_operator_decorator.py took 0.108 seconds
[2025-03-04T14:31:12.399+0000] {processor.py:186} INFO - Started process (PID=213) to work on /home/airflow/.local/lib/python3.12/site-packages/airflow/example_dags/example_branch_operator_decorator.py
[2025-03-04T14:31:12.400+0000] {processor.py:914} INFO - Processing file /home/airflow/.local/lib/python3.12/site-packages/airflow/example_dags/example_branch_operator_decorator.py for tasks to queue
[2025-03-04T14:31:12.405+0000] {logging_mixin.py:190} INFO - [2025-03-04T14:31:12.404+0000] {dagbag.py:588} INFO - Filling up the DagBag from /home/airflow/.local/lib/python3.12/site-packages/airflow/example_dags/example_branch_operator_decorator.py
[2025-03-04T14:31:12.464+0000] {processor.py:925} INFO - DAG(s) 'example_branch_python_operator_decorator' retrieved from /home/airflow/.local/lib/python3.12/site-packages/airflow/example_dags/example_branch_operator_decorator.py
[2025-03-04T14:31:12.532+0000] {logging_mixin.py:190} INFO - [2025-03-04T14:31:12.531+0000] {dag.py:3239} INFO - Sync 1 DAGs
[2025-03-04T14:31:12.604+0000] {logging_mixin.py:190} INFO - [2025-03-04T14:31:12.604+0000] {dag.py:4180} INFO - Setting next_dagrun for example_branch_python_operator_decorator to 2025-03-03 00:00:00+00:00, run_after=2025-03-04 00:00:00+00:00
[2025-03-04T14:31:12.661+0000] {processor.py:208} INFO - Processing /home/airflow/.local/lib/python3.12/site-packages/airflow/example_dags/example_branch_operator_decorator.py took 0.273 seconds
