[2025-03-04T14:30:03.432+0000] {processor.py:186} INFO - Started process (PID=64) to work on /home/airflow/.local/lib/python3.12/site-packages/airflow/example_dags/tutorial_taskflow_api.py
[2025-03-04T14:30:03.434+0000] {processor.py:914} INFO - Processing file /home/airflow/.local/lib/python3.12/site-packages/airflow/example_dags/tutorial_taskflow_api.py for tasks to queue
[2025-03-04T14:30:03.438+0000] {logging_mixin.py:190} INFO - [2025-03-04T14:30:03.438+0000] {dagbag.py:588} INFO - Filling up the DagBag from /home/airflow/.local/lib/python3.12/site-packages/airflow/example_dags/tutorial_taskflow_api.py
[2025-03-04T14:30:03.460+0000] {processor.py:925} INFO - DAG(s) 'tutorial_taskflow_api' retrieved from /home/airflow/.local/lib/python3.12/site-packages/airflow/example_dags/tutorial_taskflow_api.py
[2025-03-04T14:30:03.670+0000] {logging_mixin.py:190} INFO - [2025-03-04T14:30:03.669+0000] {override.py:1912} INFO - Created Permission View: can delete on DAG:tutorial_taskflow_api
[2025-03-04T14:30:03.686+0000] {logging_mixin.py:190} INFO - [2025-03-04T14:30:03.686+0000] {override.py:1912} INFO - Created Permission View: can read on DAG:tutorial_taskflow_api
[2025-03-04T14:30:03.698+0000] {logging_mixin.py:190} INFO - [2025-03-04T14:30:03.698+0000] {override.py:1912} INFO - Created Permission View: can edit on DAG:tutorial_taskflow_api
[2025-03-04T14:30:03.710+0000] {logging_mixin.py:190} INFO - [2025-03-04T14:30:03.710+0000] {override.py:1912} INFO - Created Permission View: can delete on DAG Run:tutorial_taskflow_api
[2025-03-04T14:30:03.723+0000] {logging_mixin.py:190} INFO - [2025-03-04T14:30:03.722+0000] {override.py:1912} INFO - Created Permission View: menu access on DAG Run:tutorial_taskflow_api
[2025-03-04T14:30:03.735+0000] {logging_mixin.py:190} INFO - [2025-03-04T14:30:03.735+0000] {override.py:1912} INFO - Created Permission View: can read on DAG Run:tutorial_taskflow_api
[2025-03-04T14:30:03.747+0000] {logging_mixin.py:190} INFO - [2025-03-04T14:30:03.746+0000] {override.py:1912} INFO - Created Permission View: can create on DAG Run:tutorial_taskflow_api
[2025-03-04T14:30:03.748+0000] {logging_mixin.py:190} INFO - [2025-03-04T14:30:03.748+0000] {dag.py:3239} INFO - Sync 1 DAGs
[2025-03-04T14:30:03.778+0000] {logging_mixin.py:190} INFO - [2025-03-04T14:30:03.778+0000] {dag.py:3262} INFO - Creating ORM DAG for tutorial_taskflow_api
[2025-03-04T14:30:03.780+0000] {logging_mixin.py:190} INFO - [2025-03-04T14:30:03.779+0000] {dag.py:4180} INFO - Setting next_dagrun for tutorial_taskflow_api to None, run_after=None
[2025-03-04T14:30:03.811+0000] {processor.py:208} INFO - Processing /home/airflow/.local/lib/python3.12/site-packages/airflow/example_dags/tutorial_taskflow_api.py took 0.391 seconds
[2025-03-04T14:30:34.142+0000] {processor.py:186} INFO - Started process (PID=127) to work on /home/airflow/.local/lib/python3.12/site-packages/airflow/example_dags/tutorial_taskflow_api.py
[2025-03-04T14:30:34.144+0000] {processor.py:914} INFO - Processing file /home/airflow/.local/lib/python3.12/site-packages/airflow/example_dags/tutorial_taskflow_api.py for tasks to queue
[2025-03-04T14:30:34.149+0000] {logging_mixin.py:190} INFO - [2025-03-04T14:30:34.148+0000] {dagbag.py:588} INFO - Filling up the DagBag from /home/airflow/.local/lib/python3.12/site-packages/airflow/example_dags/tutorial_taskflow_api.py
[2025-03-04T14:30:34.164+0000] {processor.py:925} INFO - DAG(s) 'tutorial_taskflow_api' retrieved from /home/airflow/.local/lib/python3.12/site-packages/airflow/example_dags/tutorial_taskflow_api.py
[2025-03-04T14:30:34.198+0000] {logging_mixin.py:190} INFO - [2025-03-04T14:30:34.197+0000] {dag.py:3239} INFO - Sync 1 DAGs
[2025-03-04T14:30:34.222+0000] {logging_mixin.py:190} INFO - [2025-03-04T14:30:34.222+0000] {dag.py:4180} INFO - Setting next_dagrun for tutorial_taskflow_api to None, run_after=None
[2025-03-04T14:30:34.278+0000] {processor.py:208} INFO - Processing /home/airflow/.local/lib/python3.12/site-packages/airflow/example_dags/tutorial_taskflow_api.py took 0.146 seconds
[2025-03-04T14:31:04.683+0000] {processor.py:186} INFO - Started process (PID=190) to work on /home/airflow/.local/lib/python3.12/site-packages/airflow/example_dags/tutorial_taskflow_api.py
[2025-03-04T14:31:04.685+0000] {processor.py:914} INFO - Processing file /home/airflow/.local/lib/python3.12/site-packages/airflow/example_dags/tutorial_taskflow_api.py for tasks to queue
[2025-03-04T14:31:04.689+0000] {logging_mixin.py:190} INFO - [2025-03-04T14:31:04.688+0000] {dagbag.py:588} INFO - Filling up the DagBag from /home/airflow/.local/lib/python3.12/site-packages/airflow/example_dags/tutorial_taskflow_api.py
[2025-03-04T14:31:04.702+0000] {processor.py:925} INFO - DAG(s) 'tutorial_taskflow_api' retrieved from /home/airflow/.local/lib/python3.12/site-packages/airflow/example_dags/tutorial_taskflow_api.py
[2025-03-04T14:31:04.727+0000] {logging_mixin.py:190} INFO - [2025-03-04T14:31:04.727+0000] {dag.py:3239} INFO - Sync 1 DAGs
[2025-03-04T14:31:04.746+0000] {logging_mixin.py:190} INFO - [2025-03-04T14:31:04.746+0000] {dag.py:4180} INFO - Setting next_dagrun for tutorial_taskflow_api to None, run_after=None
[2025-03-04T14:31:04.777+0000] {processor.py:208} INFO - Processing /home/airflow/.local/lib/python3.12/site-packages/airflow/example_dags/tutorial_taskflow_api.py took 0.104 seconds
