[2025-03-04T14:30:07.887+0000] {processor.py:186} INFO - Started process (PID=77) to work on /home/airflow/.local/lib/python3.12/site-packages/airflow/example_dags/tutorial.py
[2025-03-04T14:30:07.889+0000] {processor.py:914} INFO - Processing file /home/airflow/.local/lib/python3.12/site-packages/airflow/example_dags/tutorial.py for tasks to queue
[2025-03-04T14:30:07.893+0000] {logging_mixin.py:190} INFO - [2025-03-04T14:30:07.892+0000] {dagbag.py:588} INFO - Filling up the DagBag from /home/airflow/.local/lib/python3.12/site-packages/airflow/example_dags/tutorial.py
[2025-03-04T14:30:07.910+0000] {processor.py:925} INFO - DAG(s) 'tutorial' retrieved from /home/airflow/.local/lib/python3.12/site-packages/airflow/example_dags/tutorial.py
[2025-03-04T14:30:08.097+0000] {logging_mixin.py:190} INFO - [2025-03-04T14:30:08.096+0000] {override.py:1912} INFO - Created Permission View: can delete on DAG:tutorial
[2025-03-04T14:30:08.114+0000] {logging_mixin.py:190} INFO - [2025-03-04T14:30:08.114+0000] {override.py:1912} INFO - Created Permission View: can read on DAG:tutorial
[2025-03-04T14:30:08.126+0000] {logging_mixin.py:190} INFO - [2025-03-04T14:30:08.126+0000] {override.py:1912} INFO - Created Permission View: can edit on DAG:tutorial
[2025-03-04T14:30:08.142+0000] {logging_mixin.py:190} INFO - [2025-03-04T14:30:08.141+0000] {override.py:1912} INFO - Created Permission View: can delete on DAG Run:tutorial
[2025-03-04T14:30:08.153+0000] {logging_mixin.py:190} INFO - [2025-03-04T14:30:08.152+0000] {override.py:1912} INFO - Created Permission View: menu access on DAG Run:tutorial
[2025-03-04T14:30:08.163+0000] {logging_mixin.py:190} INFO - [2025-03-04T14:30:08.163+0000] {override.py:1912} INFO - Created Permission View: can read on DAG Run:tutorial
[2025-03-04T14:30:08.174+0000] {logging_mixin.py:190} INFO - [2025-03-04T14:30:08.173+0000] {override.py:1912} INFO - Created Permission View: can create on DAG Run:tutorial
[2025-03-04T14:30:08.175+0000] {logging_mixin.py:190} INFO - [2025-03-04T14:30:08.174+0000] {dag.py:3239} INFO - Sync 1 DAGs
[2025-03-04T14:30:08.197+0000] {logging_mixin.py:190} INFO - [2025-03-04T14:30:08.197+0000] {dag.py:3262} INFO - Creating ORM DAG for tutorial
[2025-03-04T14:30:08.214+0000] {logging_mixin.py:190} INFO - [2025-03-04T14:30:08.213+0000] {dag.py:4180} INFO - Setting next_dagrun for tutorial to 2025-03-03 00:00:00+00:00, run_after=2025-03-04 00:00:00+00:00
[2025-03-04T14:30:08.241+0000] {processor.py:208} INFO - Processing /home/airflow/.local/lib/python3.12/site-packages/airflow/example_dags/tutorial.py took 0.363 seconds
[2025-03-04T14:30:38.569+0000] {processor.py:186} INFO - Started process (PID=140) to work on /home/airflow/.local/lib/python3.12/site-packages/airflow/example_dags/tutorial.py
[2025-03-04T14:30:38.570+0000] {processor.py:914} INFO - Processing file /home/airflow/.local/lib/python3.12/site-packages/airflow/example_dags/tutorial.py for tasks to queue
[2025-03-04T14:30:38.574+0000] {logging_mixin.py:190} INFO - [2025-03-04T14:30:38.573+0000] {dagbag.py:588} INFO - Filling up the DagBag from /home/airflow/.local/lib/python3.12/site-packages/airflow/example_dags/tutorial.py
[2025-03-04T14:30:38.587+0000] {processor.py:925} INFO - DAG(s) 'tutorial' retrieved from /home/airflow/.local/lib/python3.12/site-packages/airflow/example_dags/tutorial.py
[2025-03-04T14:30:38.615+0000] {logging_mixin.py:190} INFO - [2025-03-04T14:30:38.614+0000] {dag.py:3239} INFO - Sync 1 DAGs
[2025-03-04T14:30:38.650+0000] {logging_mixin.py:190} INFO - [2025-03-04T14:30:38.649+0000] {dag.py:4180} INFO - Setting next_dagrun for tutorial to 2025-03-03 00:00:00+00:00, run_after=2025-03-04 00:00:00+00:00
[2025-03-04T14:30:38.678+0000] {processor.py:208} INFO - Processing /home/airflow/.local/lib/python3.12/site-packages/airflow/example_dags/tutorial.py took 0.118 seconds
[2025-03-04T14:31:09.337+0000] {processor.py:186} INFO - Started process (PID=203) to work on /home/airflow/.local/lib/python3.12/site-packages/airflow/example_dags/tutorial.py
[2025-03-04T14:31:09.338+0000] {processor.py:914} INFO - Processing file /home/airflow/.local/lib/python3.12/site-packages/airflow/example_dags/tutorial.py for tasks to queue
[2025-03-04T14:31:09.341+0000] {logging_mixin.py:190} INFO - [2025-03-04T14:31:09.341+0000] {dagbag.py:588} INFO - Filling up the DagBag from /home/airflow/.local/lib/python3.12/site-packages/airflow/example_dags/tutorial.py
[2025-03-04T14:31:09.355+0000] {processor.py:925} INFO - DAG(s) 'tutorial' retrieved from /home/airflow/.local/lib/python3.12/site-packages/airflow/example_dags/tutorial.py
[2025-03-04T14:31:09.389+0000] {logging_mixin.py:190} INFO - [2025-03-04T14:31:09.388+0000] {dag.py:3239} INFO - Sync 1 DAGs
[2025-03-04T14:31:09.431+0000] {logging_mixin.py:190} INFO - [2025-03-04T14:31:09.430+0000] {dag.py:4180} INFO - Setting next_dagrun for tutorial to 2025-03-03 00:00:00+00:00, run_after=2025-03-04 00:00:00+00:00
[2025-03-04T14:31:09.472+0000] {processor.py:208} INFO - Processing /home/airflow/.local/lib/python3.12/site-packages/airflow/example_dags/tutorial.py took 0.143 seconds
