[2025-03-04T14:30:10.929+0000] {processor.py:186} INFO - Started process (PID=92) to work on /home/airflow/.local/lib/python3.12/site-packages/airflow/example_dags/tutorial_objectstorage.py
[2025-03-04T14:30:10.931+0000] {processor.py:914} INFO - Processing file /home/airflow/.local/lib/python3.12/site-packages/airflow/example_dags/tutorial_objectstorage.py for tasks to queue
[2025-03-04T14:30:10.937+0000] {logging_mixin.py:190} INFO - [2025-03-04T14:30:10.936+0000] {dagbag.py:588} INFO - Filling up the DagBag from /home/airflow/.local/lib/python3.12/site-packages/airflow/example_dags/tutorial_objectstorage.py
[2025-03-04T14:30:10.967+0000] {processor.py:925} INFO - DAG(s) 'tutorial_objectstorage' retrieved from /home/airflow/.local/lib/python3.12/site-packages/airflow/example_dags/tutorial_objectstorage.py
[2025-03-04T14:30:11.213+0000] {logging_mixin.py:190} INFO - [2025-03-04T14:30:11.212+0000] {override.py:1912} INFO - Created Permission View: can delete on DAG:tutorial_objectstorage
[2025-03-04T14:30:11.229+0000] {logging_mixin.py:190} INFO - [2025-03-04T14:30:11.229+0000] {override.py:1912} INFO - Created Permission View: can read on DAG:tutorial_objectstorage
[2025-03-04T14:30:11.240+0000] {logging_mixin.py:190} INFO - [2025-03-04T14:30:11.240+0000] {override.py:1912} INFO - Created Permission View: can edit on DAG:tutorial_objectstorage
[2025-03-04T14:30:11.253+0000] {logging_mixin.py:190} INFO - [2025-03-04T14:30:11.253+0000] {override.py:1912} INFO - Created Permission View: can delete on DAG Run:tutorial_objectstorage
[2025-03-04T14:30:11.270+0000] {logging_mixin.py:190} INFO - [2025-03-04T14:30:11.269+0000] {override.py:1912} INFO - Created Permission View: menu access on DAG Run:tutorial_objectstorage
[2025-03-04T14:30:11.283+0000] {logging_mixin.py:190} INFO - [2025-03-04T14:30:11.283+0000] {override.py:1912} INFO - Created Permission View: can read on DAG Run:tutorial_objectstorage
[2025-03-04T14:30:11.297+0000] {logging_mixin.py:190} INFO - [2025-03-04T14:30:11.296+0000] {override.py:1912} INFO - Created Permission View: can create on DAG Run:tutorial_objectstorage
[2025-03-04T14:30:11.298+0000] {logging_mixin.py:190} INFO - [2025-03-04T14:30:11.297+0000] {dag.py:3239} INFO - Sync 1 DAGs
[2025-03-04T14:30:11.321+0000] {logging_mixin.py:190} INFO - [2025-03-04T14:30:11.320+0000] {dag.py:3262} INFO - Creating ORM DAG for tutorial_objectstorage
[2025-03-04T14:30:11.322+0000] {logging_mixin.py:190} INFO - [2025-03-04T14:30:11.322+0000] {dag.py:4180} INFO - Setting next_dagrun for tutorial_objectstorage to None, run_after=None
[2025-03-04T14:30:11.350+0000] {processor.py:208} INFO - Processing /home/airflow/.local/lib/python3.12/site-packages/airflow/example_dags/tutorial_objectstorage.py took 0.434 seconds
[2025-03-04T14:30:41.653+0000] {processor.py:186} INFO - Started process (PID=155) to work on /home/airflow/.local/lib/python3.12/site-packages/airflow/example_dags/tutorial_objectstorage.py
[2025-03-04T14:30:41.654+0000] {processor.py:914} INFO - Processing file /home/airflow/.local/lib/python3.12/site-packages/airflow/example_dags/tutorial_objectstorage.py for tasks to queue
[2025-03-04T14:30:41.656+0000] {logging_mixin.py:190} INFO - [2025-03-04T14:30:41.656+0000] {dagbag.py:588} INFO - Filling up the DagBag from /home/airflow/.local/lib/python3.12/site-packages/airflow/example_dags/tutorial_objectstorage.py
[2025-03-04T14:30:41.665+0000] {processor.py:925} INFO - DAG(s) 'tutorial_objectstorage' retrieved from /home/airflow/.local/lib/python3.12/site-packages/airflow/example_dags/tutorial_objectstorage.py
[2025-03-04T14:30:41.684+0000] {logging_mixin.py:190} INFO - [2025-03-04T14:30:41.684+0000] {dag.py:3239} INFO - Sync 1 DAGs
[2025-03-04T14:30:41.698+0000] {logging_mixin.py:190} INFO - [2025-03-04T14:30:41.698+0000] {dag.py:4180} INFO - Setting next_dagrun for tutorial_objectstorage to None, run_after=None
[2025-03-04T14:30:41.721+0000] {processor.py:208} INFO - Processing /home/airflow/.local/lib/python3.12/site-packages/airflow/example_dags/tutorial_objectstorage.py took 0.073 seconds
