[2025-03-04T14:30:05.074+0000] {processor.py:186} INFO - Started process (PID=70) to work on /home/airflow/.local/lib/python3.12/site-packages/airflow/example_dags/tutorial_dag.py
[2025-03-04T14:30:05.075+0000] {processor.py:914} INFO - Processing file /home/airflow/.local/lib/python3.12/site-packages/airflow/example_dags/tutorial_dag.py for tasks to queue
[2025-03-04T14:30:05.079+0000] {logging_mixin.py:190} INFO - [2025-03-04T14:30:05.079+0000] {dagbag.py:588} INFO - Filling up the DagBag from /home/airflow/.local/lib/python3.12/site-packages/airflow/example_dags/tutorial_dag.py
[2025-03-04T14:30:05.089+0000] {processor.py:925} INFO - DAG(s) 'tutorial_dag' retrieved from /home/airflow/.local/lib/python3.12/site-packages/airflow/example_dags/tutorial_dag.py
[2025-03-04T14:30:05.256+0000] {logging_mixin.py:190} INFO - [2025-03-04T14:30:05.255+0000] {override.py:1912} INFO - Created Permission View: can delete on DAG:tutorial_dag
[2025-03-04T14:30:05.273+0000] {logging_mixin.py:190} INFO - [2025-03-04T14:30:05.272+0000] {override.py:1912} INFO - Created Permission View: can read on DAG:tutorial_dag
[2025-03-04T14:30:05.282+0000] {logging_mixin.py:190} INFO - [2025-03-04T14:30:05.282+0000] {override.py:1912} INFO - Created Permission View: can edit on DAG:tutorial_dag
[2025-03-04T14:30:05.295+0000] {logging_mixin.py:190} INFO - [2025-03-04T14:30:05.294+0000] {override.py:1912} INFO - Created Permission View: can delete on DAG Run:tutorial_dag
[2025-03-04T14:30:05.305+0000] {logging_mixin.py:190} INFO - [2025-03-04T14:30:05.304+0000] {override.py:1912} INFO - Created Permission View: menu access on DAG Run:tutorial_dag
[2025-03-04T14:30:05.315+0000] {logging_mixin.py:190} INFO - [2025-03-04T14:30:05.315+0000] {override.py:1912} INFO - Created Permission View: can read on DAG Run:tutorial_dag
[2025-03-04T14:30:05.325+0000] {logging_mixin.py:190} INFO - [2025-03-04T14:30:05.324+0000] {override.py:1912} INFO - Created Permission View: can create on DAG Run:tutorial_dag
[2025-03-04T14:30:05.325+0000] {logging_mixin.py:190} INFO - [2025-03-04T14:30:05.325+0000] {dag.py:3239} INFO - Sync 1 DAGs
[2025-03-04T14:30:05.346+0000] {logging_mixin.py:190} INFO - [2025-03-04T14:30:05.346+0000] {dag.py:3262} INFO - Creating ORM DAG for tutorial_dag
[2025-03-04T14:30:05.348+0000] {logging_mixin.py:190} INFO - [2025-03-04T14:30:05.347+0000] {dag.py:4180} INFO - Setting next_dagrun for tutorial_dag to None, run_after=None
[2025-03-04T14:30:05.377+0000] {processor.py:208} INFO - Processing /home/airflow/.local/lib/python3.12/site-packages/airflow/example_dags/tutorial_dag.py took 0.311 seconds
[2025-03-04T14:30:35.664+0000] {processor.py:186} INFO - Started process (PID=132) to work on /home/airflow/.local/lib/python3.12/site-packages/airflow/example_dags/tutorial_dag.py
[2025-03-04T14:30:35.666+0000] {processor.py:914} INFO - Processing file /home/airflow/.local/lib/python3.12/site-packages/airflow/example_dags/tutorial_dag.py for tasks to queue
[2025-03-04T14:30:35.669+0000] {logging_mixin.py:190} INFO - [2025-03-04T14:30:35.668+0000] {dagbag.py:588} INFO - Filling up the DagBag from /home/airflow/.local/lib/python3.12/site-packages/airflow/example_dags/tutorial_dag.py
[2025-03-04T14:30:35.677+0000] {processor.py:925} INFO - DAG(s) 'tutorial_dag' retrieved from /home/airflow/.local/lib/python3.12/site-packages/airflow/example_dags/tutorial_dag.py
[2025-03-04T14:30:35.700+0000] {logging_mixin.py:190} INFO - [2025-03-04T14:30:35.700+0000] {dag.py:3239} INFO - Sync 1 DAGs
[2025-03-04T14:30:35.719+0000] {logging_mixin.py:190} INFO - [2025-03-04T14:30:35.719+0000] {dag.py:4180} INFO - Setting next_dagrun for tutorial_dag to None, run_after=None
[2025-03-04T14:30:35.756+0000] {processor.py:208} INFO - Processing /home/airflow/.local/lib/python3.12/site-packages/airflow/example_dags/tutorial_dag.py took 0.099 seconds
[2025-03-04T14:31:06.342+0000] {processor.py:186} INFO - Started process (PID=195) to work on /home/airflow/.local/lib/python3.12/site-packages/airflow/example_dags/tutorial_dag.py
[2025-03-04T14:31:06.344+0000] {processor.py:914} INFO - Processing file /home/airflow/.local/lib/python3.12/site-packages/airflow/example_dags/tutorial_dag.py for tasks to queue
[2025-03-04T14:31:06.347+0000] {logging_mixin.py:190} INFO - [2025-03-04T14:31:06.346+0000] {dagbag.py:588} INFO - Filling up the DagBag from /home/airflow/.local/lib/python3.12/site-packages/airflow/example_dags/tutorial_dag.py
[2025-03-04T14:31:06.356+0000] {processor.py:925} INFO - DAG(s) 'tutorial_dag' retrieved from /home/airflow/.local/lib/python3.12/site-packages/airflow/example_dags/tutorial_dag.py
[2025-03-04T14:31:06.381+0000] {logging_mixin.py:190} INFO - [2025-03-04T14:31:06.380+0000] {dag.py:3239} INFO - Sync 1 DAGs
[2025-03-04T14:31:06.400+0000] {logging_mixin.py:190} INFO - [2025-03-04T14:31:06.400+0000] {dag.py:4180} INFO - Setting next_dagrun for tutorial_dag to None, run_after=None
[2025-03-04T14:31:06.430+0000] {processor.py:208} INFO - Processing /home/airflow/.local/lib/python3.12/site-packages/airflow/example_dags/tutorial_dag.py took 0.095 seconds
