[2025-03-04T14:30:02.373+0000] {processor.py:186} INFO - Started process (PID=59) to work on /home/airflow/.local/lib/python3.12/site-packages/airflow/example_dags/tutorial_taskflow_api_virtualenv.py
[2025-03-04T14:30:02.375+0000] {processor.py:914} INFO - Processing file /home/airflow/.local/lib/python3.12/site-packages/airflow/example_dags/tutorial_taskflow_api_virtualenv.py for tasks to queue
[2025-03-04T14:30:02.378+0000] {logging_mixin.py:190} INFO - [2025-03-04T14:30:02.378+0000] {dagbag.py:588} INFO - Filling up the DagBag from /home/airflow/.local/lib/python3.12/site-packages/airflow/example_dags/tutorial_taskflow_api_virtualenv.py
[2025-03-04T14:30:02.415+0000] {processor.py:925} INFO - DAG(s) 'tutorial_taskflow_api_virtualenv' retrieved from /home/airflow/.local/lib/python3.12/site-packages/airflow/example_dags/tutorial_taskflow_api_virtualenv.py
[2025-03-04T14:30:02.618+0000] {logging_mixin.py:190} INFO - [2025-03-04T14:30:02.617+0000] {override.py:1912} INFO - Created Permission View: can delete on DAG:tutorial_taskflow_api_virtualenv
[2025-03-04T14:30:02.632+0000] {logging_mixin.py:190} INFO - [2025-03-04T14:30:02.632+0000] {override.py:1912} INFO - Created Permission View: can read on DAG:tutorial_taskflow_api_virtualenv
[2025-03-04T14:30:02.643+0000] {logging_mixin.py:190} INFO - [2025-03-04T14:30:02.643+0000] {override.py:1912} INFO - Created Permission View: can edit on DAG:tutorial_taskflow_api_virtualenv
[2025-03-04T14:30:02.655+0000] {logging_mixin.py:190} INFO - [2025-03-04T14:30:02.654+0000] {override.py:1912} INFO - Created Permission View: can delete on DAG Run:tutorial_taskflow_api_virtualenv
[2025-03-04T14:30:02.665+0000] {logging_mixin.py:190} INFO - [2025-03-04T14:30:02.664+0000] {override.py:1912} INFO - Created Permission View: menu access on DAG Run:tutorial_taskflow_api_virtualenv
[2025-03-04T14:30:02.677+0000] {logging_mixin.py:190} INFO - [2025-03-04T14:30:02.676+0000] {override.py:1912} INFO - Created Permission View: can read on DAG Run:tutorial_taskflow_api_virtualenv
[2025-03-04T14:30:02.686+0000] {logging_mixin.py:190} INFO - [2025-03-04T14:30:02.686+0000] {override.py:1912} INFO - Created Permission View: can create on DAG Run:tutorial_taskflow_api_virtualenv
[2025-03-04T14:30:02.687+0000] {logging_mixin.py:190} INFO - [2025-03-04T14:30:02.687+0000] {dag.py:3239} INFO - Sync 1 DAGs
[2025-03-04T14:30:02.710+0000] {logging_mixin.py:190} INFO - [2025-03-04T14:30:02.709+0000] {dag.py:3262} INFO - Creating ORM DAG for tutorial_taskflow_api_virtualenv
[2025-03-04T14:30:02.711+0000] {logging_mixin.py:190} INFO - [2025-03-04T14:30:02.711+0000] {dag.py:4180} INFO - Setting next_dagrun for tutorial_taskflow_api_virtualenv to None, run_after=None
[2025-03-04T14:30:02.738+0000] {processor.py:208} INFO - Processing /home/airflow/.local/lib/python3.12/site-packages/airflow/example_dags/tutorial_taskflow_api_virtualenv.py took 0.375 seconds
[2025-03-04T14:30:33.160+0000] {processor.py:186} INFO - Started process (PID=122) to work on /home/airflow/.local/lib/python3.12/site-packages/airflow/example_dags/tutorial_taskflow_api_virtualenv.py
[2025-03-04T14:30:33.162+0000] {processor.py:914} INFO - Processing file /home/airflow/.local/lib/python3.12/site-packages/airflow/example_dags/tutorial_taskflow_api_virtualenv.py for tasks to queue
[2025-03-04T14:30:33.165+0000] {logging_mixin.py:190} INFO - [2025-03-04T14:30:33.165+0000] {dagbag.py:588} INFO - Filling up the DagBag from /home/airflow/.local/lib/python3.12/site-packages/airflow/example_dags/tutorial_taskflow_api_virtualenv.py
[2025-03-04T14:30:33.183+0000] {processor.py:925} INFO - DAG(s) 'tutorial_taskflow_api_virtualenv' retrieved from /home/airflow/.local/lib/python3.12/site-packages/airflow/example_dags/tutorial_taskflow_api_virtualenv.py
[2025-03-04T14:30:33.210+0000] {logging_mixin.py:190} INFO - [2025-03-04T14:30:33.210+0000] {dag.py:3239} INFO - Sync 1 DAGs
[2025-03-04T14:30:33.232+0000] {logging_mixin.py:190} INFO - [2025-03-04T14:30:33.232+0000] {dag.py:4180} INFO - Setting next_dagrun for tutorial_taskflow_api_virtualenv to None, run_after=None
[2025-03-04T14:30:33.259+0000] {processor.py:208} INFO - Processing /home/airflow/.local/lib/python3.12/site-packages/airflow/example_dags/tutorial_taskflow_api_virtualenv.py took 0.107 seconds
[2025-03-04T14:31:03.694+0000] {processor.py:186} INFO - Started process (PID=184) to work on /home/airflow/.local/lib/python3.12/site-packages/airflow/example_dags/tutorial_taskflow_api_virtualenv.py
[2025-03-04T14:31:03.695+0000] {processor.py:914} INFO - Processing file /home/airflow/.local/lib/python3.12/site-packages/airflow/example_dags/tutorial_taskflow_api_virtualenv.py for tasks to queue
[2025-03-04T14:31:03.697+0000] {logging_mixin.py:190} INFO - [2025-03-04T14:31:03.697+0000] {dagbag.py:588} INFO - Filling up the DagBag from /home/airflow/.local/lib/python3.12/site-packages/airflow/example_dags/tutorial_taskflow_api_virtualenv.py
[2025-03-04T14:31:03.713+0000] {processor.py:925} INFO - DAG(s) 'tutorial_taskflow_api_virtualenv' retrieved from /home/airflow/.local/lib/python3.12/site-packages/airflow/example_dags/tutorial_taskflow_api_virtualenv.py
[2025-03-04T14:31:03.742+0000] {logging_mixin.py:190} INFO - [2025-03-04T14:31:03.742+0000] {dag.py:3239} INFO - Sync 1 DAGs
[2025-03-04T14:31:03.762+0000] {logging_mixin.py:190} INFO - [2025-03-04T14:31:03.762+0000] {dag.py:4180} INFO - Setting next_dagrun for tutorial_taskflow_api_virtualenv to None, run_after=None
[2025-03-04T14:31:03.786+0000] {processor.py:208} INFO - Processing /home/airflow/.local/lib/python3.12/site-packages/airflow/example_dags/tutorial_taskflow_api_virtualenv.py took 0.099 seconds
