[2025-03-10T09:51:53.267+0000] {manager.py:483} INFO - Processing files using up to 2 processes at a time 
[2025-03-10T09:51:53.268+0000] {manager.py:484} INFO - Process each file at most once every 30 seconds
[2025-03-10T09:51:53.268+0000] {manager.py:485} INFO - Checking for new files in /opt/airflow/dags every 300 seconds
[2025-03-10T09:51:53.269+0000] {manager.py:821} INFO - Searching for files in /opt/airflow/dags
[2025-03-10T09:51:53.327+0000] {manager.py:824} INFO - There are 1 files in /opt/airflow/dags
[2025-03-10T09:51:53.405+0000] {manager.py:997} INFO - 
================================================================================
DAG File Processing Stats

File Path                                    PID  Runtime      # DAGs    # Errors  Last Runtime    Last Run      Last # of DB Queries
-----------------------------------------  -----  ---------  --------  ----------  --------------  ----------  ----------------------
/opt/airflow/dags/crawl_categories_dag.py    180  0.02s             0           0                                                   0
================================================================================
[2025-03-10T09:52:24.640+0000] {manager.py:997} INFO - 
================================================================================
DAG File Processing Stats

File Path                                  PID    Runtime      # DAGs    # Errors  Last Runtime    Last Run               Last # of DB Queries
-----------------------------------------  -----  ---------  --------  ----------  --------------  -------------------  ----------------------
/opt/airflow/dags/crawl_categories_dag.py                           1           0  1.46s           2025-03-10T09:51:54                      45
================================================================================
[2025-03-10T09:52:56.223+0000] {manager.py:997} INFO - 
================================================================================
DAG File Processing Stats

File Path                                  PID    Runtime      # DAGs    # Errors  Last Runtime    Last Run               Last # of DB Queries
-----------------------------------------  -----  ---------  --------  ----------  --------------  -------------------  ----------------------
/opt/airflow/dags/crawl_categories_dag.py                           1           0  0.42s           2025-03-10T09:52:56                      12
================================================================================
[2025-03-10T09:53:27.588+0000] {manager.py:997} INFO - 
================================================================================
DAG File Processing Stats

File Path                                  PID    Runtime      # DAGs    # Errors  Last Runtime    Last Run               Last # of DB Queries
-----------------------------------------  -----  ---------  --------  ----------  --------------  -------------------  ----------------------
/opt/airflow/dags/crawl_categories_dag.py                           1           0  0.42s           2025-03-10T09:53:26                      12
================================================================================
[2025-03-10T09:53:58.759+0000] {manager.py:997} INFO - 
================================================================================
DAG File Processing Stats

File Path                                  PID    Runtime      # DAGs    # Errors  Last Runtime    Last Run               Last # of DB Queries
-----------------------------------------  -----  ---------  --------  ----------  --------------  -------------------  ----------------------
/opt/airflow/dags/crawl_categories_dag.py                           1           0  0.45s           2025-03-10T09:53:57                      12
================================================================================
[2025-03-10T09:54:30.102+0000] {manager.py:997} INFO - 
================================================================================
DAG File Processing Stats

File Path                                  PID    Runtime      # DAGs    # Errors  Last Runtime    Last Run               Last # of DB Queries
-----------------------------------------  -----  ---------  --------  ----------  --------------  -------------------  ----------------------
/opt/airflow/dags/crawl_categories_dag.py                           1           0  0.45s           2025-03-10T09:54:28                      12
================================================================================
[2025-03-10T09:55:01.368+0000] {manager.py:997} INFO - 
================================================================================
DAG File Processing Stats

File Path                                  PID    Runtime      # DAGs    # Errors  Last Runtime    Last Run               Last # of DB Queries
-----------------------------------------  -----  ---------  --------  ----------  --------------  -------------------  ----------------------
/opt/airflow/dags/crawl_categories_dag.py                           1           0  0.41s           2025-03-10T09:54:59                      12
================================================================================
[2025-03-10T09:55:32.684+0000] {manager.py:997} INFO - 
================================================================================
DAG File Processing Stats

File Path                                  PID    Runtime      # DAGs    # Errors  Last Runtime    Last Run               Last # of DB Queries
-----------------------------------------  -----  ---------  --------  ----------  --------------  -------------------  ----------------------
/opt/airflow/dags/crawl_categories_dag.py                           1           0  0.40s           2025-03-10T09:55:30                      12
================================================================================
[2025-03-10T09:56:04.387+0000] {manager.py:997} INFO - 
================================================================================
DAG File Processing Stats

File Path                                  PID    Runtime      # DAGs    # Errors  Last Runtime    Last Run               Last # of DB Queries
-----------------------------------------  -----  ---------  --------  ----------  --------------  -------------------  ----------------------
/opt/airflow/dags/crawl_categories_dag.py                           1           0  0.38s           2025-03-10T09:56:00                      12
================================================================================
[2025-03-10T09:56:36.150+0000] {manager.py:997} INFO - 
================================================================================
DAG File Processing Stats

File Path                                  PID    Runtime      # DAGs    # Errors  Last Runtime    Last Run               Last # of DB Queries
-----------------------------------------  -----  ---------  --------  ----------  --------------  -------------------  ----------------------
/opt/airflow/dags/crawl_categories_dag.py                           1           0  0.45s           2025-03-10T09:56:32                      12
================================================================================
[2025-03-10T09:56:53.316+0000] {manager.py:821} INFO - Searching for files in /opt/airflow/dags
[2025-03-10T09:56:53.347+0000] {manager.py:824} INFO - There are 1 files in /opt/airflow/dags
[2025-03-10T09:57:07.690+0000] {manager.py:997} INFO - 
================================================================================
DAG File Processing Stats

File Path                                  PID    Runtime      # DAGs    # Errors  Last Runtime    Last Run               Last # of DB Queries
-----------------------------------------  -----  ---------  --------  ----------  --------------  -------------------  ----------------------
/opt/airflow/dags/crawl_categories_dag.py                           1           0  0.42s           2025-03-10T09:57:03                      12
================================================================================
[2025-03-10T09:57:39.387+0000] {manager.py:997} INFO - 
================================================================================
DAG File Processing Stats

File Path                                  PID    Runtime      # DAGs    # Errors  Last Runtime    Last Run               Last # of DB Queries
-----------------------------------------  -----  ---------  --------  ----------  --------------  -------------------  ----------------------
/opt/airflow/dags/crawl_categories_dag.py                           1           0  0.42s           2025-03-10T09:57:34                      12
================================================================================
[2025-03-10T09:58:10.660+0000] {manager.py:997} INFO - 
================================================================================
DAG File Processing Stats

File Path                                  PID    Runtime      # DAGs    # Errors  Last Runtime    Last Run               Last # of DB Queries
-----------------------------------------  -----  ---------  --------  ----------  --------------  -------------------  ----------------------
/opt/airflow/dags/crawl_categories_dag.py                           1           0  0.40s           2025-03-10T09:58:06                      12
================================================================================
[2025-03-10T09:58:42.476+0000] {manager.py:997} INFO - 
================================================================================
DAG File Processing Stats

File Path                                  PID    Runtime      # DAGs    # Errors  Last Runtime    Last Run               Last # of DB Queries
-----------------------------------------  -----  ---------  --------  ----------  --------------  -------------------  ----------------------
/opt/airflow/dags/crawl_categories_dag.py                           1           0  0.42s           2025-03-10T09:58:30                      12
================================================================================
[2025-03-10T09:59:13.985+0000] {manager.py:997} INFO - 
================================================================================
DAG File Processing Stats

File Path                                  PID    Runtime      # DAGs    # Errors  Last Runtime    Last Run               Last # of DB Queries
-----------------------------------------  -----  ---------  --------  ----------  --------------  -------------------  ----------------------
/opt/airflow/dags/crawl_categories_dag.py                           1           0  0.43s           2025-03-10T09:58:44                      12
================================================================================
[2025-03-10T09:59:45.124+0000] {manager.py:997} INFO - 
================================================================================
DAG File Processing Stats

File Path                                  PID    Runtime      # DAGs    # Errors  Last Runtime    Last Run               Last # of DB Queries
-----------------------------------------  -----  ---------  --------  ----------  --------------  -------------------  ----------------------
/opt/airflow/dags/crawl_categories_dag.py                           1           0  0.45s           2025-03-10T09:59:40                      12
================================================================================
[2025-03-10T10:00:16.407+0000] {manager.py:997} INFO - 
================================================================================
DAG File Processing Stats

File Path                                  PID    Runtime      # DAGs    # Errors  Last Runtime    Last Run               Last # of DB Queries
-----------------------------------------  -----  ---------  --------  ----------  --------------  -------------------  ----------------------
/opt/airflow/dags/crawl_categories_dag.py                           1           0  0.46s           2025-03-10T10:00:05                      12
================================================================================
[2025-03-10T10:00:48.525+0000] {manager.py:997} INFO - 
================================================================================
DAG File Processing Stats

File Path                                  PID    Runtime      # DAGs    # Errors  Last Runtime    Last Run               Last # of DB Queries
-----------------------------------------  -----  ---------  --------  ----------  --------------  -------------------  ----------------------
/opt/airflow/dags/crawl_categories_dag.py                           1           0  0.36s           2025-03-10T10:00:36                      12
================================================================================
[2025-03-10T10:01:20.259+0000] {manager.py:997} INFO - 
================================================================================
DAG File Processing Stats

File Path                                  PID    Runtime      # DAGs    # Errors  Last Runtime    Last Run               Last # of DB Queries
-----------------------------------------  -----  ---------  --------  ----------  --------------  -------------------  ----------------------
/opt/airflow/dags/crawl_categories_dag.py                           1           0  0.39s           2025-03-10T10:01:07                      12
================================================================================
[2025-03-10T10:01:51.654+0000] {manager.py:997} INFO - 
================================================================================
DAG File Processing Stats

File Path                                  PID    Runtime      # DAGs    # Errors  Last Runtime    Last Run               Last # of DB Queries
-----------------------------------------  -----  ---------  --------  ----------  --------------  -------------------  ----------------------
/opt/airflow/dags/crawl_categories_dag.py                           1           0  0.41s           2025-03-10T10:01:22                      12
================================================================================
[2025-03-10T10:01:53.470+0000] {manager.py:821} INFO - Searching for files in /opt/airflow/dags
[2025-03-10T10:01:53.491+0000] {manager.py:824} INFO - There are 1 files in /opt/airflow/dags
[2025-03-10T10:02:23.568+0000] {manager.py:997} INFO - 
================================================================================
DAG File Processing Stats

File Path                                    PID  Runtime      # DAGs    # Errors  Last Runtime    Last Run               Last # of DB Queries
-----------------------------------------  -----  ---------  --------  ----------  --------------  -------------------  ----------------------
/opt/airflow/dags/crawl_categories_dag.py    334  0.00s             1           0  0.38s           2025-03-10T10:01:53                      12
================================================================================
[2025-03-10T10:02:55.688+0000] {manager.py:997} INFO - 
================================================================================
DAG File Processing Stats

File Path                                  PID    Runtime      # DAGs    # Errors  Last Runtime    Last Run               Last # of DB Queries
-----------------------------------------  -----  ---------  --------  ----------  --------------  -------------------  ----------------------
/opt/airflow/dags/crawl_categories_dag.py                           1           0  0.49s           2025-03-10T10:02:54                      12
================================================================================
[2025-03-10T10:03:27.141+0000] {manager.py:997} INFO - 
================================================================================
DAG File Processing Stats

File Path                                  PID    Runtime      # DAGs    # Errors  Last Runtime    Last Run               Last # of DB Queries
-----------------------------------------  -----  ---------  --------  ----------  --------------  -------------------  ----------------------
/opt/airflow/dags/crawl_categories_dag.py                           1           0  0.41s           2025-03-10T10:03:25                      12
================================================================================
[2025-03-10T10:03:58.956+0000] {manager.py:997} INFO - 
================================================================================
DAG File Processing Stats

File Path                                  PID    Runtime      # DAGs    # Errors  Last Runtime    Last Run               Last # of DB Queries
-----------------------------------------  -----  ---------  --------  ----------  --------------  -------------------  ----------------------
/opt/airflow/dags/crawl_categories_dag.py                           1           0  0.28s           2025-03-10T10:03:55                      12
================================================================================
[2025-03-10T10:04:30.570+0000] {manager.py:997} INFO - 
================================================================================
DAG File Processing Stats

File Path                                  PID    Runtime      # DAGs    # Errors  Last Runtime    Last Run               Last # of DB Queries
-----------------------------------------  -----  ---------  --------  ----------  --------------  -------------------  ----------------------
/opt/airflow/dags/crawl_categories_dag.py                           1           0  0.30s           2025-03-10T10:04:26                      12
================================================================================
[2025-03-10T10:05:02.443+0000] {manager.py:997} INFO - 
================================================================================
DAG File Processing Stats

File Path                                  PID    Runtime      # DAGs    # Errors  Last Runtime    Last Run               Last # of DB Queries
-----------------------------------------  -----  ---------  --------  ----------  --------------  -------------------  ----------------------
/opt/airflow/dags/crawl_categories_dag.py                           1           0  0.29s           2025-03-10T10:04:57                      12
================================================================================
[2025-03-10T10:05:33.943+0000] {manager.py:997} INFO - 
================================================================================
DAG File Processing Stats

File Path                                  PID    Runtime      # DAGs    # Errors  Last Runtime    Last Run               Last # of DB Queries
-----------------------------------------  -----  ---------  --------  ----------  --------------  -------------------  ----------------------
/opt/airflow/dags/crawl_categories_dag.py                           1           0  0.29s           2025-03-10T10:05:28                      12
================================================================================
[2025-03-10T10:06:05.432+0000] {manager.py:997} INFO - 
================================================================================
DAG File Processing Stats

File Path                                  PID    Runtime      # DAGs    # Errors  Last Runtime    Last Run               Last # of DB Queries
-----------------------------------------  -----  ---------  --------  ----------  --------------  -------------------  ----------------------
/opt/airflow/dags/crawl_categories_dag.py                           1           0  0.27s           2025-03-10T10:05:58                      12
================================================================================
[2025-03-10T10:06:37.283+0000] {manager.py:997} INFO - 
================================================================================
DAG File Processing Stats

File Path                                  PID    Runtime      # DAGs    # Errors  Last Runtime    Last Run               Last # of DB Queries
-----------------------------------------  -----  ---------  --------  ----------  --------------  -------------------  ----------------------
/opt/airflow/dags/crawl_categories_dag.py                           1           0  0.29s           2025-03-10T10:06:29                      12
================================================================================
[2025-03-10T10:06:54.370+0000] {manager.py:821} INFO - Searching for files in /opt/airflow/dags
[2025-03-10T10:06:54.393+0000] {manager.py:824} INFO - There are 1 files in /opt/airflow/dags
[2025-03-10T10:07:08.923+0000] {manager.py:997} INFO - 
================================================================================
DAG File Processing Stats

File Path                                  PID    Runtime      # DAGs    # Errors  Last Runtime    Last Run               Last # of DB Queries
-----------------------------------------  -----  ---------  --------  ----------  --------------  -------------------  ----------------------
/opt/airflow/dags/crawl_categories_dag.py                           1           0  0.29s           2025-03-10T10:07:00                      12
================================================================================
[2025-03-10T10:07:40.694+0000] {manager.py:997} INFO - 
================================================================================
DAG File Processing Stats

File Path                                  PID    Runtime      # DAGs    # Errors  Last Runtime    Last Run               Last # of DB Queries
-----------------------------------------  -----  ---------  --------  ----------  --------------  -------------------  ----------------------
/opt/airflow/dags/crawl_categories_dag.py                           1           0  0.30s           2025-03-10T10:07:30                      12
================================================================================
[2025-03-10T10:08:12.250+0000] {manager.py:997} INFO - 
================================================================================
DAG File Processing Stats

File Path                                  PID    Runtime      # DAGs    # Errors  Last Runtime    Last Run               Last # of DB Queries
-----------------------------------------  -----  ---------  --------  ----------  --------------  -------------------  ----------------------
/opt/airflow/dags/crawl_categories_dag.py                           1           0  0.28s           2025-03-10T10:08:01                      12
================================================================================
[2025-03-10T10:08:44.056+0000] {manager.py:997} INFO - 
================================================================================
DAG File Processing Stats

File Path                                  PID    Runtime      # DAGs    # Errors  Last Runtime    Last Run               Last # of DB Queries
-----------------------------------------  -----  ---------  --------  ----------  --------------  -------------------  ----------------------
/opt/airflow/dags/crawl_categories_dag.py                           1           0  0.29s           2025-03-10T10:08:32                      12
================================================================================
[2025-03-10T10:09:15.678+0000] {manager.py:997} INFO - 
================================================================================
DAG File Processing Stats

File Path                                  PID    Runtime      # DAGs    # Errors  Last Runtime    Last Run               Last # of DB Queries
-----------------------------------------  -----  ---------  --------  ----------  --------------  -------------------  ----------------------
/opt/airflow/dags/crawl_categories_dag.py                           1           0  0.34s           2025-03-10T10:09:03                      12
================================================================================
[2025-03-10T10:09:47.562+0000] {manager.py:997} INFO - 
================================================================================
DAG File Processing Stats

File Path                                  PID    Runtime      # DAGs    # Errors  Last Runtime    Last Run               Last # of DB Queries
-----------------------------------------  -----  ---------  --------  ----------  --------------  -------------------  ----------------------
/opt/airflow/dags/crawl_categories_dag.py                           1           0  0.33s           2025-03-10T10:09:34                      12
================================================================================
[2025-03-10T10:10:19.124+0000] {manager.py:997} INFO - 
================================================================================
DAG File Processing Stats

File Path                                  PID    Runtime      # DAGs    # Errors  Last Runtime    Last Run               Last # of DB Queries
-----------------------------------------  -----  ---------  --------  ----------  --------------  -------------------  ----------------------
/opt/airflow/dags/crawl_categories_dag.py                           1           0  0.28s           2025-03-10T10:10:06                      12
================================================================================
[2025-03-10T10:10:51.074+0000] {manager.py:997} INFO - 
================================================================================
DAG File Processing Stats

File Path                                  PID    Runtime      # DAGs    # Errors  Last Runtime    Last Run               Last # of DB Queries
-----------------------------------------  -----  ---------  --------  ----------  --------------  -------------------  ----------------------
/opt/airflow/dags/crawl_categories_dag.py                           1           0  0.29s           2025-03-10T10:10:38                      12
================================================================================
[2025-03-10T10:11:22.702+0000] {manager.py:997} INFO - 
================================================================================
DAG File Processing Stats

File Path                                  PID    Runtime      # DAGs    # Errors  Last Runtime    Last Run               Last # of DB Queries
-----------------------------------------  -----  ---------  --------  ----------  --------------  -------------------  ----------------------
/opt/airflow/dags/crawl_categories_dag.py                           1           0  0.32s           2025-03-10T10:11:09                      12
================================================================================
[2025-03-10T10:11:54.282+0000] {manager.py:997} INFO - 
================================================================================
DAG File Processing Stats

File Path                                  PID    Runtime      # DAGs    # Errors  Last Runtime    Last Run               Last # of DB Queries
-----------------------------------------  -----  ---------  --------  ----------  --------------  -------------------  ----------------------
/opt/airflow/dags/crawl_categories_dag.py                           1           0  0.30s           2025-03-10T10:11:40                      12
================================================================================
[2025-03-10T10:11:54.560+0000] {manager.py:821} INFO - Searching for files in /opt/airflow/dags
[2025-03-10T10:11:54.586+0000] {manager.py:824} INFO - There are 1 files in /opt/airflow/dags
[2025-03-10T10:12:26.138+0000] {manager.py:997} INFO - 
================================================================================
DAG File Processing Stats

File Path                                  PID    Runtime      # DAGs    # Errors  Last Runtime    Last Run               Last # of DB Queries
-----------------------------------------  -----  ---------  --------  ----------  --------------  -------------------  ----------------------
/opt/airflow/dags/crawl_categories_dag.py                           1           0  0.34s           2025-03-10T10:12:12                      12
================================================================================
[2025-03-10T10:12:57.768+0000] {manager.py:997} INFO - 
================================================================================
DAG File Processing Stats

File Path                                  PID    Runtime      # DAGs    # Errors  Last Runtime    Last Run               Last # of DB Queries
-----------------------------------------  -----  ---------  --------  ----------  --------------  -------------------  ----------------------
/opt/airflow/dags/crawl_categories_dag.py                           1           0  0.26s           2025-03-10T10:12:43                      12
================================================================================
[2025-03-10T10:13:29.613+0000] {manager.py:997} INFO - 
================================================================================
DAG File Processing Stats

File Path                                  PID    Runtime      # DAGs    # Errors  Last Runtime    Last Run               Last # of DB Queries
-----------------------------------------  -----  ---------  --------  ----------  --------------  -------------------  ----------------------
/opt/airflow/dags/crawl_categories_dag.py                           1           0  0.30s           2025-03-10T10:13:14                      12
================================================================================
[2025-03-10T10:14:01.520+0000] {manager.py:997} INFO - 
================================================================================
DAG File Processing Stats

File Path                                  PID    Runtime      # DAGs    # Errors  Last Runtime    Last Run               Last # of DB Queries
-----------------------------------------  -----  ---------  --------  ----------  --------------  -------------------  ----------------------
/opt/airflow/dags/crawl_categories_dag.py                           1           0  0.28s           2025-03-10T10:13:46                      12
================================================================================
[2025-03-10T10:14:33.130+0000] {manager.py:997} INFO - 
================================================================================
DAG File Processing Stats

File Path                                  PID    Runtime      # DAGs    # Errors  Last Runtime    Last Run               Last # of DB Queries
-----------------------------------------  -----  ---------  --------  ----------  --------------  -------------------  ----------------------
/opt/airflow/dags/crawl_categories_dag.py                           1           0  0.31s           2025-03-10T10:14:18                      12
================================================================================
[2025-03-10T10:15:05.102+0000] {manager.py:997} INFO - 
================================================================================
DAG File Processing Stats

File Path                                  PID    Runtime      # DAGs    # Errors  Last Runtime    Last Run               Last # of DB Queries
-----------------------------------------  -----  ---------  --------  ----------  --------------  -------------------  ----------------------
/opt/airflow/dags/crawl_categories_dag.py                           1           0  0.37s           2025-03-10T10:14:49                      12
================================================================================
[2025-03-10T10:15:36.690+0000] {manager.py:997} INFO - 
================================================================================
DAG File Processing Stats

File Path                                  PID    Runtime      # DAGs    # Errors  Last Runtime    Last Run               Last # of DB Queries
-----------------------------------------  -----  ---------  --------  ----------  --------------  -------------------  ----------------------
/opt/airflow/dags/crawl_categories_dag.py                           1           0  0.31s           2025-03-10T10:15:20                      12
================================================================================
[2025-03-10T10:16:08.381+0000] {manager.py:997} INFO - 
================================================================================
DAG File Processing Stats

File Path                                  PID    Runtime      # DAGs    # Errors  Last Runtime    Last Run               Last # of DB Queries
-----------------------------------------  -----  ---------  --------  ----------  --------------  -------------------  ----------------------
/opt/airflow/dags/crawl_categories_dag.py                           1           0  0.32s           2025-03-10T10:15:52                      12
================================================================================
[2025-03-10T10:16:40.316+0000] {manager.py:997} INFO - 
================================================================================
DAG File Processing Stats

File Path                                  PID    Runtime      # DAGs    # Errors  Last Runtime    Last Run               Last # of DB Queries
-----------------------------------------  -----  ---------  --------  ----------  --------------  -------------------  ----------------------
/opt/airflow/dags/crawl_categories_dag.py                           1           0  0.33s           2025-03-10T10:16:23                      12
================================================================================
[2025-03-10T10:16:54.922+0000] {manager.py:821} INFO - Searching for files in /opt/airflow/dags
[2025-03-10T10:16:54.950+0000] {manager.py:824} INFO - There are 1 files in /opt/airflow/dags
[2025-03-10T10:17:12.323+0000] {manager.py:997} INFO - 
================================================================================
DAG File Processing Stats

File Path                                  PID    Runtime      # DAGs    # Errors  Last Runtime    Last Run               Last # of DB Queries
-----------------------------------------  -----  ---------  --------  ----------  --------------  -------------------  ----------------------
/opt/airflow/dags/crawl_categories_dag.py                           1           0  0.36s           2025-03-10T10:16:55                      12
================================================================================
[2025-03-10T10:17:44.055+0000] {manager.py:997} INFO - 
================================================================================
DAG File Processing Stats

File Path                                  PID    Runtime      # DAGs    # Errors  Last Runtime    Last Run               Last # of DB Queries
-----------------------------------------  -----  ---------  --------  ----------  --------------  -------------------  ----------------------
/opt/airflow/dags/crawl_categories_dag.py                           1           0  0.36s           2025-03-10T10:17:27                      12
================================================================================
[2025-03-10T10:18:15.954+0000] {manager.py:997} INFO - 
================================================================================
DAG File Processing Stats

File Path                                  PID    Runtime      # DAGs    # Errors  Last Runtime    Last Run               Last # of DB Queries
-----------------------------------------  -----  ---------  --------  ----------  --------------  -------------------  ----------------------
/opt/airflow/dags/crawl_categories_dag.py                           1           0  0.39s           2025-03-10T10:17:57                      12
================================================================================
[2025-03-10T10:18:47.677+0000] {manager.py:997} INFO - 
================================================================================
DAG File Processing Stats

File Path                                  PID    Runtime      # DAGs    # Errors  Last Runtime    Last Run               Last # of DB Queries
-----------------------------------------  -----  ---------  --------  ----------  --------------  -------------------  ----------------------
/opt/airflow/dags/crawl_categories_dag.py                           1           0  0.37s           2025-03-10T10:18:29                      12
================================================================================
[2025-03-10T10:19:19.602+0000] {manager.py:997} INFO - 
================================================================================
DAG File Processing Stats

File Path                                  PID    Runtime      # DAGs    # Errors  Last Runtime    Last Run               Last # of DB Queries
-----------------------------------------  -----  ---------  --------  ----------  --------------  -------------------  ----------------------
/opt/airflow/dags/crawl_categories_dag.py                           1           0  0.35s           2025-03-10T10:19:00                      12
================================================================================
[2025-03-10T10:19:51.669+0000] {manager.py:997} INFO - 
================================================================================
DAG File Processing Stats

File Path                                  PID    Runtime      # DAGs    # Errors  Last Runtime    Last Run               Last # of DB Queries
-----------------------------------------  -----  ---------  --------  ----------  --------------  -------------------  ----------------------
/opt/airflow/dags/crawl_categories_dag.py                           1           0  0.34s           2025-03-10T10:19:32                      12
================================================================================
[2025-03-10T10:20:23.370+0000] {manager.py:997} INFO - 
================================================================================
DAG File Processing Stats

File Path                                  PID    Runtime      # DAGs    # Errors  Last Runtime    Last Run               Last # of DB Queries
-----------------------------------------  -----  ---------  --------  ----------  --------------  -------------------  ----------------------
/opt/airflow/dags/crawl_categories_dag.py                           1           0  0.49s           2025-03-10T10:20:04                      12
================================================================================
[2025-03-10T10:20:54.840+0000] {manager.py:997} INFO - 
================================================================================
DAG File Processing Stats

File Path                                  PID    Runtime      # DAGs    # Errors  Last Runtime    Last Run               Last # of DB Queries
-----------------------------------------  -----  ---------  --------  ----------  --------------  -------------------  ----------------------
/opt/airflow/dags/crawl_categories_dag.py                           1           0  0.37s           2025-03-10T10:20:35                      12
================================================================================
[2025-03-10T10:21:26.634+0000] {manager.py:997} INFO - 
================================================================================
DAG File Processing Stats

File Path                                  PID    Runtime      # DAGs    # Errors  Last Runtime    Last Run               Last # of DB Queries
-----------------------------------------  -----  ---------  --------  ----------  --------------  -------------------  ----------------------
/opt/airflow/dags/crawl_categories_dag.py                           1           0  0.47s           2025-03-10T10:21:07                      12
================================================================================
[2025-03-10T10:21:55.375+0000] {manager.py:821} INFO - Searching for files in /opt/airflow/dags
[2025-03-10T10:21:55.407+0000] {manager.py:824} INFO - There are 1 files in /opt/airflow/dags
[2025-03-10T10:21:58.435+0000] {manager.py:997} INFO - 
================================================================================
DAG File Processing Stats

File Path                                  PID    Runtime      # DAGs    # Errors  Last Runtime    Last Run               Last # of DB Queries
-----------------------------------------  -----  ---------  --------  ----------  --------------  -------------------  ----------------------
/opt/airflow/dags/crawl_categories_dag.py                           1           0  0.37s           2025-03-10T10:21:38                      12
================================================================================
[2025-03-10T10:22:30.345+0000] {manager.py:997} INFO - 
================================================================================
DAG File Processing Stats

File Path                                  PID    Runtime      # DAGs    # Errors  Last Runtime    Last Run               Last # of DB Queries
-----------------------------------------  -----  ---------  --------  ----------  --------------  -------------------  ----------------------
/opt/airflow/dags/crawl_categories_dag.py                           1           0  0.51s           2025-03-10T10:22:10                      12
================================================================================
[2025-03-10T10:23:02.290+0000] {manager.py:997} INFO - 
================================================================================
DAG File Processing Stats

File Path                                  PID    Runtime      # DAGs    # Errors  Last Runtime    Last Run               Last # of DB Queries
-----------------------------------------  -----  ---------  --------  ----------  --------------  -------------------  ----------------------
/opt/airflow/dags/crawl_categories_dag.py                           1           0  0.43s           2025-03-10T10:22:41                      12
================================================================================
[2025-03-10T10:23:34.615+0000] {manager.py:997} INFO - 
================================================================================
DAG File Processing Stats

File Path                                  PID    Runtime      # DAGs    # Errors  Last Runtime    Last Run               Last # of DB Queries
-----------------------------------------  -----  ---------  --------  ----------  --------------  -------------------  ----------------------
/opt/airflow/dags/crawl_categories_dag.py                           1           0  0.51s           2025-03-10T10:23:13                      12
================================================================================
[2025-03-10T10:24:06.360+0000] {manager.py:997} INFO - 
================================================================================
DAG File Processing Stats

File Path                                  PID    Runtime      # DAGs    # Errors  Last Runtime    Last Run               Last # of DB Queries
-----------------------------------------  -----  ---------  --------  ----------  --------------  -------------------  ----------------------
/opt/airflow/dags/crawl_categories_dag.py                           1           0  0.33s           2025-03-10T10:23:45                      12
================================================================================
[2025-03-10T10:24:38.407+0000] {manager.py:997} INFO - 
================================================================================
DAG File Processing Stats

File Path                                  PID    Runtime      # DAGs    # Errors  Last Runtime    Last Run               Last # of DB Queries
-----------------------------------------  -----  ---------  --------  ----------  --------------  -------------------  ----------------------
/opt/airflow/dags/crawl_categories_dag.py                           1           0  0.50s           2025-03-10T10:24:16                      12
================================================================================
[2025-03-10T10:25:10.301+0000] {manager.py:997} INFO - 
================================================================================
DAG File Processing Stats

File Path                                  PID    Runtime      # DAGs    # Errors  Last Runtime    Last Run               Last # of DB Queries
-----------------------------------------  -----  ---------  --------  ----------  --------------  -------------------  ----------------------
/opt/airflow/dags/crawl_categories_dag.py                           1           0  0.40s           2025-03-10T10:24:48                      12
================================================================================
[2025-03-10T10:25:42.295+0000] {manager.py:997} INFO - 
================================================================================
DAG File Processing Stats

File Path                                  PID    Runtime      # DAGs    # Errors  Last Runtime    Last Run               Last # of DB Queries
-----------------------------------------  -----  ---------  --------  ----------  --------------  -------------------  ----------------------
/opt/airflow/dags/crawl_categories_dag.py                           1           0  0.37s           2025-03-10T10:25:19                      12
================================================================================
[2025-03-10T10:26:14.212+0000] {manager.py:997} INFO - 
================================================================================
DAG File Processing Stats

File Path                                  PID    Runtime      # DAGs    # Errors  Last Runtime    Last Run               Last # of DB Queries
-----------------------------------------  -----  ---------  --------  ----------  --------------  -------------------  ----------------------
/opt/airflow/dags/crawl_categories_dag.py                           1           0  0.35s           2025-03-10T10:25:51                      12
================================================================================
[2025-03-10T10:26:46.108+0000] {manager.py:997} INFO - 
================================================================================
DAG File Processing Stats

File Path                                  PID    Runtime      # DAGs    # Errors  Last Runtime    Last Run               Last # of DB Queries
-----------------------------------------  -----  ---------  --------  ----------  --------------  -------------------  ----------------------
/opt/airflow/dags/crawl_categories_dag.py                           1           0  0.36s           2025-03-10T10:26:23                      12
================================================================================
[2025-03-10T10:26:55.883+0000] {manager.py:821} INFO - Searching for files in /opt/airflow/dags
[2025-03-10T10:26:55.939+0000] {manager.py:824} INFO - There are 1 files in /opt/airflow/dags
[2025-03-10T10:27:18.125+0000] {manager.py:997} INFO - 
================================================================================
DAG File Processing Stats

File Path                                  PID    Runtime      # DAGs    # Errors  Last Runtime    Last Run               Last # of DB Queries
-----------------------------------------  -----  ---------  --------  ----------  --------------  -------------------  ----------------------
/opt/airflow/dags/crawl_categories_dag.py                           1           0  0.38s           2025-03-10T10:26:54                      12
================================================================================
[2025-03-10T10:27:50.182+0000] {manager.py:997} INFO - 
================================================================================
DAG File Processing Stats

File Path                                  PID    Runtime      # DAGs    # Errors  Last Runtime    Last Run               Last # of DB Queries
-----------------------------------------  -----  ---------  --------  ----------  --------------  -------------------  ----------------------
/opt/airflow/dags/crawl_categories_dag.py                           1           0  0.49s           2025-03-10T10:27:26                      12
================================================================================
[2025-03-10T10:28:22.339+0000] {manager.py:997} INFO - 
================================================================================
DAG File Processing Stats

File Path                                  PID    Runtime      # DAGs    # Errors  Last Runtime    Last Run               Last # of DB Queries
-----------------------------------------  -----  ---------  --------  ----------  --------------  -------------------  ----------------------
/opt/airflow/dags/crawl_categories_dag.py                           1           0  0.36s           2025-03-10T10:27:57                      12
================================================================================
[2025-03-10T10:28:54.431+0000] {manager.py:997} INFO - 
================================================================================
DAG File Processing Stats

File Path                                  PID    Runtime      # DAGs    # Errors  Last Runtime    Last Run               Last # of DB Queries
-----------------------------------------  -----  ---------  --------  ----------  --------------  -------------------  ----------------------
/opt/airflow/dags/crawl_categories_dag.py                           1           0  0.41s           2025-03-10T10:28:29                      12
================================================================================
[2025-03-10T10:29:26.548+0000] {manager.py:997} INFO - 
================================================================================
DAG File Processing Stats

File Path                                  PID    Runtime      # DAGs    # Errors  Last Runtime    Last Run               Last # of DB Queries
-----------------------------------------  -----  ---------  --------  ----------  --------------  -------------------  ----------------------
/opt/airflow/dags/crawl_categories_dag.py                           1           0  0.50s           2025-03-10T10:29:00                      12
================================================================================
[2025-03-10T10:29:58.389+0000] {manager.py:997} INFO - 
================================================================================
DAG File Processing Stats

File Path                                  PID    Runtime      # DAGs    # Errors  Last Runtime    Last Run               Last # of DB Queries
-----------------------------------------  -----  ---------  --------  ----------  --------------  -------------------  ----------------------
/opt/airflow/dags/crawl_categories_dag.py                           1           0  0.35s           2025-03-10T10:29:32                      12
================================================================================
[2025-03-10T10:30:30.475+0000] {manager.py:997} INFO - 
================================================================================
DAG File Processing Stats

File Path                                  PID    Runtime      # DAGs    # Errors  Last Runtime    Last Run               Last # of DB Queries
-----------------------------------------  -----  ---------  --------  ----------  --------------  -------------------  ----------------------
/opt/airflow/dags/crawl_categories_dag.py                           1           0  0.33s           2025-03-10T10:30:04                      12
================================================================================
[2025-03-10T10:31:02.352+0000] {manager.py:997} INFO - 
================================================================================
DAG File Processing Stats

File Path                                  PID    Runtime      # DAGs    # Errors  Last Runtime    Last Run               Last # of DB Queries
-----------------------------------------  -----  ---------  --------  ----------  --------------  -------------------  ----------------------
/opt/airflow/dags/crawl_categories_dag.py                           1           0  0.38s           2025-03-10T10:30:35                      12
================================================================================
[2025-03-10T10:31:34.566+0000] {manager.py:997} INFO - 
================================================================================
DAG File Processing Stats

File Path                                  PID    Runtime      # DAGs    # Errors  Last Runtime    Last Run               Last # of DB Queries
-----------------------------------------  -----  ---------  --------  ----------  --------------  -------------------  ----------------------
/opt/airflow/dags/crawl_categories_dag.py                           1           0  0.34s           2025-03-10T10:31:07                      12
================================================================================
[2025-03-10T10:31:56.376+0000] {manager.py:821} INFO - Searching for files in /opt/airflow/dags
[2025-03-10T10:31:56.417+0000] {manager.py:824} INFO - There are 1 files in /opt/airflow/dags
[2025-03-10T10:32:06.495+0000] {manager.py:997} INFO - 
================================================================================
DAG File Processing Stats

File Path                                  PID    Runtime      # DAGs    # Errors  Last Runtime    Last Run               Last # of DB Queries
-----------------------------------------  -----  ---------  --------  ----------  --------------  -------------------  ----------------------
/opt/airflow/dags/crawl_categories_dag.py                           1           0  0.35s           2025-03-10T10:31:39                      12
================================================================================
[2025-03-10T10:32:38.569+0000] {manager.py:997} INFO - 
================================================================================
DAG File Processing Stats

File Path                                  PID    Runtime      # DAGs    # Errors  Last Runtime    Last Run               Last # of DB Queries
-----------------------------------------  -----  ---------  --------  ----------  --------------  -------------------  ----------------------
/opt/airflow/dags/crawl_categories_dag.py                           1           0  0.37s           2025-03-10T10:32:10                      12
================================================================================
[2025-03-10T10:33:10.441+0000] {manager.py:997} INFO - 
================================================================================
DAG File Processing Stats

File Path                                  PID    Runtime      # DAGs    # Errors  Last Runtime    Last Run               Last # of DB Queries
-----------------------------------------  -----  ---------  --------  ----------  --------------  -------------------  ----------------------
/opt/airflow/dags/crawl_categories_dag.py                           1           0  0.38s           2025-03-10T10:32:42                      12
================================================================================
[2025-03-10T10:33:42.626+0000] {manager.py:997} INFO - 
================================================================================
DAG File Processing Stats

File Path                                  PID    Runtime      # DAGs    # Errors  Last Runtime    Last Run               Last # of DB Queries
-----------------------------------------  -----  ---------  --------  ----------  --------------  -------------------  ----------------------
/opt/airflow/dags/crawl_categories_dag.py                           1           0  0.34s           2025-03-10T10:33:13                      12
================================================================================
[2025-03-10T10:34:15.461+0000] {manager.py:997} INFO - 
================================================================================
DAG File Processing Stats

File Path                                  PID    Runtime      # DAGs    # Errors  Last Runtime    Last Run               Last # of DB Queries
-----------------------------------------  -----  ---------  --------  ----------  --------------  -------------------  ----------------------
/opt/airflow/dags/crawl_categories_dag.py                           1           0  0.34s           2025-03-10T10:33:45                      12
================================================================================
[2025-03-10T10:34:48.304+0000] {manager.py:997} INFO - 
================================================================================
DAG File Processing Stats

File Path                                    PID  Runtime      # DAGs    # Errors  Last Runtime    Last Run               Last # of DB Queries
-----------------------------------------  -----  ---------  --------  ----------  --------------  -------------------  ----------------------
/opt/airflow/dags/crawl_categories_dag.py    706  0.00s             1           0  0.39s           2025-03-10T10:34:17                      12
================================================================================
[2025-03-10T10:35:20.495+0000] {manager.py:997} INFO - 
================================================================================
DAG File Processing Stats

File Path                                    PID  Runtime      # DAGs    # Errors  Last Runtime    Last Run               Last # of DB Queries
-----------------------------------------  -----  ---------  --------  ----------  --------------  -------------------  ----------------------
/opt/airflow/dags/crawl_categories_dag.py    712  0.00s             1           0  0.38s           2025-03-10T10:34:48                      12
================================================================================
[2025-03-10T10:35:52.732+0000] {manager.py:997} INFO - 
================================================================================
DAG File Processing Stats

File Path                                  PID    Runtime      # DAGs    # Errors  Last Runtime    Last Run               Last # of DB Queries
-----------------------------------------  -----  ---------  --------  ----------  --------------  -------------------  ----------------------
/opt/airflow/dags/crawl_categories_dag.py                           1           0  0.37s           2025-03-10T10:35:52                      12
================================================================================
[2025-03-10T10:36:24.509+0000] {manager.py:997} INFO - 
================================================================================
DAG File Processing Stats

File Path                                  PID    Runtime      # DAGs    # Errors  Last Runtime    Last Run               Last # of DB Queries
-----------------------------------------  -----  ---------  --------  ----------  --------------  -------------------  ----------------------
/opt/airflow/dags/crawl_categories_dag.py                           1           0  0.38s           2025-03-10T10:36:23                      12
================================================================================
[2025-03-10T10:36:56.696+0000] {manager.py:821} INFO - Searching for files in /opt/airflow/dags
[2025-03-10T10:36:56.767+0000] {manager.py:824} INFO - There are 1 files in /opt/airflow/dags
[2025-03-10T10:36:56.776+0000] {manager.py:997} INFO - 
================================================================================
DAG File Processing Stats

File Path                                  PID    Runtime      # DAGs    # Errors  Last Runtime    Last Run               Last # of DB Queries
-----------------------------------------  -----  ---------  --------  ----------  --------------  -------------------  ----------------------
/opt/airflow/dags/crawl_categories_dag.py                           1           0  0.38s           2025-03-10T10:36:55                      12
================================================================================
[2025-03-10T10:37:28.663+0000] {manager.py:997} INFO - 
================================================================================
DAG File Processing Stats

File Path                                  PID    Runtime      # DAGs    # Errors  Last Runtime    Last Run               Last # of DB Queries
-----------------------------------------  -----  ---------  --------  ----------  --------------  -------------------  ----------------------
/opt/airflow/dags/crawl_categories_dag.py                           1           0  0.36s           2025-03-10T10:37:26                      12
================================================================================
[2025-03-10T10:38:00.887+0000] {manager.py:997} INFO - 
================================================================================
DAG File Processing Stats

File Path                                  PID    Runtime      # DAGs    # Errors  Last Runtime    Last Run               Last # of DB Queries
-----------------------------------------  -----  ---------  --------  ----------  --------------  -------------------  ----------------------
/opt/airflow/dags/crawl_categories_dag.py                           1           0  0.41s           2025-03-10T10:37:58                      12
================================================================================
[2025-03-10T10:38:32.761+0000] {manager.py:997} INFO - 
================================================================================
DAG File Processing Stats

File Path                                  PID    Runtime      # DAGs    # Errors  Last Runtime    Last Run               Last # of DB Queries
-----------------------------------------  -----  ---------  --------  ----------  --------------  -------------------  ----------------------
/opt/airflow/dags/crawl_categories_dag.py                           1           0  0.35s           2025-03-10T10:38:30                      12
================================================================================
[2025-03-10T10:39:04.909+0000] {manager.py:997} INFO - 
================================================================================
DAG File Processing Stats

File Path                                  PID    Runtime      # DAGs    # Errors  Last Runtime    Last Run               Last # of DB Queries
-----------------------------------------  -----  ---------  --------  ----------  --------------  -------------------  ----------------------
/opt/airflow/dags/crawl_categories_dag.py                           1           0  0.37s           2025-03-10T10:39:01                      12
================================================================================
[2025-03-10T10:39:36.806+0000] {manager.py:997} INFO - 
================================================================================
DAG File Processing Stats

File Path                                  PID    Runtime      # DAGs    # Errors  Last Runtime    Last Run               Last # of DB Queries
-----------------------------------------  -----  ---------  --------  ----------  --------------  -------------------  ----------------------
/opt/airflow/dags/crawl_categories_dag.py                           1           0  0.37s           2025-03-10T10:39:34                      12
================================================================================
[2025-03-10T10:40:08.996+0000] {manager.py:997} INFO - 
================================================================================
DAG File Processing Stats

File Path                                  PID    Runtime      # DAGs    # Errors  Last Runtime    Last Run               Last # of DB Queries
-----------------------------------------  -----  ---------  --------  ----------  --------------  -------------------  ----------------------
/opt/airflow/dags/crawl_categories_dag.py                           1           0  0.36s           2025-03-10T10:40:05                      12
================================================================================
[2025-03-10T10:40:41.169+0000] {manager.py:997} INFO - 
================================================================================
DAG File Processing Stats

File Path                                  PID    Runtime      # DAGs    # Errors  Last Runtime    Last Run               Last # of DB Queries
-----------------------------------------  -----  ---------  --------  ----------  --------------  -------------------  ----------------------
/opt/airflow/dags/crawl_categories_dag.py                           1           0  0.34s           2025-03-10T10:40:37                      12
================================================================================
[2025-03-10T10:41:13.024+0000] {manager.py:997} INFO - 
================================================================================
DAG File Processing Stats

File Path                                  PID    Runtime      # DAGs    # Errors  Last Runtime    Last Run               Last # of DB Queries
-----------------------------------------  -----  ---------  --------  ----------  --------------  -------------------  ----------------------
/opt/airflow/dags/crawl_categories_dag.py                           1           0  0.31s           2025-03-10T10:41:08                      12
================================================================================
[2025-03-10T10:41:45.161+0000] {manager.py:997} INFO - 
================================================================================
DAG File Processing Stats

File Path                                  PID    Runtime      # DAGs    # Errors  Last Runtime    Last Run               Last # of DB Queries
-----------------------------------------  -----  ---------  --------  ----------  --------------  -------------------  ----------------------
/opt/airflow/dags/crawl_categories_dag.py                           1           0  0.34s           2025-03-10T10:41:40                      12
================================================================================
[2025-03-10T10:41:57.229+0000] {manager.py:821} INFO - Searching for files in /opt/airflow/dags
[2025-03-10T10:41:57.265+0000] {manager.py:824} INFO - There are 1 files in /opt/airflow/dags
[2025-03-10T10:42:17.065+0000] {manager.py:997} INFO - 
================================================================================
DAG File Processing Stats

File Path                                  PID    Runtime      # DAGs    # Errors  Last Runtime    Last Run               Last # of DB Queries
-----------------------------------------  -----  ---------  --------  ----------  --------------  -------------------  ----------------------
/opt/airflow/dags/crawl_categories_dag.py                           1           0  0.36s           2025-03-10T10:42:12                      12
================================================================================
[2025-03-10T10:42:49.225+0000] {manager.py:997} INFO - 
================================================================================
DAG File Processing Stats

File Path                                  PID    Runtime      # DAGs    # Errors  Last Runtime    Last Run               Last # of DB Queries
-----------------------------------------  -----  ---------  --------  ----------  --------------  -------------------  ----------------------
/opt/airflow/dags/crawl_categories_dag.py                           1           0  0.35s           2025-03-10T10:42:43                      12
================================================================================
[2025-03-10T10:43:21.043+0000] {manager.py:997} INFO - 
================================================================================
DAG File Processing Stats

File Path                                  PID    Runtime      # DAGs    # Errors  Last Runtime    Last Run               Last # of DB Queries
-----------------------------------------  -----  ---------  --------  ----------  --------------  -------------------  ----------------------
/opt/airflow/dags/crawl_categories_dag.py                           1           0  0.35s           2025-03-10T10:43:15                      12
================================================================================
[2025-03-10T10:43:53.270+0000] {manager.py:997} INFO - 
================================================================================
DAG File Processing Stats

File Path                                  PID    Runtime      # DAGs    # Errors  Last Runtime    Last Run               Last # of DB Queries
-----------------------------------------  -----  ---------  --------  ----------  --------------  -------------------  ----------------------
/opt/airflow/dags/crawl_categories_dag.py                           1           0  0.35s           2025-03-10T10:43:46                      12
================================================================================
[2025-03-10T10:44:25.453+0000] {manager.py:997} INFO - 
================================================================================
DAG File Processing Stats

File Path                                  PID    Runtime      # DAGs    # Errors  Last Runtime    Last Run               Last # of DB Queries
-----------------------------------------  -----  ---------  --------  ----------  --------------  -------------------  ----------------------
/opt/airflow/dags/crawl_categories_dag.py                           1           0  0.38s           2025-03-10T10:44:18                      12
================================================================================
[2025-03-10T10:44:57.297+0000] {manager.py:997} INFO - 
================================================================================
DAG File Processing Stats

File Path                                  PID    Runtime      # DAGs    # Errors  Last Runtime    Last Run               Last # of DB Queries
-----------------------------------------  -----  ---------  --------  ----------  --------------  -------------------  ----------------------
/opt/airflow/dags/crawl_categories_dag.py                           1           0  0.42s           2025-03-10T10:44:50                      12
================================================================================
[2025-03-10T10:45:00.670+0000] {manager.py:465} INFO - Exiting gracefully upon receiving signal 15
