[2025-03-05T13:28:58.900+0000] {local_task_job_runner.py:123} INFO - ::group::Pre task execution logs
[2025-03-05T13:28:58.944+0000] {taskinstance.py:2614} INFO - Dependencies all met for dep_context=non-requeueable deps ti=<TaskInstance: bash_command_dag.list_files scheduled__2025-03-04T00:00:00+00:00 [queued]>
[2025-03-05T13:28:58.963+0000] {taskinstance.py:2614} INFO - Dependencies all met for dep_context=requeueable deps ti=<TaskInstance: bash_command_dag.list_files scheduled__2025-03-04T00:00:00+00:00 [queued]>
[2025-03-05T13:28:58.964+0000] {taskinstance.py:2867} INFO - Starting attempt 1 of 2
[2025-03-05T13:28:58.992+0000] {taskinstance.py:2890} INFO - Executing <Task(BashOperator): list_files> on 2025-03-04 00:00:00+00:00
[2025-03-05T13:28:59.008+0000] {logging_mixin.py:190} WARNING - /home/***/.local/lib/python3.12/site-packages/***/task/task_runner/standard_task_runner.py:70 DeprecationWarning: This process (pid=185) is multi-threaded, use of fork() may lead to deadlocks in the child.
[2025-03-05T13:28:59.011+0000] {standard_task_runner.py:72} INFO - Started process 186 to run task
[2025-03-05T13:28:59.009+0000] {standard_task_runner.py:104} INFO - Running: ['***', 'tasks', 'run', 'bash_command_dag', 'list_files', 'scheduled__2025-03-04T00:00:00+00:00', '--job-id', '27', '--raw', '--subdir', 'DAGS_FOLDER/test_dag.py', '--cfg-path', '/tmp/tmph_v8vfr2']
[2025-03-05T13:28:59.015+0000] {standard_task_runner.py:105} INFO - Job 27: Subtask list_files
[2025-03-05T13:28:59.043+0000] {logging_mixin.py:190} WARNING - /home/***/.local/lib/python3.12/site-packages/***/settings.py:209 DeprecationWarning: The sql_alchemy_conn option in [core] has been moved to the sql_alchemy_conn option in [database] - the old setting has been used, but please update your config.
[2025-03-05T13:28:59.112+0000] {task_command.py:467} INFO - Running <TaskInstance: bash_command_dag.list_files scheduled__2025-03-04T00:00:00+00:00 [running]> on host 0dad6d57031a
[2025-03-05T13:28:59.115+0000] {logging_mixin.py:190} WARNING - /home/***/.local/lib/python3.12/site-packages/***/settings.py:470 DeprecationWarning: The sql_alchemy_conn option in [core] has been moved to the sql_alchemy_conn option in [database] - the old setting has been used, but please update your config.
[2025-03-05T13:28:59.313+0000] {taskinstance.py:3134} INFO - Exporting env vars: AIRFLOW_CTX_DAG_OWNER='***' AIRFLOW_CTX_DAG_ID='bash_command_dag' AIRFLOW_CTX_TASK_ID='list_files' AIRFLOW_CTX_EXECUTION_DATE='2025-03-04T00:00:00+00:00' AIRFLOW_CTX_TRY_NUMBER='1' AIRFLOW_CTX_DAG_RUN_ID='scheduled__2025-03-04T00:00:00+00:00'
[2025-03-05T13:28:59.314+0000] {taskinstance.py:732} INFO - ::endgroup::
[2025-03-05T13:28:59.342+0000] {subprocess.py:78} INFO - Tmp dir root location: /tmp
[2025-03-05T13:28:59.344+0000] {subprocess.py:88} INFO - Running command: ['/usr/bin/bash', '-c', 'ls -l /opt/***/dags']
[2025-03-05T13:28:59.357+0000] {subprocess.py:99} INFO - Output:
[2025-03-05T13:28:59.380+0000] {subprocess.py:106} INFO - total 8
[2025-03-05T13:28:59.382+0000] {subprocess.py:106} INFO - drwxrwxr-x 1 root root 4096 Mar  4 15:46 __pycache__
[2025-03-05T13:28:59.382+0000] {subprocess.py:106} INFO - drwxrwxr-x 1 root root 4096 Mar  4 15:46 categories
[2025-03-05T13:28:59.383+0000] {subprocess.py:106} INFO - -rwxrwxrwx 1 root root 2381 Mar  4 15:46 crawl_categories_dag.py
[2025-03-05T13:28:59.384+0000] {subprocess.py:106} INFO - -rwxrwxrwx 1 root root  881 Mar  4 15:07 test_dag.py
[2025-03-05T13:28:59.385+0000] {subprocess.py:110} INFO - Command exited with return code 0
[2025-03-05T13:28:59.425+0000] {taskinstance.py:341} INFO - ::group::Post task execution logs
[2025-03-05T13:28:59.427+0000] {taskinstance.py:353} INFO - Marking task as SUCCESS. dag_id=bash_command_dag, task_id=list_files, run_id=scheduled__2025-03-04T00:00:00+00:00, execution_date=20250304T000000, start_date=20250305T132858, end_date=20250305T132859
[2025-03-05T13:28:59.510+0000] {local_task_job_runner.py:266} INFO - Task exited with return code 0
[2025-03-05T13:28:59.547+0000] {taskinstance.py:3901} INFO - 1 downstream tasks scheduled from follow-on schedule check
[2025-03-05T13:28:59.550+0000] {local_task_job_runner.py:245} INFO - ::endgroup::
