[2025-03-04T15:25:40.628+0000] {local_task_job_runner.py:123} INFO - ::group::Pre task execution logs
[2025-03-04T15:25:40.659+0000] {taskinstance.py:2614} INFO - Dependencies all met for dep_context=non-requeueable deps ti=<TaskInstance: crawl_categories_dag.crawl_categories manual__2025-03-04T15:25:39.300498+00:00 [queued]>
[2025-03-04T15:25:40.673+0000] {taskinstance.py:2614} INFO - Dependencies all met for dep_context=requeueable deps ti=<TaskInstance: crawl_categories_dag.crawl_categories manual__2025-03-04T15:25:39.300498+00:00 [queued]>
[2025-03-04T15:25:40.675+0000] {taskinstance.py:2867} INFO - Starting attempt 1 of 2
[2025-03-04T15:25:40.700+0000] {taskinstance.py:2890} INFO - Executing <Task(PythonOperator): crawl_categories> on 2025-03-04 15:25:39.300498+00:00
[2025-03-04T15:25:40.718+0000] {logging_mixin.py:190} WARNING - /home/***/.local/lib/python3.12/site-packages/***/task/task_runner/standard_task_runner.py:70 DeprecationWarning: This process (pid=424) is multi-threaded, use of fork() may lead to deadlocks in the child.
[2025-03-04T15:25:40.724+0000] {standard_task_runner.py:72} INFO - Started process 428 to run task
[2025-03-04T15:25:40.717+0000] {standard_task_runner.py:104} INFO - Running: ['***', 'tasks', 'run', 'crawl_categories_dag', 'crawl_categories', 'manual__2025-03-04T15:25:39.300498+00:00', '--job-id', '13', '--raw', '--subdir', 'DAGS_FOLDER/crawl_categories_dag.py', '--cfg-path', '/tmp/tmphowu7uii']
[2025-03-04T15:25:40.725+0000] {standard_task_runner.py:105} INFO - Job 13: Subtask crawl_categories
[2025-03-04T15:25:40.753+0000] {logging_mixin.py:190} WARNING - /home/***/.local/lib/python3.12/site-packages/***/settings.py:209 DeprecationWarning: The sql_alchemy_conn option in [core] has been moved to the sql_alchemy_conn option in [database] - the old setting has been used, but please update your config.
[2025-03-04T15:25:40.815+0000] {task_command.py:467} INFO - Running <TaskInstance: crawl_categories_dag.crawl_categories manual__2025-03-04T15:25:39.300498+00:00 [running]> on host 73a9eacd9382
[2025-03-04T15:25:40.980+0000] {taskinstance.py:3134} INFO - Exporting env vars: AIRFLOW_CTX_DAG_OWNER='***' AIRFLOW_CTX_DAG_ID='crawl_categories_dag' AIRFLOW_CTX_TASK_ID='crawl_categories' AIRFLOW_CTX_EXECUTION_DATE='2025-03-04T15:25:39.300498+00:00' AIRFLOW_CTX_TRY_NUMBER='1' AIRFLOW_CTX_DAG_RUN_ID='manual__2025-03-04T15:25:39.300498+00:00'
[2025-03-04T15:25:40.984+0000] {taskinstance.py:732} INFO - ::endgroup::
[2025-03-04T15:25:41.333+0000] {logging_mixin.py:190} INFO - Không tìm thấy div chứa danh mục
[2025-03-04T15:25:41.335+0000] {python.py:240} INFO - Done. Returned value was: None
[2025-03-04T15:25:41.359+0000] {taskinstance.py:341} INFO - ::group::Post task execution logs
[2025-03-04T15:25:41.360+0000] {taskinstance.py:353} INFO - Marking task as SUCCESS. dag_id=crawl_categories_dag, task_id=crawl_categories, run_id=manual__2025-03-04T15:25:39.300498+00:00, execution_date=20250304T152539, start_date=20250304T152540, end_date=20250304T152541
[2025-03-04T15:25:41.465+0000] {local_task_job_runner.py:266} INFO - Task exited with return code 0
[2025-03-04T15:25:41.496+0000] {taskinstance.py:3901} INFO - 0 downstream tasks scheduled from follow-on schedule check
[2025-03-04T15:25:41.502+0000] {local_task_job_runner.py:245} INFO - ::endgroup::
